Software Version            : FRANz 1.2.3
Dataset                     : cluster_3
Time of Data Analysis       : Thu Mar 16 03:40:03 2023


*** MCMC Parameters ***

Seed                         : 1678963201
Update Allele Frequencies    : No
Gibbs sample missing data    : No
Check for Pedigree cycles    : Yes


*** Simulated Annealing specific Parameters ***

Initial acceptance rate chi  : 0.950
Neighborhood Size Factor beta: 3.000
Increment delta              : 0.100000
Converge event number        : 3
Converge tolerance epsilon   : 0.001

Calculated Parameters     
  Neighboorhood Size         : 701
  Initial temperature c0     : 74.000000


*** Metropolis Hastings specific Parameters ***

Burnin Iterations            : 500000
Iterations                   : 3000000
Sample frequency             : 10
MCMCMC Swap frequency        : 25
MCMCMC Number of swaps       : -1 (-1 == number threads)
MCMCMC Temperature           : 0.500


*** Data Parameters ***

  Nfmax                      : 210
  Nmmax                      : 210

 +------------+------------+------------+------------+----------+----------+-------+---------+---------+--------+
 |      Stage |  Iteration | Best Score |    Average |    Sigma |     Temp | Ratio |     x_f |     x_m | Thread |
 +------------+------------+------------+------------+----------+----------+-------+---------+---------+--------+
 |          1 |          0 |   -318.677 |   -360.597 |   21.121 |   74.000 |  0.67 |   1.815 |   1.815 |      0 |
 |          2 |       2103 |   -299.880 |   -357.077 |   15.982 |   66.588 |  0.67 |   1.992 |   1.992 |      0 |
 |          3 |       4205 |   -299.434 |   -359.586 |   20.523 |   58.804 |  0.68 |   3.137 |   3.137 |      0 |
 |          4 |       6307 |   -299.434 |   -356.519 |   15.950 |   53.898 |  0.68 |   1.098 |   1.098 |      0 |
 |          5 |       8409 |   -299.434 |   -358.454 |   18.918 |   48.673 |  0.66 |   0.390 |   0.390 |      0 |
 |          6 |      10511 |   -297.748 |   -356.506 |   15.654 |   44.995 |  0.65 |   3.812 |   3.812 |      0 |
 |          7 |      12613 |   -297.748 |   -343.825 |   21.913 |   41.230 |  0.66 |   2.938 |   2.938 |      0 |
 |          8 |      14715 |   -297.748 |   -374.557 |   23.505 |   38.904 |  0.63 |   0.891 |   0.891 |      0 |
 |          9 |      16817 |   -297.748 |   -353.015 |   22.270 |   36.961 |  0.65 |   3.869 |   3.869 |      0 |
 |         10 |      18919 |   -297.278 |   -343.561 |   14.564 |   35.109 |  0.66 |   1.329 |   1.329 |      0 |
 |         11 |      21021 |   -297.278 |   -351.362 |   16.896 |   32.612 |  0.64 |   1.936 |   1.936 |      0 |
 |         12 |      23123 |   -297.278 |   -353.521 |   18.074 |   30.727 |  0.65 |   1.610 |   1.610 |      0 |
 |         13 |      25225 |   -297.278 |   -355.815 |   16.521 |   29.153 |  0.65 |   0.859 |   0.859 |      0 |
 |         14 |      27327 |   -296.619 |   -346.095 |   18.818 |   27.605 |  0.63 |   3.115 |   3.115 |      0 |
 |         15 |      29429 |   -296.619 |   -354.052 |   17.272 |   26.376 |  0.64 |   1.097 |   1.097 |      0 |
 |         16 |      31531 |   -296.619 |   -357.916 |   18.427 |   25.156 |  0.64 |   1.400 |   1.400 |      0 |
 |         17 |      33633 |   -296.619 |   -356.543 |   17.636 |   24.110 |  0.64 |   0.636 |   0.636 |      0 |
 |         18 |      35735 |   -295.613 |   -353.548 |   24.093 |   23.106 |  0.64 |   2.465 |   2.465 |      0 |
 |         19 |      37837 |   -295.613 |   -354.660 |   24.949 |   22.423 |  0.64 |   0.468 |   0.468 |      0 |
 |         20 |      39939 |   -295.613 |   -344.403 |   23.272 |   21.801 |  0.65 |   2.828 |   2.828 |      0 |
 |         21 |      42041 |   -295.613 |   -344.996 |   17.232 |   21.171 |  0.63 |   1.687 |   1.687 |      0 |
 |         22 |      44143 |   -293.568 |   -347.346 |   20.353 |   20.375 |  0.67 |   0.959 |   0.959 |      0 |
 |         23 |      46245 |   -293.568 |   -351.856 |   18.026 |   19.747 |  0.63 |   0.984 |   0.984 |      0 |
 |         24 |      48347 |   -272.238 |   -338.452 |   23.992 |   19.083 |  0.65 |   2.748 |   2.748 |      0 |
 |         25 |      50449 |   -272.238 |   -338.780 |   16.096 |   18.613 |  0.64 |   3.182 |   3.182 |      0 |
 |         26 |      52551 |   -272.238 |   -342.378 |   19.275 |   17.953 |  0.65 |   3.981 |   3.981 |      0 |
 |         27 |      54653 |   -272.238 |   -338.211 |   18.802 |   17.437 |  0.65 |   2.193 |   2.193 |      0 |
 |         28 |      56755 |   -272.238 |   -334.786 |   16.690 |   16.938 |  0.63 |   0.879 |   0.879 |      0 |
 |         29 |      58857 |   -272.238 |   -327.308 |   19.647 |   16.409 |  0.64 |   3.182 |   3.182 |      0 |
 |         30 |      60959 |   -272.238 |   -338.605 |   15.912 |   15.985 |  0.65 |   1.268 |   1.268 |      0 |
 |         31 |      63061 |   -272.238 |   -341.488 |   20.359 |   15.490 |  0.64 |   3.715 |   3.715 |      0 |
 |         32 |      65163 |   -272.238 |   -334.821 |   18.652 |   15.125 |  0.63 |   1.404 |   1.404 |      0 |
 |         33 |      67265 |   -272.238 |   -331.343 |   13.624 |   14.745 |  0.63 |   0.741 |   0.741 |      0 |
 |         34 |      69367 |   -272.238 |   -330.025 |   17.245 |   14.255 |  0.65 |   1.232 |   1.232 |      0 |
 |         35 |      71469 |   -272.238 |   -330.698 |   17.395 |   13.890 |  0.61 |   3.546 |   3.546 |      0 |
 |         36 |      73571 |   -272.238 |   -331.675 |   15.296 |   13.546 |  0.62 |   0.569 |   0.569 |      0 |
 |         37 |      75673 |   -272.238 |   -334.393 |   21.939 |   13.176 |  0.61 |   2.949 |   2.949 |      0 |
 |         38 |      77775 |   -272.238 |   -334.578 |   23.922 |   12.929 |  0.62 |   1.018 |   1.018 |      0 |
 |         39 |      79877 |   -272.238 |   -322.732 |   17.667 |   12.711 |  0.61 |   0.621 |   0.621 |      0 |
 |         40 |      81979 |   -272.238 |   -328.783 |   16.208 |   12.427 |  0.60 |   0.929 |   0.929 |      0 |
 |         41 |      84081 |   -272.238 |   -328.831 |   18.184 |   12.131 |  0.61 |   2.171 |   2.171 |      0 |
 |         42 |      86183 |   -272.238 |   -330.313 |   18.364 |   11.879 |  0.61 |   2.500 |   2.500 |      0 |
 |         43 |      88285 |   -272.238 |   -327.469 |   17.958 |   11.640 |  0.62 |   2.440 |   2.440 |      0 |
 |         44 |      90387 |   -272.238 |   -326.640 |   22.120 |   11.405 |  0.60 |   2.015 |   2.015 |      0 |
 |         45 |      92489 |   -272.238 |   -329.941 |   17.494 |   11.222 |  0.63 |   2.614 |   2.614 |      0 |
 |         46 |      94591 |   -272.238 |   -334.019 |   15.008 |   10.997 |  0.60 |   1.974 |   1.974 |      0 |
 |         47 |      96693 |   -272.238 |   -324.155 |   21.799 |   10.747 |  0.61 |   3.641 |   3.641 |      0 |
 |         48 |      98795 |   -272.238 |   -328.817 |   17.220 |   10.582 |  0.63 |   3.725 |   3.725 |      0 |
 |         49 |     100897 |   -272.238 |   -322.333 |   22.174 |   10.379 |  0.62 |   3.334 |   3.334 |      0 |
 |         50 |     102999 |   -272.238 |   -332.411 |   19.354 |   10.227 |  0.60 |   0.843 |   0.843 |      0 |
 |         51 |     105101 |   -272.238 |   -324.638 |   16.887 |   10.058 |  0.59 |   3.924 |   3.924 |      0 |
 |         52 |     107203 |   -272.238 |   -319.662 |   17.322 |    9.871 |  0.59 |   3.049 |   3.049 |      0 |
 |         53 |     109305 |   -272.238 |   -321.832 |   12.695 |    9.696 |  0.61 |   3.245 |   3.245 |      0 |
 |         54 |     111407 |   -272.238 |   -318.081 |   12.724 |    9.466 |  0.60 |   1.609 |   1.609 |      0 |
 |         55 |     113509 |   -266.181 |   -312.805 |   18.843 |    9.247 |  0.59 |   2.477 |   2.477 |      0 |
 |         56 |     115611 |   -266.181 |   -320.046 |   18.267 |    9.105 |  0.61 |   1.302 |   1.302 |      0 |
 |         57 |     117713 |   -266.181 |   -314.286 |   14.931 |    8.963 |  0.59 |   0.628 |   0.628 |      0 |
 |         58 |     119815 |   -266.181 |   -321.654 |   18.441 |    8.796 |  0.61 |   0.449 |   0.449 |      0 |
 |         59 |     121917 |   -266.181 |   -317.210 |   15.291 |    8.664 |  0.58 |   2.725 |   2.725 |      0 |
 |         60 |     124019 |   -266.181 |   -316.951 |   12.525 |    8.511 |  0.58 |   3.754 |   3.754 |      0 |
 |         61 |     126121 |   -266.181 |   -324.909 |   20.726 |    8.331 |  0.59 |   1.736 |   1.736 |      0 |
 |         62 |     128223 |   -266.181 |   -318.634 |   17.564 |    8.226 |  0.61 |   1.614 |   1.614 |      0 |
 |         63 |     130325 |   -266.181 |   -323.131 |   13.357 |    8.106 |  0.59 |   1.659 |   1.659 |      0 |
 |         64 |     132427 |   -266.181 |   -318.059 |   17.225 |    7.952 |  0.56 |   1.963 |   1.963 |      0 |
 |         65 |     134529 |   -266.181 |   -321.338 |   24.998 |    7.837 |  0.60 |   3.033 |   3.033 |      0 |
 |         66 |     136631 |   -266.181 |   -312.254 |   17.180 |    7.760 |  0.59 |   3.483 |   3.483 |      0 |
 |         67 |     138733 |   -266.181 |   -312.437 |   16.276 |    7.650 |  0.59 |   2.160 |   2.160 |      0 |
 |         68 |     140835 |   -266.181 |   -318.115 |   18.044 |    7.538 |  0.57 |   2.948 |   2.948 |      0 |
 |         69 |     142937 |   -265.622 |   -318.478 |   19.330 |    7.439 |  0.58 |   1.883 |   1.883 |      0 |
 |         70 |     145039 |   -265.622 |   -323.900 |   14.434 |    7.349 |  0.57 |   2.601 |   2.601 |      0 |
 |         71 |     147141 |   -265.622 |   -310.746 |   13.917 |    7.232 |  0.58 |   2.824 |   2.824 |      0 |
 |         72 |     149243 |   -265.622 |   -317.746 |   15.695 |    7.115 |  0.56 |   2.166 |   2.166 |      0 |
 |         73 |     151345 |   -265.622 |   -311.582 |   17.055 |    7.014 |  0.57 |   1.069 |   1.069 |      0 |
 |         74 |     153447 |   -265.622 |   -310.532 |   17.496 |    6.923 |  0.55 |   0.768 |   0.768 |      0 |
 |         75 |     155549 |   -265.622 |   -308.609 |   12.344 |    6.837 |  0.56 |   0.299 |   0.299 |      0 |
 |         76 |     157651 |   -265.622 |   -313.964 |   15.814 |    6.719 |  0.54 |   3.769 |   3.769 |      0 |
 |         77 |     159753 |   -252.945 |   -301.738 |   18.457 |    6.630 |  0.55 |   3.962 |   3.962 |      0 |
 |         78 |     161855 |   -249.306 |   -292.271 |   15.392 |    6.555 |  0.57 |   0.606 |   0.606 |      0 |
 |         79 |     163957 |   -249.306 |   -314.296 |   20.874 |    6.467 |  0.56 |   0.709 |   0.709 |      0 |
 |         80 |     166059 |   -249.306 |   -307.352 |   18.660 |    6.404 |  0.58 |   3.028 |   3.028 |      0 |
 |         81 |     168161 |   -249.306 |   -304.906 |   16.624 |    6.335 |  0.56 |   1.712 |   1.712 |      0 |
 |         82 |     170263 |   -249.306 |   -319.159 |   13.996 |    6.259 |  0.58 |   1.901 |   1.901 |      0 |
 |         83 |     172365 |   -249.306 |   -297.862 |   16.690 |    6.172 |  0.56 |   1.416 |   1.416 |      0 |
 |         84 |     174467 |   -249.306 |   -297.120 |   12.358 |    6.100 |  0.55 |   3.092 |   3.092 |      0 |
 |         85 |     176569 |   -249.306 |   -305.998 |   16.162 |    6.006 |  0.56 |   1.988 |   1.988 |      0 |
 |         86 |     178671 |   -249.306 |   -300.168 |   13.089 |    5.936 |  0.58 |   2.835 |   2.835 |      0 |
 |         87 |     180773 |   -249.306 |   -318.104 |   14.601 |    5.851 |  0.56 |   2.316 |   2.316 |      0 |
 |         88 |     182875 |   -249.306 |   -307.168 |   13.946 |    5.778 |  0.56 |   1.609 |   1.609 |      0 |
 |         89 |     184977 |   -249.306 |   -309.549 |   17.930 |    5.703 |  0.57 |   3.884 |   3.884 |      0 |
 |         90 |     187079 |   -249.306 |   -301.289 |   14.995 |    5.646 |  0.53 |   0.726 |   0.726 |      0 |
 |         91 |     189181 |   -249.306 |   -306.436 |   16.980 |    5.579 |  0.55 |   0.700 |   0.700 |      0 |
 |         92 |     191283 |   -249.306 |   -315.086 |   16.976 |    5.521 |  0.54 |   0.565 |   0.565 |      0 |
 |         93 |     193385 |   -249.306 |   -305.238 |   16.838 |    5.465 |  0.53 |   0.553 |   0.553 |      0 |
 |         94 |     195487 |   -245.995 |   -305.738 |   17.446 |    5.409 |  0.57 |   3.981 |   3.981 |      0 |
 |         95 |     197589 |   -245.995 |   -299.036 |   16.286 |    5.356 |  0.55 |   1.401 |   1.401 |      0 |
 |         96 |     199691 |   -245.995 |   -292.296 |   11.125 |    5.301 |  0.56 |   3.231 |   3.231 |      0 |
 |         97 |     201793 |   -245.995 |   -304.928 |   18.701 |    5.222 |  0.54 |   1.507 |   1.507 |      0 |
 |         98 |     203895 |   -245.995 |   -304.521 |   12.687 |    5.176 |  0.54 |   2.242 |   2.242 |      0 |
 |         99 |     205997 |   -245.995 |   -307.395 |   15.456 |    5.110 |  0.55 |   3.785 |   3.785 |      0 |
 |        100 |     208099 |   -245.995 |   -297.355 |   18.244 |    5.057 |  0.53 |   0.874 |   0.874 |      0 |
 |        101 |     210201 |   -245.995 |   -296.058 |   14.931 |    5.013 |  0.53 |   2.082 |   2.082 |      0 |
 |        102 |     212303 |   -245.995 |   -292.760 |   12.255 |    4.960 |  0.53 |   0.469 |   0.469 |      0 |
 |        103 |     214405 |   -245.995 |   -305.102 |   16.011 |    4.897 |  0.55 |   0.501 |   0.501 |      0 |
 |        104 |     216507 |   -245.995 |   -302.160 |   13.736 |    4.850 |  0.52 |   3.408 |   3.408 |      0 |
 |        105 |     218609 |   -245.995 |   -298.121 |   15.615 |    4.796 |  0.55 |   1.658 |   1.658 |      0 |
 |        106 |     220711 |   -245.995 |   -289.308 |   13.174 |    4.749 |  0.53 |   2.137 |   2.137 |      0 |
 |        107 |     222813 |   -245.995 |   -298.363 |   17.456 |    4.696 |  0.54 |   3.655 |   3.655 |      0 |
 |        108 |     224915 |   -245.995 |   -296.017 |   15.206 |    4.656 |  0.55 |   3.375 |   3.375 |      0 |
 |        109 |     227017 |   -245.995 |   -301.104 |   18.016 |    4.611 |  0.51 |   2.074 |   2.074 |      0 |
 |        110 |     229119 |   -245.995 |   -292.230 |   12.319 |    4.574 |  0.53 |   2.490 |   2.490 |      0 |
 |        111 |     231221 |   -245.995 |   -291.715 |   13.291 |    4.521 |  0.54 |   0.536 |   0.536 |      0 |
 |        112 |     233323 |   -245.995 |   -288.988 |   15.811 |    4.472 |  0.51 |   1.600 |   1.600 |      0 |
 |        113 |     235425 |   -245.995 |   -288.840 |   15.074 |    4.432 |  0.52 |   0.681 |   0.681 |      0 |
 |        114 |     237527 |   -245.995 |   -302.012 |   14.932 |    4.391 |  0.51 |   2.315 |   2.315 |      0 |
 |        115 |     239629 |   -245.656 |   -281.396 |   14.618 |    4.351 |  0.51 |   3.196 |   3.196 |      0 |
 |        116 |     241731 |   -245.656 |   -293.272 |   11.613 |    4.310 |  0.54 |   1.227 |   1.227 |      0 |
 |        117 |     243833 |   -245.656 |   -293.070 |   13.676 |    4.260 |  0.54 |   1.919 |   1.919 |      0 |
 |        118 |     245935 |   -245.656 |   -294.864 |   16.530 |    4.218 |  0.52 |   2.679 |   2.679 |      0 |
 |        119 |     248037 |   -245.656 |   -292.165 |   15.878 |    4.184 |  0.52 |   3.700 |   3.700 |      0 |
 |        120 |     250139 |   -245.656 |   -291.900 |   14.227 |    4.149 |  0.51 |   1.139 |   1.139 |      0 |
 |        121 |     252241 |   -245.656 |   -283.342 |   13.693 |    4.111 |  0.52 |   0.730 |   0.730 |      0 |
 |        122 |     254343 |   -241.206 |   -284.418 |   14.304 |    4.072 |  0.50 |   0.751 |   0.751 |      0 |
 |        123 |     256445 |   -241.206 |   -279.823 |   11.374 |    4.036 |  0.48 |   0.677 |   0.677 |      0 |
 |        124 |     258547 |   -241.206 |   -284.296 |   11.533 |    3.991 |  0.50 |   1.227 |   1.227 |      0 |
 |        125 |     260649 |   -241.206 |   -277.689 |   13.224 |    3.947 |  0.50 |   3.905 |   3.905 |      0 |
 |        126 |     262751 |   -241.206 |   -288.504 |   13.912 |    3.910 |  0.51 |   3.265 |   3.265 |      0 |
 |        127 |     264853 |   -241.206 |   -285.564 |   14.126 |    3.876 |  0.51 |   3.279 |   3.279 |      0 |
 |        128 |     266955 |   -241.206 |   -290.536 |   16.222 |    3.842 |  0.51 |   2.666 |   2.666 |      0 |
 |        129 |     269057 |   -241.206 |   -292.736 |   15.385 |    3.814 |  0.51 |   2.462 |   2.462 |      0 |
 |        130 |     271159 |   -241.206 |   -284.171 |   12.724 |    3.784 |  0.49 |   1.557 |   1.557 |      0 |
 |        131 |     273261 |   -241.206 |   -284.562 |   15.698 |    3.748 |  0.52 |   2.698 |   2.698 |      0 |
 |        132 |     275363 |   -241.206 |   -276.158 |    9.697 |    3.720 |  0.48 |   2.783 |   2.783 |      0 |
 |        133 |     277465 |   -241.206 |   -285.378 |   12.206 |    3.675 |  0.51 |   1.132 |   1.132 |      0 |
 |        134 |     279567 |   -241.206 |   -287.664 |   13.196 |    3.641 |  0.46 |   3.853 |   3.853 |      0 |
 |        135 |     281669 |   -241.206 |   -282.965 |   12.430 |    3.609 |  0.49 |   1.467 |   1.467 |      0 |
 |        136 |     283771 |   -241.206 |   -277.975 |   10.485 |    3.576 |  0.50 |   2.029 |   2.029 |      0 |
 |        137 |     285873 |   -241.206 |   -286.562 |   13.083 |    3.538 |  0.49 |   1.280 |   1.280 |      0 |
 |        138 |     287975 |   -241.206 |   -276.664 |    9.233 |    3.507 |  0.50 |   0.505 |   0.505 |      0 |
 |        139 |     290077 |   -235.918 |   -281.273 |   12.930 |    3.466 |  0.48 |   1.580 |   1.580 |      0 |
 |        140 |     292179 |   -235.918 |   -285.869 |   13.307 |    3.436 |  0.45 |   0.599 |   0.599 |      0 |
 |        141 |     294281 |   -235.918 |   -273.249 |   11.826 |    3.408 |  0.47 |   1.449 |   1.449 |      0 |
 |        142 |     296383 |   -235.918 |   -273.216 |   11.600 |    3.377 |  0.49 |   1.760 |   1.760 |      0 |
 |        143 |     298485 |   -235.918 |   -268.077 |   11.823 |    3.347 |  0.46 |   3.769 |   3.769 |      0 |
 |        144 |     300587 |   -235.918 |   -282.457 |   12.762 |    3.317 |  0.48 |   1.206 |   1.206 |      0 |
 |        145 |     302689 |   -235.918 |   -286.541 |   13.558 |    3.290 |  0.49 |   2.121 |   2.121 |      0 |
 |        146 |     304791 |   -235.918 |   -273.126 |   16.448 |    3.264 |  0.46 |   0.900 |   0.900 |      0 |
 |        147 |     306893 |   -235.918 |   -276.280 |   11.519 |    3.244 |  0.47 |   1.189 |   1.189 |      0 |
 |        148 |     308995 |   -235.918 |   -282.083 |   10.978 |    3.215 |  0.47 |   2.330 |   2.330 |      0 |
 |        149 |     311097 |   -235.918 |   -277.733 |   15.781 |    3.186 |  0.48 |   3.614 |   3.614 |      0 |
 |        150 |     313199 |   -235.918 |   -276.034 |   11.846 |    3.165 |  0.48 |   0.747 |   0.747 |      0 |
 |        151 |     315301 |   -235.918 |   -279.525 |   11.624 |    3.139 |  0.49 |   0.831 |   0.831 |      0 |
 |        152 |     317403 |   -235.918 |   -265.972 |   12.980 |    3.112 |  0.48 |   2.630 |   2.630 |      0 |
 |        153 |     319505 |   -235.918 |   -276.871 |   10.652 |    3.088 |  0.48 |   2.916 |   2.916 |      0 |
 |        154 |     321607 |   -235.918 |   -275.461 |   11.279 |    3.060 |  0.47 |   2.204 |   2.204 |      0 |
 |        155 |     323709 |   -235.918 |   -264.948 |   15.649 |    3.034 |  0.46 |   3.660 |   3.660 |      0 |
 |        156 |     325811 |   -235.918 |   -274.613 |   15.789 |    3.015 |  0.48 |   3.519 |   3.519 |      0 |
 |        157 |     327913 |   -235.918 |   -274.055 |   14.887 |    2.997 |  0.48 |   2.063 |   2.063 |      0 |
 |        158 |     330015 |   -235.918 |   -280.687 |   12.826 |    2.978 |  0.46 |   1.509 |   1.509 |      0 |
 |        159 |     332117 |   -235.918 |   -273.255 |    8.888 |    2.956 |  0.47 |   1.895 |   1.895 |      0 |
 |        160 |     334219 |   -235.918 |   -275.438 |   10.990 |    2.925 |  0.47 |   1.084 |   1.084 |      0 |
 |        161 |     336321 |   -235.918 |   -273.576 |    9.630 |    2.901 |  0.47 |   1.898 |   1.898 |      0 |
 |        162 |     338423 |   -235.918 |   -268.760 |    9.968 |    2.873 |  0.46 |   1.253 |   1.253 |      0 |
 |        163 |     340525 |   -235.918 |   -268.062 |   13.329 |    2.847 |  0.47 |   3.587 |   3.587 |      0 |
 |        164 |     342627 |   -235.918 |   -266.802 |   11.675 |    2.828 |  0.48 |   3.163 |   3.163 |      0 |
 |        165 |     344729 |   -235.918 |   -282.044 |    9.402 |    2.807 |  0.49 |   1.293 |   1.293 |      0 |
 |        166 |     346831 |   -235.918 |   -265.364 |   13.604 |    2.780 |  0.44 |   2.470 |   2.470 |      0 |
 |        167 |     348933 |   -233.618 |   -263.377 |   13.865 |    2.762 |  0.47 |   3.321 |   3.321 |      0 |
 |        168 |     351035 |   -233.618 |   -268.194 |   14.507 |    2.745 |  0.47 |   2.034 |   2.034 |      0 |
 |        169 |     353137 |   -233.618 |   -268.707 |   10.708 |    2.729 |  0.45 |   3.504 |   3.504 |      0 |
 |        170 |     355239 |   -233.618 |   -269.334 |   15.491 |    2.707 |  0.45 |   3.242 |   3.242 |      0 |
 |        171 |     357341 |   -233.618 |   -263.679 |   11.621 |    2.692 |  0.44 |   2.327 |   2.327 |      0 |
 |        172 |     359443 |   -233.618 |   -273.482 |   13.207 |    2.672 |  0.45 |   2.804 |   2.804 |      0 |
 |        173 |     361545 |   -233.618 |   -260.115 |    8.858 |    2.655 |  0.44 |   2.038 |   2.038 |      0 |
 |        174 |     363647 |   -224.612 |   -257.197 |   12.388 |    2.630 |  0.45 |   2.372 |   2.372 |      0 |
 |        175 |     365749 |   -224.612 |   -268.677 |   10.253 |    2.612 |  0.44 |   2.678 |   2.678 |      0 |
 |        176 |     367851 |   -224.612 |   -271.162 |   17.899 |    2.591 |  0.46 |   0.733 |   0.733 |      0 |
 |        177 |     369953 |   -224.612 |   -273.317 |   11.869 |    2.579 |  0.45 |   3.025 |   3.025 |      0 |
 |        178 |     372055 |   -224.612 |   -262.698 |   11.985 |    2.562 |  0.41 |   1.999 |   1.999 |      0 |
 |        179 |     374157 |   -224.612 |   -268.359 |   12.511 |    2.544 |  0.43 |   3.943 |   3.943 |      0 |
 |        180 |     376259 |   -224.612 |   -266.285 |   10.447 |    2.528 |  0.45 |   3.650 |   3.650 |      0 |
 |        181 |     378361 |   -224.612 |   -267.611 |   14.076 |    2.509 |  0.43 |   0.716 |   0.716 |      0 |
 |        182 |     380463 |   -224.612 |   -256.158 |    9.737 |    2.495 |  0.41 |   1.205 |   1.205 |      0 |
 |        183 |     382565 |   -224.612 |   -258.488 |   11.525 |    2.475 |  0.42 |   1.413 |   1.413 |      0 |
 |        184 |     384667 |   -224.612 |   -260.379 |   13.533 |    2.458 |  0.44 |   2.762 |   2.762 |      0 |
 |        185 |     386769 |   -224.612 |   -259.261 |   10.651 |    2.444 |  0.42 |   1.979 |   1.979 |      0 |
 |        186 |     388871 |   -224.612 |   -262.174 |   12.804 |    2.426 |  0.44 |   2.571 |   2.571 |      0 |
 |        187 |     390973 |   -224.612 |   -258.695 |   11.648 |    2.412 |  0.42 |   0.333 |   0.333 |      0 |
 |        188 |     393075 |   -224.612 |   -262.048 |   10.760 |    2.396 |  0.42 |   0.904 |   0.904 |      0 |
 |        189 |     395177 |   -224.612 |   -263.960 |   11.607 |    2.379 |  0.42 |   3.308 |   3.308 |      0 |
 |        190 |     397279 |   -222.109 |   -266.554 |   14.555 |    2.364 |  0.43 |   0.846 |   0.846 |      0 |
 |        191 |     399381 |   -222.109 |   -259.367 |   12.169 |    2.351 |  0.45 |   0.620 |   0.620 |      0 |
 |        192 |     401483 |   -222.109 |   -261.847 |   12.477 |    2.337 |  0.42 |   2.206 |   2.206 |      0 |
 |        193 |     403585 |   -222.109 |   -262.701 |    9.327 |    2.323 |  0.43 |   3.849 |   3.849 |      0 |
 |        194 |     405687 |   -222.109 |   -260.114 |   11.097 |    2.305 |  0.40 |   0.664 |   0.664 |      0 |
 |        195 |     407789 |   -222.109 |   -253.640 |    8.718 |    2.290 |  0.41 |   1.277 |   1.277 |      0 |
 |        196 |     409891 |   -222.109 |   -248.451 |    8.021 |    2.271 |  0.42 |   2.407 |   2.407 |      0 |
 |        197 |     411993 |   -222.109 |   -259.023 |    9.804 |    2.251 |  0.44 |   0.831 |   0.831 |      0 |
 |        198 |     414095 |   -222.109 |   -258.816 |    9.464 |    2.234 |  0.41 |   3.221 |   3.221 |      0 |
 |        199 |     416197 |   -222.109 |   -256.622 |    9.179 |    2.218 |  0.40 |   2.789 |   2.789 |      0 |
 |        200 |     418299 |   -222.109 |   -247.492 |    7.923 |    2.201 |  0.40 |   3.632 |   3.632 |      0 |
 |        201 |     420401 |   -222.109 |   -263.583 |    9.222 |    2.182 |  0.41 |   1.848 |   1.848 |      0 |
 |        202 |     422503 |   -222.109 |   -249.558 |    8.667 |    2.165 |  0.40 |   0.183 |   0.183 |      0 |
 |        203 |     424605 |   -222.109 |   -253.262 |    8.144 |    2.148 |  0.40 |   1.281 |   1.281 |      0 |
 |        204 |     426707 |   -222.109 |   -251.084 |    8.170 |    2.130 |  0.39 |   1.372 |   1.372 |      0 |
 |        205 |     428809 |   -222.109 |   -252.071 |    9.601 |    2.113 |  0.42 |   0.825 |   0.825 |      0 |
 |        206 |     430911 |   -222.109 |   -257.494 |    9.143 |    2.098 |  0.40 |   1.629 |   1.629 |      0 |
 |        207 |     433013 |   -219.784 |   -247.124 |    8.996 |    2.083 |  0.39 |   3.022 |   3.022 |      0 |
 |        208 |     435115 |   -219.784 |   -248.367 |    8.964 |    2.068 |  0.38 |   3.100 |   3.100 |      0 |
 |        209 |     437217 |   -219.784 |   -258.364 |   11.223 |    2.053 |  0.41 |   2.534 |   2.534 |      0 |
 |        210 |     439319 |   -219.784 |   -250.912 |    7.057 |    2.041 |  0.40 |   1.218 |   1.218 |      0 |
 |        211 |     441421 |   -219.784 |   -249.123 |    7.261 |    2.022 |  0.39 |   3.695 |   3.695 |      0 |
 |        212 |     443523 |   -219.784 |   -252.225 |   12.172 |    2.005 |  0.41 |   0.517 |   0.517 |      0 |
 |        213 |     445625 |   -219.784 |   -245.156 |    9.872 |    1.994 |  0.36 |   2.020 |   2.020 |      0 |
 |        214 |     447727 |   -219.784 |   -249.974 |    9.682 |    1.981 |  0.37 |   0.214 |   0.214 |      0 |
 |        215 |     449829 |   -219.661 |   -244.482 |    7.581 |    1.969 |  0.38 |   2.206 |   2.206 |      0 |
 |        216 |     451931 |   -219.661 |   -246.682 |    8.060 |    1.953 |  0.39 |   0.510 |   0.510 |      0 |
 |        217 |     454033 |   -219.661 |   -244.085 |    8.804 |    1.938 |  0.37 |   3.408 |   3.408 |      0 |
 |        218 |     456135 |   -219.661 |   -242.746 |    9.384 |    1.924 |  0.36 |   0.763 |   0.763 |      0 |
 |        219 |     458237 |   -219.661 |   -246.903 |    6.694 |    1.912 |  0.37 |   2.498 |   2.498 |      0 |
 |        220 |     460339 |   -219.661 |   -251.303 |    7.779 |    1.895 |  0.39 |   0.756 |   0.756 |      0 |
 |        221 |     462441 |   -219.661 |   -243.833 |    8.779 |    1.880 |  0.41 |   0.945 |   0.945 |      0 |
 |        222 |     464543 |   -213.174 |   -239.172 |    8.344 |    1.867 |  0.37 |   1.299 |   1.299 |      0 |
 |        223 |     466645 |   -213.174 |   -246.224 |    9.470 |    1.854 |  0.38 |   0.564 |   0.564 |      0 |
 |        224 |     468747 |   -213.174 |   -244.490 |    9.848 |    1.843 |  0.37 |   0.917 |   0.917 |      0 |
 |        225 |     470849 |   -213.174 |   -247.622 |   10.159 |    1.832 |  0.36 |   0.484 |   0.484 |      0 |
 |        226 |     472951 |   -213.174 |   -250.976 |   10.281 |    1.821 |  0.38 |   3.863 |   3.863 |      0 |
 |        227 |     475053 |   -213.174 |   -245.838 |    9.220 |    1.811 |  0.38 |   3.059 |   3.059 |      0 |
 |        228 |     477155 |   -213.174 |   -239.848 |   10.097 |    1.800 |  0.35 |   3.016 |   3.016 |      0 |
 |        229 |     479257 |   -213.174 |   -243.031 |   10.425 |    1.790 |  0.37 |   3.038 |   3.038 |      0 |
 |        230 |     481359 |   -213.174 |   -244.055 |   11.588 |    1.780 |  0.39 |   2.468 |   2.468 |      0 |
 |        231 |     483461 |   -213.174 |   -245.400 |   14.048 |    1.770 |  0.38 |   1.793 |   1.793 |      0 |
 |        232 |     485563 |   -213.174 |   -238.528 |   10.398 |    1.760 |  0.37 |   0.222 |   0.222 |      0 |
 |        233 |     487665 |   -213.174 |   -251.454 |   10.153 |    1.750 |  0.36 |   2.790 |   2.790 |      0 |
 |        234 |     489767 |   -213.174 |   -241.603 |    7.638 |    1.740 |  0.39 |   2.467 |   2.467 |      0 |
 |        235 |     491869 |   -213.174 |   -250.795 |    9.589 |    1.727 |  0.39 |   3.558 |   3.558 |      0 |
 |        236 |     493971 |   -213.174 |   -233.999 |   10.263 |    1.717 |  0.35 |   1.550 |   1.550 |      0 |
 |        237 |     496073 |   -213.174 |   -245.429 |    7.406 |    1.707 |  0.35 |   2.275 |   2.275 |      0 |
 |        238 |     498175 |   -213.174 |   -237.882 |    9.631 |    1.695 |  0.37 |   2.220 |   2.220 |      0 |
 |        239 |     500277 |   -213.174 |   -241.260 |   11.306 |    1.685 |  0.34 |   1.649 |   1.649 |      0 |
 |        240 |     502379 |   -213.174 |   -244.069 |    9.741 |    1.675 |  0.35 |   3.690 |   3.690 |      0 |
 |        241 |     504481 |   -213.174 |   -242.873 |    5.980 |    1.665 |  0.35 |   3.942 |   3.942 |      0 |
 |        242 |     506583 |   -213.174 |   -240.516 |   10.449 |    1.650 |  0.35 |   2.098 |   2.098 |      0 |
 |        243 |     508685 |   -213.174 |   -247.243 |    6.878 |    1.640 |  0.35 |   2.403 |   2.403 |      0 |
 |        244 |     510787 |   -213.174 |   -247.308 |    7.442 |    1.628 |  0.35 |   3.981 |   3.981 |      0 |
 |        245 |     512889 |   -213.174 |   -243.031 |    8.129 |    1.617 |  0.35 |   2.861 |   2.861 |      0 |
 |        246 |     514991 |   -213.174 |   -246.434 |    6.744 |    1.607 |  0.37 |   3.153 |   3.153 |      0 |
 |        247 |     517093 |   -213.174 |   -236.159 |    8.538 |    1.594 |  0.36 |   0.741 |   0.741 |      0 |
 |        248 |     519195 |   -213.174 |   -234.782 |    7.599 |    1.584 |  0.34 |   3.908 |   3.908 |      0 |
 |        249 |     521297 |   -213.174 |   -238.190 |   10.630 |    1.574 |  0.34 |   1.458 |   1.458 |      0 |
 |        250 |     523399 |   -213.174 |   -237.092 |    8.508 |    1.564 |  0.33 |   0.208 |   0.208 |      0 |
 |        251 |     525501 |   -213.174 |   -240.581 |    7.505 |    1.554 |  0.35 |   1.809 |   1.809 |      0 |
 |        252 |     527603 |   -213.174 |   -237.162 |    8.092 |    1.544 |  0.34 |   1.851 |   1.851 |      0 |
 |        253 |     529705 |   -213.174 |   -241.461 |    7.259 |    1.534 |  0.36 |   1.468 |   1.468 |      0 |
 |        254 |     531807 |   -213.174 |   -237.982 |    8.812 |    1.524 |  0.36 |   2.211 |   2.211 |      0 |
 |        255 |     533909 |   -213.174 |   -237.176 |    7.899 |    1.514 |  0.34 |   0.493 |   0.493 |      0 |
 |        256 |     536011 |   -213.174 |   -234.063 |    9.439 |    1.504 |  0.34 |   1.614 |   1.614 |      0 |
 |        257 |     538113 |   -213.174 |   -232.352 |    7.859 |    1.494 |  0.35 |   1.522 |   1.522 |      0 |
 |        258 |     540215 |   -213.174 |   -236.056 |    7.763 |    1.484 |  0.33 |   0.550 |   0.550 |      0 |
 |        259 |     542317 |   -213.174 |   -237.717 |    9.909 |    1.474 |  0.33 |   2.872 |   2.872 |      0 |
 |        260 |     544419 |   -213.174 |   -238.093 |    7.084 |    1.464 |  0.33 |   0.405 |   0.405 |      0 |
 |        261 |     546521 |   -213.174 |   -240.273 |    6.682 |    1.454 |  0.34 |   3.049 |   3.049 |      0 |
 |        262 |     548623 |   -213.174 |   -236.539 |    6.847 |    1.444 |  0.33 |   3.806 |   3.806 |      0 |
 |        263 |     550725 |   -213.174 |   -236.082 |    5.748 |    1.434 |  0.32 |   2.029 |   2.029 |      0 |
 |        264 |     552827 |   -213.174 |   -234.323 |    6.683 |    1.422 |  0.31 |   0.436 |   0.436 |      0 |
 |        265 |     554929 |   -213.174 |   -238.774 |    6.721 |    1.412 |  0.30 |   0.781 |   0.781 |      0 |
 |        266 |     557031 |   -213.174 |   -238.989 |    6.857 |    1.402 |  0.33 |   2.408 |   2.408 |      0 |
 |        267 |     559133 |   -213.174 |   -237.784 |    7.383 |    1.392 |  0.35 |   3.374 |   3.374 |      0 |
 |        268 |     561235 |   -211.817 |   -233.233 |    8.266 |    1.382 |  0.34 |   3.317 |   3.317 |      0 |
 |        269 |     563337 |   -211.817 |   -227.925 |    5.231 |    1.372 |  0.32 |   2.616 |   2.616 |      0 |
 |        270 |     565439 |   -211.817 |   -232.855 |    5.924 |    1.361 |  0.31 |   2.620 |   2.620 |      0 |
 |        271 |     567541 |   -211.817 |   -234.573 |    7.102 |    1.351 |  0.34 |   3.693 |   3.693 |      0 |
 |        272 |     569643 |   -211.817 |   -233.946 |    7.060 |    1.341 |  0.33 |   3.139 |   3.139 |      0 |
 |        273 |     571745 |   -211.817 |   -227.012 |    6.234 |    1.331 |  0.32 |   2.640 |   2.640 |      0 |
 |        274 |     573847 |   -211.817 |   -231.174 |    6.715 |    1.321 |  0.32 |   0.530 |   0.530 |      0 |
 |        275 |     575949 |   -211.688 |   -226.037 |    7.202 |    1.311 |  0.32 |   1.480 |   1.480 |      0 |
 |        276 |     578051 |   -211.688 |   -227.913 |    7.331 |    1.301 |  0.32 |   3.729 |   3.729 |      0 |
 |        277 |     580153 |   -209.694 |   -229.125 |    6.897 |    1.291 |  0.32 |   2.483 |   2.483 |      0 |
 |        278 |     582255 |   -209.694 |   -229.795 |    6.541 |    1.281 |  0.31 |   3.942 |   3.942 |      0 |
 |        279 |     584357 |   -209.694 |   -230.050 |    6.883 |    1.271 |  0.33 |   2.618 |   2.618 |      0 |
 |        280 |     586459 |   -209.694 |   -230.614 |   10.391 |    1.261 |  0.32 |   0.365 |   0.365 |      0 |
 |        281 |     588561 |   -209.694 |   -233.225 |    7.080 |    1.251 |  0.30 |   0.944 |   0.944 |      0 |
 |        282 |     590663 |   -209.694 |   -227.413 |    5.294 |    1.241 |  0.33 |   2.191 |   2.191 |      0 |
 |        283 |     592765 |   -209.694 |   -230.006 |    7.527 |    1.231 |  0.32 |   1.235 |   1.235 |      0 |
 |        284 |     594867 |   -209.694 |   -222.056 |    5.741 |    1.221 |  0.31 |   0.255 |   0.255 |      0 |
 |        285 |     596969 |   -209.694 |   -229.672 |   11.118 |    1.211 |  0.31 |   3.710 |   3.710 |      0 |
 |        286 |     599071 |   -209.694 |   -234.185 |    8.212 |    1.201 |  0.31 |   3.941 |   3.941 |      0 |
 |        287 |     601173 |   -209.694 |   -225.555 |    4.130 |    1.191 |  0.35 |   2.261 |   2.261 |      0 |
 |        288 |     603275 |   -209.694 |   -224.118 |    4.464 |    1.180 |  0.32 |   3.765 |   3.765 |      0 |
 |        289 |     605377 |   -209.694 |   -229.411 |    6.196 |    1.170 |  0.32 |   1.171 |   1.171 |      0 |
 |        290 |     607479 |   -209.694 |   -227.998 |    5.953 |    1.160 |  0.33 |   0.774 |   0.774 |      0 |
 |        291 |     609581 |   -209.694 |   -225.320 |    6.728 |    1.150 |  0.31 |   2.718 |   2.718 |      0 |
 |        292 |     611683 |   -209.694 |   -223.062 |    6.375 |    1.140 |  0.30 |   2.220 |   2.220 |      0 |
 |        293 |     613785 |   -209.694 |   -223.130 |    5.257 |    1.130 |  0.28 |   2.141 |   2.141 |      0 |
 |        294 |     615887 |   -209.694 |   -226.111 |    4.936 |    1.120 |  0.31 |   0.799 |   0.799 |      0 |
 |        295 |     617989 |   -209.160 |   -220.566 |    5.774 |    1.110 |  0.30 |   3.498 |   3.498 |      0 |
 |        296 |     620091 |   -207.128 |   -220.636 |    6.020 |    1.100 |  0.31 |   2.117 |   2.117 |      0 |
 |        297 |     622193 |   -207.128 |   -224.690 |    6.631 |    1.090 |  0.29 |   0.764 |   0.764 |      0 |
 |        298 |     624295 |   -207.128 |   -226.771 |    7.015 |    1.080 |  0.29 |   3.636 |   3.636 |      0 |
 |        299 |     626397 |   -207.128 |   -224.026 |    8.507 |    1.070 |  0.28 |   1.754 |   1.754 |      0 |
 |        300 |     628499 |   -207.128 |   -219.789 |    5.840 |    1.060 |  0.28 |   1.003 |   1.003 |      0 |
 |        301 |     630601 |   -207.128 |   -219.031 |    5.162 |    1.050 |  0.29 |   1.715 |   1.715 |      0 |
 |        302 |     632703 |   -207.128 |   -223.101 |    5.454 |    1.040 |  0.28 |   3.746 |   3.746 |      0 |
 |        303 |     634805 |   -207.128 |   -224.108 |    4.659 |    1.030 |  0.28 |   3.236 |   3.236 |      0 |
 |        304 |     636907 |   -207.128 |   -226.333 |    5.974 |    1.020 |  0.28 |   0.620 |   0.620 |      0 |
 |        305 |     639009 |   -207.128 |   -224.645 |    3.837 |    1.010 |  0.29 |   2.718 |   2.718 |      0 |
 |        306 |     641111 |   -207.128 |   -222.203 |    5.248 |    1.000 |  0.29 |   3.227 |   3.227 |      0 |
 |        307 |     643213 |   -207.128 |   -225.585 |    8.138 |    0.990 |  0.29 |   0.636 |   0.636 |      0 |
 |        308 |     645315 |   -205.645 |   -223.592 |    7.207 |    0.980 |  0.30 |   2.281 |   2.281 |      0 |
 |        309 |     647417 |   -205.645 |   -218.556 |    4.716 |    0.970 |  0.27 |   3.310 |   3.310 |      0 |
 |        310 |     649519 |   -205.645 |   -224.061 |    8.137 |    0.960 |  0.27 |   0.306 |   0.306 |      0 |
 |        311 |     651621 |   -205.645 |   -218.228 |    5.473 |    0.950 |  0.28 |   3.826 |   3.826 |      0 |
 |        312 |     653723 |   -205.645 |   -221.319 |    5.094 |    0.940 |  0.26 |   2.674 |   2.674 |      0 |
 |        313 |     655825 |   -205.645 |   -223.270 |    6.192 |    0.930 |  0.25 |   2.811 |   2.811 |      0 |
 |        314 |     657927 |   -205.645 |   -219.449 |    5.285 |    0.920 |  0.27 |   3.120 |   3.120 |      0 |
 |        315 |     660029 |   -205.645 |   -219.871 |    3.619 |    0.910 |  0.28 |   1.244 |   1.244 |      0 |
 |        316 |     662131 |   -205.645 |   -217.489 |    4.481 |    0.900 |  0.27 |   0.934 |   0.934 |      0 |
 |        317 |     664233 |   -205.645 |   -217.277 |    5.716 |    0.890 |  0.28 |   1.390 |   1.390 |      0 |
 |        318 |     666335 |   -205.645 |   -215.259 |    2.923 |    0.880 |  0.26 |   1.154 |   1.154 |      0 |
 |        319 |     668437 |   -205.645 |   -219.247 |    5.945 |    0.870 |  0.27 |   3.402 |   3.402 |      0 |
 |        320 |     670539 |   -205.645 |   -217.104 |    4.924 |    0.860 |  0.27 |   3.536 |   3.536 |      0 |
 |        321 |     672641 |   -205.645 |   -218.114 |    5.469 |    0.850 |  0.26 |   3.578 |   3.578 |      0 |
 |        322 |     674743 |   -205.645 |   -218.796 |    6.517 |    0.840 |  0.25 |   3.903 |   3.903 |      0 |
 |        323 |     676845 |   -205.645 |   -218.028 |    5.940 |    0.830 |  0.26 |   0.769 |   0.769 |      0 |
 |        324 |     678947 |   -205.645 |   -214.279 |    3.599 |    0.820 |  0.29 |   1.295 |   1.295 |      0 |
 |        325 |     681049 |   -205.645 |   -214.966 |    6.533 |    0.810 |  0.26 |   0.854 |   0.854 |      0 |
 |        326 |     683151 |   -205.645 |   -213.339 |    3.012 |    0.800 |  0.24 |   0.730 |   0.730 |      0 |
 |        327 |     685253 |   -205.213 |   -215.295 |    6.587 |    0.790 |  0.23 |   3.866 |   3.866 |      0 |
 |        328 |     687355 |   -205.213 |   -211.809 |    3.026 |    0.780 |  0.23 |   3.925 |   3.925 |      0 |
 |        329 |     689457 |   -205.213 |   -215.367 |    3.593 |    0.770 |  0.24 |   3.788 |   3.788 |      0 |
 |        330 |     691559 |   -205.213 |   -217.912 |    4.499 |    0.760 |  0.25 |   2.857 |   2.857 |      0 |
 |        331 |     693661 |   -205.213 |   -217.679 |    5.033 |    0.750 |  0.25 |   3.478 |   3.478 |      0 |
 |        332 |     695763 |   -205.213 |   -215.028 |    4.140 |    0.740 |  0.24 |   3.729 |   3.729 |      0 |
 |        333 |     697865 |   -205.096 |   -212.981 |    3.457 |    0.730 |  0.26 |   0.300 |   0.300 |      0 |
 |        334 |     699967 |   -205.096 |   -215.938 |    3.154 |    0.720 |  0.26 |   1.684 |   1.684 |      0 |
 |        335 |     702069 |   -205.096 |   -209.355 |    2.057 |    0.710 |  0.25 |   3.531 |   3.531 |      0 |
 |        336 |     704171 |   -205.096 |   -218.255 |    5.463 |    0.700 |  0.24 |   1.815 |   1.815 |      0 |
 |        337 |     706273 |   -205.096 |   -217.236 |    3.324 |    0.690 |  0.25 |   0.683 |   0.683 |      0 |
 |        338 |     708375 |   -205.096 |   -214.270 |    3.765 |    0.680 |  0.22 |   0.863 |   0.863 |      0 |
 |        339 |     710477 |   -205.096 |   -213.704 |    3.599 |    0.670 |  0.25 |   2.974 |   2.974 |      0 |
 |        340 |     712579 |   -205.096 |   -214.310 |    4.652 |    0.660 |  0.24 |   3.327 |   3.327 |      0 |
 |        341 |     714681 |   -205.096 |   -220.133 |    4.496 |    0.650 |  0.23 |   1.547 |   1.547 |      0 |
 |        342 |     716783 |   -205.096 |   -216.787 |    3.944 |    0.640 |  0.24 |   2.618 |   2.618 |      0 |
 |        343 |     718885 |   -205.096 |   -215.644 |    2.418 |    0.630 |  0.22 |   2.183 |   2.183 |      0 |
 |        344 |     720987 |   -205.096 |   -215.775 |    4.226 |    0.620 |  0.21 |   1.064 |   1.064 |      0 |
 |        345 |     723089 |   -205.096 |   -215.848 |    2.350 |    0.610 |  0.22 |   0.368 |   0.368 |      0 |
 |        346 |     725191 |   -205.096 |   -214.661 |    2.494 |    0.600 |  0.20 |   1.044 |   1.044 |      0 |
 |        347 |     727293 |   -205.096 |   -217.248 |    3.645 |    0.590 |  0.21 |   2.874 |   2.874 |      0 |
 |        348 |     729395 |   -205.096 |   -218.158 |    3.660 |    0.580 |  0.24 |   1.675 |   1.675 |      0 |
 |        349 |     731497 |   -205.096 |   -215.900 |    3.793 |    0.570 |  0.23 |   3.613 |   3.613 |      0 |
 |        350 |     733599 |   -205.096 |   -213.987 |    2.584 |    0.560 |  0.23 |   3.942 |   3.942 |      0 |
 |        351 |     735701 |   -205.096 |   -214.699 |    2.811 |    0.550 |  0.22 |   3.009 |   3.009 |      0 |
 |        352 |     737803 |   -205.096 |   -211.377 |    2.593 |    0.540 |  0.21 |   3.512 |   3.512 |      0 |
 |        353 |     739905 |   -205.096 |   -210.780 |    2.072 |    0.530 |  0.20 |   1.476 |   1.476 |      0 |
 |        354 |     742007 |   -205.096 |   -211.174 |    3.023 |    0.520 |  0.22 |   2.400 |   2.400 |      0 |
 |        355 |     744109 |   -205.096 |   -209.950 |    2.946 |    0.510 |  0.20 |   2.127 |   2.127 |      0 |
 |        356 |     746211 |   -205.096 |   -210.680 |    2.687 |    0.500 |  0.22 |   2.538 |   2.538 |      0 |
 |        357 |     748313 |   -205.096 |   -211.731 |    2.416 |    0.490 |  0.22 |   2.459 |   2.459 |      0 |
 |        358 |     750415 |   -205.096 |   -211.951 |    2.485 |    0.480 |  0.21 |   0.488 |   0.488 |      0 |
 |        359 |     752517 |   -205.096 |   -211.846 |    1.971 |    0.470 |  0.20 |   2.203 |   2.203 |      0 |
 |        360 |     754619 |   -205.096 |   -211.088 |    2.436 |    0.460 |  0.21 |   3.746 |   3.746 |      0 |
 |        361 |     756721 |   -205.096 |   -212.954 |    3.766 |    0.450 |  0.20 |   3.129 |   3.129 |      0 |
 |        362 |     758823 |   -205.096 |   -210.856 |    2.242 |    0.440 |  0.22 |   1.847 |   1.847 |      0 |
 |        363 |     760925 |   -205.096 |   -208.617 |    1.485 |    0.430 |  0.20 |   0.652 |   0.652 |      0 |
 |        364 |     763027 |   -205.096 |   -210.149 |    2.549 |    0.420 |  0.19 |   1.838 |   1.838 |      0 |
 |        365 |     765129 |   -205.096 |   -209.810 |    2.112 |    0.410 |  0.19 |   1.205 |   1.205 |      0 |
 |        366 |     767231 |   -205.096 |   -209.595 |    1.943 |    0.400 |  0.18 |   1.371 |   1.371 |      0 |
 |        367 |     769333 |   -204.551 |   -207.442 |    2.415 |    0.390 |  0.21 |   3.580 |   3.580 |      0 |
 |        368 |     771435 |   -204.436 |   -206.486 |    1.057 |    0.380 |  0.21 |   2.474 |   2.474 |      0 |
 |        369 |     773537 |   -204.436 |   -206.947 |    1.423 |    0.370 |  0.20 |   0.963 |   0.963 |      0 |
 |        370 |     775639 |   -204.436 |   -209.272 |    3.581 |    0.360 |  0.17 |   0.735 |   0.735 |      0 |
 |        371 |     777741 |   -204.436 |   -209.772 |    3.531 |    0.350 |  0.17 |   1.805 |   1.805 |      0 |
 |        372 |     779843 |   -204.436 |   -207.690 |    1.336 |    0.340 |  0.17 |   3.653 |   3.653 |      0 |
 |        373 |     781945 |   -204.436 |   -208.822 |    1.471 |    0.330 |  0.19 |   1.695 |   1.695 |      0 |
 |        374 |     784047 |   -204.436 |   -207.271 |    0.911 |    0.320 |  0.17 |   3.594 |   3.594 |      0 |
 |        375 |     786149 |   -204.436 |   -209.331 |    1.167 |    0.310 |  0.18 |   2.643 |   2.643 |      0 |
 |        376 |     788251 |   -204.436 |   -210.070 |    2.003 |    0.300 |  0.19 |   1.251 |   1.251 |      0 |
 |        377 |     790353 |   -204.436 |   -212.668 |    1.705 |    0.290 |  0.18 |   3.369 |   3.369 |      0 |
 |        378 |     792455 |   -204.436 |   -211.451 |    1.619 |    0.280 |  0.18 |   2.890 |   2.890 |      0 |
 |        379 |     794557 |   -204.436 |   -211.396 |    1.290 |    0.270 |  0.17 |   3.301 |   3.301 |      0 |
 |        380 |     796659 |   -204.436 |   -208.232 |    1.918 |    0.260 |  0.18 |   0.777 |   0.777 |      0 |
 |        381 |     798761 |   -204.436 |   -206.786 |    1.730 |    0.250 |  0.16 |   1.070 |   1.070 |      0 |
 |        382 |     800863 |   -204.436 |   -207.728 |    2.063 |    0.240 |  0.18 |   0.859 |   0.859 |      0 |
 |        383 |     802965 |   -204.436 |   -206.993 |    1.040 |    0.230 |  0.17 |   2.989 |   2.989 |      0 |
 |        384 |     805067 |   -204.436 |   -206.397 |    1.135 |    0.220 |  0.17 |   1.163 |   1.163 |      0 |
 |        385 |     807169 |   -204.436 |   -206.446 |    0.899 |    0.210 |  0.15 |   1.270 |   1.270 |      0 |
 |        386 |     809271 |   -204.436 |   -207.156 |    1.687 |    0.200 |  0.16 |   2.996 |   2.996 |      0 |
 |        387 |     811373 |   -204.436 |   -206.750 |    1.777 |    0.190 |  0.17 |   0.545 |   0.545 |      0 |
 |        388 |     813475 |   -204.436 |   -205.729 |    1.386 |    0.180 |  0.16 |   2.087 |   2.087 |      0 |
 |        389 |     815577 |   -204.436 |   -206.250 |    1.064 |    0.170 |  0.17 |   1.163 |   1.163 |      0 |
 |        390 |     817679 |   -204.436 |   -204.924 |    0.174 |    0.160 |  0.15 |   1.977 |   1.977 |      0 |
 |        391 |     819781 |   -204.436 |   -205.923 |    0.635 |    0.150 |  0.18 |   3.240 |   3.240 |      0 |
 |        392 |     821883 |   -204.436 |   -205.725 |    0.527 |    0.140 |  0.18 |   0.878 |   0.878 |      0 |
 |        393 |     823985 |   -204.436 |   -205.511 |    1.179 |    0.130 |  0.16 |   0.516 |   0.516 |      0 |
 |        394 |     826087 |   -204.436 |   -205.006 |    0.248 |    0.120 |  0.17 |   1.733 |   1.733 |      0 |
 |        395 |     828189 |   -204.435 |   -204.778 |    0.251 |    0.110 |  0.16 |   3.673 |   3.673 |      0 |
 |        396 |     830291 |   -204.382 |   -205.037 |    0.437 |    0.100 |  0.14 |   1.107 |   1.107 |      0 |
 |        397 |     832393 |   -204.382 |   -204.829 |    0.167 |    0.090 |  0.14 |   3.102 |   3.102 |      0 |
 |        398 |     834495 |   -204.374 |   -205.115 |    1.189 |    0.080 |  0.14 |   2.537 |   2.537 |      0 |
 |        399 |     836597 |   -204.374 |   -204.800 |    0.280 |    0.070 |  0.14 |   3.067 |   3.067 |      0 |
 |        400 |     838699 |   -204.374 |   -205.341 |    0.085 |    0.060 |  0.13 |   2.381 |   2.381 |      0 |
 |        401 |     840801 |   -204.374 |   -205.345 |    0.107 |    0.050 |  0.13 |   1.790 |   1.790 |      0 |
 |        402 |     842903 |   -204.374 |   -205.280 |    0.048 |    0.040 |  0.12 |   2.554 |   2.554 |      0 |
 |        403 |     845005 |   -204.374 |   -205.228 |    0.050 |    0.030 |  0.11 |   3.620 |   3.620 |      0 |
 |        404 |     847107 |   -204.374 |   -205.225 |    0.032 |    0.020 |  0.10 |   3.467 |   3.467 |      0 |
 |        405 |     849209 |   -204.374 |   -205.158 |    0.030 |    0.010 |  0.10 |   0.713 |   0.713 |      0 |
 |        406 |     851311 |   -204.374 |   -205.147 |    0.000 |    0.000 |  0.00 |   0.713 |   0.713 |      0 |
 |          1 |          0 |   -204.374 |   -343.924 |   26.447 |   74.000 |  0.67 |   0.449 |   0.449 |      0 |
 |          2 |       2103 |   -204.374 |   -349.545 |   16.144 |   67.959 |  0.68 |   0.770 |   0.770 |      0 |
 |          3 |       4205 |   -204.374 |   -345.589 |   24.367 |   59.942 |  0.66 |   3.147 |   3.147 |      0 |
 |          4 |       6307 |   -204.374 |   -353.434 |   16.878 |   55.597 |  0.68 |   0.524 |   0.524 |      0 |
 |          5 |       8409 |   -204.374 |   -346.488 |   17.786 |   50.330 |  0.69 |   2.066 |   2.066 |      0 |
 |          6 |      10511 |   -204.374 |   -343.504 |   24.190 |   46.178 |  0.68 |   0.734 |   0.734 |      0 |
 |          7 |      12613 |   -204.374 |   -345.729 |   16.461 |   43.538 |  0.69 |   3.466 |   3.466 |      0 |
 |          8 |      14715 |   -204.374 |   -349.850 |   18.771 |   40.163 |  0.66 |   1.267 |   1.267 |      0 |
 |          9 |      16817 |   -204.374 |   -347.186 |   19.321 |   37.607 |  0.64 |   0.654 |   0.654 |      0 |
 |         10 |      18919 |   -204.374 |   -357.659 |   19.458 |   35.417 |  0.67 |   2.350 |   2.350 |      0 |
 |         11 |      21021 |   -204.374 |   -353.476 |   20.751 |   33.481 |  0.66 |   1.382 |   1.382 |      0 |
 |         12 |      23123 |   -204.374 |   -349.324 |   17.366 |   31.848 |  0.67 |   0.693 |   0.693 |      0 |
 |         13 |      25225 |   -204.374 |   -351.647 |   16.824 |   30.095 |  0.66 |   2.957 |   2.957 |      0 |
 |         14 |      27327 |   -204.374 |   -351.990 |   24.392 |   28.476 |  0.65 |   0.831 |   0.831 |      0 |
 |         15 |      29429 |   -204.374 |   -353.323 |   19.036 |   27.458 |  0.67 |   3.832 |   3.832 |      0 |
 |         16 |      31531 |   -204.374 |   -349.591 |   17.540 |   26.255 |  0.63 |   1.614 |   1.614 |      0 |
 |         17 |      33633 |   -204.374 |   -340.596 |   19.587 |   25.063 |  0.65 |   3.100 |   3.100 |      0 |
 |         18 |      35735 |   -204.374 |   -342.588 |   17.319 |   24.084 |  0.64 |   1.951 |   1.951 |      0 |
 |         19 |      37837 |   -204.374 |   -336.907 |   15.649 |   23.065 |  0.65 |   2.556 |   2.556 |      0 |
 |         20 |      39939 |   -204.374 |   -331.139 |   20.122 |   22.033 |  0.65 |   3.121 |   3.121 |      0 |
 |         21 |      42041 |   -204.374 |   -354.410 |   20.208 |   21.292 |  0.64 |   0.738 |   0.738 |      0 |
 |         22 |      44143 |   -204.374 |   -336.187 |   17.948 |   20.603 |  0.66 |   1.954 |   1.954 |      0 |
 |         23 |      46245 |   -204.374 |   -336.058 |   15.348 |   19.878 |  0.64 |   2.171 |   2.171 |      0 |
 |         24 |      48347 |   -204.374 |   -353.086 |   19.469 |   19.092 |  0.65 |   1.665 |   1.665 |      0 |
 |         25 |      50449 |   -204.374 |   -333.016 |   20.452 |   18.515 |  0.64 |   2.546 |   2.546 |      0 |
 |         26 |      52551 |   -204.374 |   -341.616 |   14.303 |   17.998 |  0.65 |   3.942 |   3.942 |      0 |
 |         27 |      54653 |   -204.374 |   -341.341 |   15.966 |   17.306 |  0.65 |   2.631 |   2.631 |      0 |
 |         28 |      56755 |   -204.374 |   -331.449 |   18.431 |   16.730 |  0.63 |   2.437 |   2.437 |      0 |
 |         29 |      58857 |   -204.374 |   -337.128 |   15.717 |   16.261 |  0.63 |   2.807 |   2.807 |      0 |
 |         30 |      60959 |   -204.374 |   -343.167 |   18.869 |   15.743 |  0.62 |   2.832 |   2.832 |      0 |
 |         31 |      63061 |   -204.374 |   -337.531 |   22.982 |   15.337 |  0.63 |   1.127 |   1.127 |      0 |
 |         32 |      65163 |   -204.374 |   -326.104 |   25.485 |   15.018 |  0.62 |   3.070 |   3.070 |      0 |
 |         33 |      67265 |   -204.374 |   -338.698 |   19.779 |   14.742 |  0.63 |   1.567 |   1.567 |      0 |
 |         34 |      69367 |   -204.374 |   -332.174 |   17.218 |   14.401 |  0.64 |   1.426 |   1.426 |      0 |
 |         35 |      71469 |   -204.374 |   -343.190 |   16.963 |   14.029 |  0.66 |   1.942 |   1.942 |      0 |
 |         36 |      73571 |   -204.374 |   -343.637 |   16.264 |   13.669 |  0.63 |   1.230 |   1.230 |      0 |
 |         37 |      75673 |   -204.374 |   -334.222 |   17.912 |   13.314 |  0.64 |   2.535 |   2.535 |      0 |
 |         38 |      77775 |   -204.374 |   -332.561 |   22.734 |   13.007 |  0.60 |   3.225 |   3.225 |      0 |
 |         39 |      79877 |   -204.374 |   -334.032 |   17.701 |   12.775 |  0.61 |   3.258 |   3.258 |      0 |
 |         40 |      81979 |   -204.374 |   -329.186 |   15.227 |   12.488 |  0.63 |   2.744 |   2.744 |      0 |
 |         41 |      84081 |   -204.374 |   -326.768 |   15.632 |   12.171 |  0.62 |   3.101 |   3.101 |      0 |
 |         42 |      86183 |   -204.374 |   -343.165 |   19.820 |   11.877 |  0.65 |   1.134 |   1.134 |      0 |
 |         43 |      88285 |   -204.374 |   -333.151 |   16.810 |   11.655 |  0.62 |   3.580 |   3.580 |      0 |
 |         44 |      90387 |   -204.374 |   -310.957 |   17.956 |   11.404 |  0.63 |   2.681 |   2.681 |      0 |
 |         45 |      92489 |   -204.374 |   -323.420 |   14.515 |   11.179 |  0.61 |   2.227 |   2.227 |      0 |
 |         46 |      94591 |   -204.374 |   -323.230 |   16.819 |   10.912 |  0.63 |   0.756 |   0.756 |      0 |
 |         47 |      96693 |   -204.374 |   -333.949 |   13.487 |   10.691 |  0.60 |   2.808 |   2.808 |      0 |
 |         48 |      98795 |   -204.374 |   -337.532 |   19.455 |   10.429 |  0.61 |   0.957 |   0.957 |      0 |
 |         49 |     100897 |   -204.374 |   -326.682 |   18.641 |   10.254 |  0.63 |   3.062 |   3.062 |      0 |
 |         50 |     102999 |   -204.374 |   -324.624 |   14.999 |   10.078 |  0.59 |   3.673 |   3.673 |      0 |
 |         51 |     105101 |   -204.374 |   -336.324 |   19.846 |    9.867 |  0.60 |   1.518 |   1.518 |      0 |
 |         52 |     107203 |   -204.374 |   -317.104 |   17.575 |    9.714 |  0.61 |   0.304 |   0.304 |      0 |
 |         53 |     109305 |   -204.374 |   -316.916 |   20.457 |    9.546 |  0.59 |   3.324 |   3.324 |      0 |
 |         54 |     111407 |   -204.374 |   -319.210 |   14.324 |    9.407 |  0.62 |   1.678 |   1.678 |      0 |
 |         55 |     113509 |   -204.374 |   -314.797 |   13.483 |    9.215 |  0.60 |   2.758 |   2.758 |      0 |
 |         56 |     115611 |   -204.374 |   -314.461 |   16.250 |    9.019 |  0.61 |   2.843 |   2.843 |      0 |
 |         57 |     117713 |   -204.374 |   -319.375 |   18.937 |    8.862 |  0.59 |   1.335 |   1.335 |      0 |
 |         58 |     119815 |   -204.374 |   -326.936 |   17.531 |    8.733 |  0.58 |   3.787 |   3.787 |      0 |
 |         59 |     121917 |   -204.374 |   -320.736 |   18.471 |    8.597 |  0.58 |   2.973 |   2.973 |      0 |
 |         60 |     124019 |   -204.374 |   -323.567 |   16.327 |    8.471 |  0.58 |   3.345 |   3.345 |      0 |
 |         61 |     126121 |   -204.374 |   -315.449 |   16.742 |    8.334 |  0.59 |   1.948 |   1.948 |      0 |
 |         62 |     128223 |   -204.374 |   -322.895 |   19.602 |    8.204 |  0.58 |   2.588 |   2.588 |      0 |
 |         63 |     130325 |   -204.374 |   -311.689 |   13.815 |    8.097 |  0.58 |   0.644 |   0.644 |      0 |
 |         64 |     132427 |   -204.374 |   -312.775 |   19.523 |    7.949 |  0.59 |   2.087 |   2.087 |      0 |
 |         65 |     134529 |   -204.374 |   -308.158 |   17.428 |    7.847 |  0.60 |   2.292 |   2.292 |      0 |
 |         66 |     136631 |   -204.374 |   -308.655 |   18.554 |    7.736 |  0.57 |   1.564 |   1.564 |      0 |
 |         67 |     138733 |   -204.374 |   -319.975 |   15.100 |    7.635 |  0.59 |   1.582 |   1.582 |      0 |
 |         68 |     140835 |   -204.374 |   -317.383 |   17.864 |    7.515 |  0.58 |   1.245 |   1.245 |      0 |
 |         69 |     142937 |   -204.374 |   -319.158 |   17.918 |    7.415 |  0.56 |   1.706 |   1.706 |      0 |
 |         70 |     145039 |   -204.374 |   -310.278 |   16.686 |    7.319 |  0.57 |   2.538 |   2.538 |      0 |
 |         71 |     147141 |   -204.374 |   -316.912 |   14.549 |    7.219 |  0.57 |   1.106 |   1.106 |      0 |
 |         72 |     149243 |   -204.374 |   -311.448 |   24.452 |    7.107 |  0.60 |   1.523 |   1.523 |      0 |
 |         73 |     151345 |   -204.374 |   -314.236 |   18.573 |    7.042 |  0.60 |   2.772 |   2.772 |      0 |
 |         74 |     153447 |   -204.374 |   -319.045 |   16.062 |    6.958 |  0.55 |   3.565 |   3.565 |      0 |
 |         75 |     155549 |   -204.374 |   -313.488 |   13.857 |    6.863 |  0.58 |   1.696 |   1.696 |      0 |
 |         76 |     157651 |   -204.374 |   -318.979 |   21.417 |    6.757 |  0.59 |   2.279 |   2.279 |      0 |
 |         77 |     159753 |   -204.374 |   -320.228 |   19.830 |    6.690 |  0.57 |   2.945 |   2.945 |      0 |
 |         78 |     161855 |   -204.374 |   -313.490 |   13.540 |    6.619 |  0.58 |   1.998 |   1.998 |      0 |
 |         79 |     163957 |   -204.374 |   -299.370 |   15.850 |    6.518 |  0.58 |   1.157 |   1.157 |      0 |
 |         80 |     166059 |   -204.374 |   -307.924 |   20.936 |    6.434 |  0.56 |   3.771 |   3.771 |      0 |
 |         81 |     168161 |   -204.374 |   -302.548 |   14.930 |    6.371 |  0.58 |   0.832 |   0.832 |      0 |
 |         82 |     170263 |   -204.374 |   -296.887 |   17.745 |    6.286 |  0.55 |   3.122 |   3.122 |      0 |
 |         83 |     172365 |   -204.374 |   -305.405 |   14.872 |    6.216 |  0.56 |   1.236 |   1.236 |      0 |
 |         84 |     174467 |   -204.374 |   -300.371 |   16.959 |    6.135 |  0.56 |   0.650 |   0.650 |      0 |
 |         85 |     176569 |   -204.374 |   -304.018 |   15.393 |    6.065 |  0.54 |   0.739 |   0.739 |      0 |
 |         86 |     178671 |   -204.374 |   -314.746 |   15.152 |    5.990 |  0.58 |   3.095 |   3.095 |      0 |
 |         87 |     180773 |   -204.374 |   -307.640 |   15.702 |    5.916 |  0.54 |   3.884 |   3.884 |      0 |
 |         88 |     182875 |   -204.374 |   -315.746 |   13.825 |    5.846 |  0.55 |   3.694 |   3.694 |      0 |
 |         89 |     184977 |   -204.374 |   -298.829 |   14.675 |    5.768 |  0.54 |   3.925 |   3.925 |      0 |
 |         90 |     187079 |   -204.374 |   -310.009 |   16.827 |    5.697 |  0.53 |   0.677 |   0.677 |      0 |
 |         91 |     189181 |   -204.374 |   -300.523 |   14.952 |    5.637 |  0.57 |   3.500 |   3.500 |      0 |
 |         92 |     191283 |   -204.374 |   -317.184 |   15.853 |    5.570 |  0.56 |   3.865 |   3.865 |      0 |
 |         93 |     193385 |   -204.374 |   -301.278 |   14.492 |    5.508 |  0.55 |   1.872 |   1.872 |      0 |
 |         94 |     195487 |   -204.374 |   -306.372 |   15.416 |    5.443 |  0.55 |   0.869 |   0.869 |      0 |
 |         95 |     197589 |   -204.374 |   -300.795 |   13.718 |    5.382 |  0.55 |   1.699 |   1.699 |      0 |
 |         96 |     199691 |   -204.374 |   -304.703 |   11.802 |    5.316 |  0.55 |   0.904 |   0.904 |      0 |
 |         97 |     201793 |   -204.374 |   -293.297 |   14.066 |    5.241 |  0.55 |   0.735 |   0.735 |      0 |
 |         98 |     203895 |   -204.374 |   -299.324 |   13.770 |    5.180 |  0.54 |   3.849 |   3.849 |      0 |
 |         99 |     205997 |   -204.374 |   -292.143 |   11.425 |    5.119 |  0.55 |   2.753 |   2.753 |      0 |
 |        100 |     208099 |   -204.374 |   -295.334 |   17.070 |    5.047 |  0.54 |   2.595 |   2.595 |      0 |
 |        101 |     210201 |   -204.374 |   -304.174 |   16.452 |    5.000 |  0.53 |   2.182 |   2.182 |      0 |
 |        102 |     212303 |   -204.374 |   -296.821 |   16.716 |    4.952 |  0.53 |   2.601 |   2.601 |      0 |
 |        103 |     214405 |   -204.374 |   -295.993 |   14.448 |    4.906 |  0.53 |   1.729 |   1.729 |      0 |
 |        104 |     216507 |   -204.374 |   -296.968 |   13.063 |    4.853 |  0.51 |   2.406 |   2.406 |      0 |
 |        105 |     218609 |   -204.374 |   -299.540 |   11.339 |    4.797 |  0.53 |   3.749 |   3.749 |      0 |
 |        106 |     220711 |   -204.374 |   -303.007 |   20.102 |    4.733 |  0.55 |   1.261 |   1.261 |      0 |
 |        107 |     222813 |   -204.374 |   -299.657 |   23.093 |    4.698 |  0.53 |   3.698 |   3.698 |      0 |
 |        108 |     224915 |   -204.374 |   -285.510 |   13.596 |    4.668 |  0.52 |   1.986 |   1.986 |      0 |
 |        109 |     227017 |   -204.374 |   -289.824 |   14.758 |    4.618 |  0.53 |   3.537 |   3.537 |      0 |
 |        110 |     229119 |   -204.374 |   -293.525 |   17.332 |    4.572 |  0.54 |   1.779 |   1.779 |      0 |
 |        111 |     231221 |   -204.374 |   -296.703 |   20.346 |    4.534 |  0.54 |   3.295 |   3.295 |      0 |
 |        112 |     233323 |   -204.374 |   -294.169 |   15.365 |    4.502 |  0.54 |   0.396 |   0.396 |      0 |
 |        113 |     235425 |   -204.374 |   -290.892 |   14.633 |    4.461 |  0.54 |   1.572 |   1.572 |      0 |
 |        114 |     237527 |   -204.374 |   -286.875 |   20.451 |    4.418 |  0.51 |   2.310 |   2.310 |      0 |
 |        115 |     239629 |   -204.374 |   -285.500 |   10.863 |    4.388 |  0.55 |   2.961 |   2.961 |      0 |
 |        116 |     241731 |   -204.374 |   -298.707 |   16.811 |    4.332 |  0.52 |   2.190 |   2.190 |      0 |
 |        117 |     243833 |   -204.374 |   -297.368 |   17.435 |    4.297 |  0.50 |   3.274 |   3.274 |      0 |
 |        118 |     245935 |   -204.374 |   -288.907 |   20.090 |    4.264 |  0.49 |   1.600 |   1.600 |      0 |
 |        119 |     248037 |   -204.374 |   -287.930 |   16.728 |    4.235 |  0.51 |   2.117 |   2.117 |      0 |
 |        120 |     250139 |   -204.374 |   -295.495 |   17.688 |    4.201 |  0.52 |   1.697 |   1.697 |      0 |
 |        121 |     252241 |   -204.374 |   -286.881 |   12.053 |    4.170 |  0.52 |   3.676 |   3.676 |      0 |
 |        122 |     254343 |   -204.374 |   -293.496 |   11.821 |    4.124 |  0.52 |   3.773 |   3.773 |      0 |
 |        123 |     256445 |   -204.374 |   -286.577 |   12.382 |    4.079 |  0.52 |   0.660 |   0.660 |      0 |
 |        124 |     258547 |   -204.374 |   -285.518 |   15.413 |    4.037 |  0.50 |   1.696 |   1.696 |      0 |
 |        125 |     260649 |   -204.374 |   -292.847 |   16.423 |    4.004 |  0.49 |   1.086 |   1.086 |      0 |
 |        126 |     262751 |   -204.374 |   -287.124 |   17.368 |    3.973 |  0.50 |   2.517 |   2.517 |      0 |
 |        127 |     264853 |   -204.374 |   -285.097 |   15.315 |    3.944 |  0.52 |   1.500 |   1.500 |      0 |
 |        128 |     266955 |   -204.374 |   -286.444 |   14.074 |    3.912 |  0.52 |   2.479 |   2.479 |      0 |
 |        129 |     269057 |   -204.374 |   -286.953 |   12.269 |    3.878 |  0.52 |   0.596 |   0.596 |      0 |
 |        130 |     271159 |   -204.374 |   -284.085 |   12.936 |    3.839 |  0.51 |   2.267 |   2.267 |      0 |
 |        131 |     273261 |   -204.374 |   -279.733 |   11.234 |    3.804 |  0.52 |   2.088 |   2.088 |      0 |
 |        132 |     275363 |   -204.374 |   -280.923 |   11.351 |    3.763 |  0.47 |   2.423 |   2.423 |      0 |
 |        133 |     277465 |   -204.374 |   -284.847 |   12.537 |    3.724 |  0.50 |   2.135 |   2.135 |      0 |
 |        134 |     279567 |   -204.374 |   -291.247 |   15.843 |    3.689 |  0.50 |   0.982 |   0.982 |      0 |
 |        135 |     281669 |   -204.374 |   -287.595 |   16.990 |    3.662 |  0.50 |   1.603 |   1.603 |      0 |
 |        136 |     283771 |   -204.374 |   -283.494 |   13.955 |    3.637 |  0.48 |   3.053 |   3.053 |      0 |
 |        137 |     285873 |   -204.374 |   -286.662 |   14.775 |    3.607 |  0.50 |   3.811 |   3.811 |      0 |
 |        138 |     287975 |   -204.374 |   -283.549 |   12.833 |    3.579 |  0.52 |   3.732 |   3.732 |      0 |
 |        139 |     290077 |   -204.374 |   -272.637 |   13.957 |    3.548 |  0.48 |   1.899 |   1.899 |      0 |
 |        140 |     292179 |   -204.374 |   -284.124 |   11.851 |    3.520 |  0.50 |   3.195 |   3.195 |      0 |
 |        141 |     294281 |   -204.374 |   -282.814 |   13.003 |    3.487 |  0.47 |   0.835 |   0.835 |      0 |
 |        142 |     296383 |   -204.374 |   -280.832 |   14.541 |    3.457 |  0.51 |   2.098 |   2.098 |      0 |
 |        143 |     298485 |   -204.374 |   -275.540 |   11.009 |    3.431 |  0.46 |   2.347 |   2.347 |      0 |
 |        144 |     300587 |   -204.374 |   -288.840 |   12.702 |    3.398 |  0.49 |   0.723 |   0.723 |      0 |
 |        145 |     302689 |   -204.374 |   -276.331 |   12.438 |    3.369 |  0.49 |   3.578 |   3.578 |      0 |
 |        146 |     304791 |   -204.374 |   -283.190 |   13.017 |    3.340 |  0.48 |   1.606 |   1.606 |      0 |
 |        147 |     306893 |   -204.374 |   -277.428 |   10.408 |    3.313 |  0.48 |   3.529 |   3.529 |      0 |
 |        148 |     308995 |   -204.374 |   -275.585 |   11.966 |    3.280 |  0.46 |   1.992 |   1.992 |      0 |
 |        149 |     311097 |   -204.374 |   -272.399 |   11.767 |    3.252 |  0.49 |   2.052 |   2.052 |      0 |
 |        150 |     313199 |   -204.374 |   -278.867 |   14.782 |    3.223 |  0.48 |   1.183 |   1.183 |      0 |
 |        151 |     315301 |   -204.374 |   -270.036 |   11.176 |    3.201 |  0.48 |   1.263 |   1.263 |      0 |
 |        152 |     317403 |   -204.374 |   -282.323 |   12.853 |    3.172 |  0.46 |   1.048 |   1.048 |      0 |
 |        153 |     319505 |   -204.374 |   -270.184 |   15.500 |    3.148 |  0.46 |   2.285 |   2.285 |      0 |
 |        154 |     321607 |   -204.374 |   -269.064 |   10.913 |    3.128 |  0.48 |   3.786 |   3.786 |      0 |
 |        155 |     323709 |   -204.374 |   -284.504 |   11.516 |    3.099 |  0.49 |   3.884 |   3.884 |      0 |
 |        156 |     325811 |   -204.374 |   -274.949 |   10.784 |    3.073 |  0.47 |   1.001 |   1.001 |      0 |
 |        157 |     327913 |   -204.374 |   -271.905 |   11.925 |    3.045 |  0.46 |   3.480 |   3.480 |      0 |
 |        158 |     330015 |   -204.374 |   -278.645 |   16.149 |    3.021 |  0.48 |   0.767 |   0.767 |      0 |
 |        159 |     332117 |   -204.374 |   -265.284 |   11.946 |    3.003 |  0.44 |   0.288 |   0.288 |      0 |
 |        160 |     334219 |   -204.374 |   -264.050 |   13.845 |    2.979 |  0.46 |   0.653 |   0.653 |      0 |
 |        161 |     336321 |   -204.374 |   -276.604 |   13.134 |    2.959 |  0.47 |   0.324 |   0.324 |      0 |
 |        162 |     338423 |   -204.374 |   -264.078 |   12.247 |    2.938 |  0.47 |   0.514 |   0.514 |      0 |
 |        163 |     340525 |   -204.374 |   -264.681 |   11.772 |    2.916 |  0.47 |   0.763 |   0.763 |      0 |
 |        164 |     342627 |   -204.374 |   -263.142 |   15.852 |    2.893 |  0.44 |   3.479 |   3.479 |      0 |
 |        165 |     344729 |   -204.374 |   -271.875 |   14.271 |    2.876 |  0.45 |   0.774 |   0.774 |      0 |
 |        166 |     346831 |   -204.374 |   -271.902 |    9.308 |    2.858 |  0.45 |   2.689 |   2.689 |      0 |
 |        167 |     348933 |   -204.374 |   -271.861 |   13.425 |    2.830 |  0.46 |   2.329 |   2.329 |      0 |
 |        168 |     351035 |   -204.374 |   -264.361 |   11.439 |    2.812 |  0.45 |   3.063 |   3.063 |      0 |
 |        169 |     353137 |   -204.374 |   -264.673 |    8.682 |    2.790 |  0.46 |   1.224 |   1.224 |      0 |
 |        170 |     355239 |   -204.374 |   -267.450 |   11.487 |    2.762 |  0.45 |   0.337 |   0.337 |      0 |
 |        171 |     357341 |   -204.374 |   -266.311 |   11.278 |    2.741 |  0.47 |   2.259 |   2.259 |      0 |
 |        172 |     359443 |   -204.374 |   -274.151 |   11.181 |    2.720 |  0.45 |   0.900 |   0.900 |      0 |
 |        173 |     361545 |   -204.374 |   -263.660 |   10.686 |    2.699 |  0.45 |   0.418 |   0.418 |      0 |
 |        174 |     363647 |   -204.374 |   -262.423 |    8.615 |    2.677 |  0.44 |   1.603 |   1.603 |      0 |
 |        175 |     365749 |   -204.374 |   -259.344 |   12.035 |    2.651 |  0.45 |   2.963 |   2.963 |      0 |
 |        176 |     367851 |   -204.374 |   -269.911 |   10.698 |    2.633 |  0.46 |   2.582 |   2.582 |      0 |
 |        177 |     369953 |   -204.374 |   -259.092 |    9.839 |    2.612 |  0.45 |   3.421 |   3.421 |      0 |
 |        178 |     372055 |   -204.374 |   -258.462 |    7.588 |    2.591 |  0.43 |   0.624 |   0.624 |      0 |
 |        179 |     374157 |   -204.374 |   -260.709 |   10.214 |    2.563 |  0.43 |   1.948 |   1.948 |      0 |
 |        180 |     376259 |   -204.374 |   -265.243 |   10.221 |    2.542 |  0.45 |   2.243 |   2.243 |      0 |
 |        181 |     378361 |   -204.374 |   -257.276 |    8.895 |    2.523 |  0.43 |   0.972 |   0.972 |      0 |
 |        182 |     380463 |   -204.374 |   -263.547 |   12.422 |    2.500 |  0.43 |   2.430 |   2.430 |      0 |
 |        183 |     382565 |   -204.374 |   -271.336 |   12.018 |    2.484 |  0.44 |   3.784 |   3.784 |      0 |
 |        184 |     384667 |   -204.374 |   -265.228 |   10.310 |    2.468 |  0.45 |   3.843 |   3.843 |      0 |
 |        185 |     386769 |   -204.374 |   -266.587 |   11.708 |    2.449 |  0.42 |   3.067 |   3.067 |      0 |
 |        186 |     388871 |   -204.374 |   -259.752 |   11.527 |    2.433 |  0.42 |   2.289 |   2.289 |      0 |
 |        187 |     390973 |   -204.374 |   -253.838 |   11.565 |    2.417 |  0.40 |   0.717 |   0.717 |      0 |
 |        188 |     393075 |   -204.374 |   -268.626 |   11.209 |    2.401 |  0.44 |   1.477 |   1.477 |      0 |
 |        189 |     395177 |   -204.374 |   -256.304 |   12.657 |    2.385 |  0.42 |   3.922 |   3.922 |      0 |
 |        190 |     397279 |   -204.374 |   -258.685 |   11.537 |    2.371 |  0.43 |   0.774 |   0.774 |      0 |
 |        191 |     399381 |   -204.374 |   -256.201 |    9.079 |    2.355 |  0.42 |   2.788 |   2.788 |      0 |
 |        192 |     401483 |   -204.374 |   -256.304 |   12.410 |    2.336 |  0.42 |   2.074 |   2.074 |      0 |
 |        193 |     403585 |   -204.374 |   -260.039 |   14.877 |    2.322 |  0.42 |   2.689 |   2.689 |      0 |
 |        194 |     405687 |   -204.374 |   -268.588 |   16.171 |    2.311 |  0.41 |   3.293 |   3.293 |      0 |
 |        195 |     407789 |   -204.374 |   -256.700 |    8.367 |    2.300 |  0.40 |   1.511 |   1.511 |      0 |
 |        196 |     409891 |   -204.374 |   -262.574 |    9.949 |    2.280 |  0.44 |   2.018 |   2.018 |      0 |
 |        197 |     411993 |   -204.374 |   -256.632 |   15.898 |    2.264 |  0.40 |   2.009 |   2.009 |      0 |
 |        198 |     414095 |   -204.374 |   -258.585 |    8.326 |    2.254 |  0.41 |   1.684 |   1.684 |      0 |
 |        199 |     416197 |   -204.374 |   -253.158 |    9.611 |    2.234 |  0.42 |   2.051 |   2.051 |      0 |
 |        200 |     418299 |   -204.374 |   -249.335 |    8.979 |    2.218 |  0.41 |   1.464 |   1.464 |      0 |
 |        201 |     420401 |   -204.374 |   -253.139 |    9.371 |    2.201 |  0.42 |   3.556 |   3.556 |      0 |
 |        202 |     422503 |   -204.374 |   -253.153 |    9.498 |    2.184 |  0.41 |   0.642 |   0.642 |      0 |
 |        203 |     424605 |   -204.374 |   -256.163 |   10.109 |    2.169 |  0.42 |   1.115 |   1.115 |      0 |
 |        204 |     426707 |   -204.374 |   -261.019 |   11.838 |    2.154 |  0.41 |   1.928 |   1.928 |      0 |
 |        205 |     428809 |   -204.374 |   -253.872 |   10.087 |    2.141 |  0.41 |   1.605 |   1.605 |      0 |
 |        206 |     430911 |   -204.374 |   -247.871 |    9.603 |    2.127 |  0.40 |   3.725 |   3.725 |      0 |
 |        207 |     433013 |   -204.374 |   -251.397 |   11.103 |    2.112 |  0.39 |   2.197 |   2.197 |      0 |
 |        208 |     435115 |   -204.374 |   -247.966 |   12.649 |    2.100 |  0.38 |   1.800 |   1.800 |      0 |
 |        209 |     437217 |   -204.374 |   -255.121 |   11.396 |    2.089 |  0.40 |   2.574 |   2.574 |      0 |
 |        210 |     439319 |   -204.374 |   -260.310 |   10.564 |    2.076 |  0.41 |   2.230 |   2.230 |      0 |
 |        211 |     441421 |   -204.374 |   -248.908 |    8.353 |    2.064 |  0.39 |   3.903 |   3.903 |      0 |
 |        212 |     443523 |   -204.374 |   -253.183 |    8.634 |    2.048 |  0.42 |   2.852 |   2.852 |      0 |
 |        213 |     445625 |   -204.374 |   -252.969 |    9.842 |    2.032 |  0.39 |   2.187 |   2.187 |      0 |
 |        214 |     447727 |   -204.374 |   -246.737 |   12.355 |    2.019 |  0.40 |   0.371 |   0.371 |      0 |
 |        215 |     449829 |   -204.374 |   -249.965 |    9.803 |    2.009 |  0.40 |   0.638 |   0.638 |      0 |
 |        216 |     451931 |   -204.374 |   -250.655 |    8.975 |    1.996 |  0.39 |   3.980 |   3.980 |      0 |
 |        217 |     454033 |   -204.374 |   -246.165 |   11.223 |    1.982 |  0.36 |   3.540 |   3.540 |      0 |
 |        218 |     456135 |   -204.374 |   -252.810 |   11.085 |    1.971 |  0.38 |   2.467 |   2.467 |      0 |
 |        219 |     458237 |   -204.374 |   -247.175 |    7.607 |    1.959 |  0.37 |   1.585 |   1.585 |      0 |
 |        220 |     460339 |   -204.374 |   -252.736 |   11.631 |    1.944 |  0.39 |   1.640 |   1.640 |      0 |
 |        221 |     462441 |   -204.374 |   -246.586 |   10.839 |    1.933 |  0.40 |   1.790 |   1.790 |      0 |
 |        222 |     464543 |   -204.374 |   -241.194 |    9.402 |    1.922 |  0.37 |   3.728 |   3.728 |      0 |
 |        223 |     466645 |   -204.374 |   -254.957 |    9.497 |    1.910 |  0.39 |   0.640 |   0.640 |      0 |
 |        224 |     468747 |   -204.374 |   -239.877 |    6.810 |    1.898 |  0.37 |   1.959 |   1.959 |      0 |
 |        225 |     470849 |   -204.374 |   -248.255 |   12.410 |    1.881 |  0.39 |   0.953 |   0.953 |      0 |
 |        226 |     472951 |   -204.374 |   -241.615 |   12.257 |    1.871 |  0.35 |   2.981 |   2.981 |      0 |
 |        227 |     475053 |   -204.374 |   -251.979 |    8.980 |    1.861 |  0.37 |   0.993 |   0.993 |      0 |
 |        228 |     477155 |   -204.374 |   -250.011 |    9.315 |    1.849 |  0.36 |   0.650 |   0.650 |      0 |
 |        229 |     479257 |   -204.374 |   -245.239 |    9.107 |    1.837 |  0.38 |   1.227 |   1.227 |      0 |
 |        230 |     481359 |   -204.374 |   -248.004 |    9.559 |    1.826 |  0.35 |   3.447 |   3.447 |      0 |
 |        231 |     483461 |   -204.374 |   -246.629 |   11.137 |    1.815 |  0.38 |   3.295 |   3.295 |      0 |
 |        232 |     485563 |   -204.374 |   -247.623 |    9.969 |    1.805 |  0.39 |   2.942 |   2.942 |      0 |
 |        233 |     487665 |   -204.374 |   -251.789 |    8.989 |    1.794 |  0.38 |   3.373 |   3.373 |      0 |
 |        234 |     489767 |   -204.374 |   -245.806 |    9.516 |    1.783 |  0.38 |   0.884 |   0.884 |      0 |
 |        235 |     491869 |   -204.374 |   -244.062 |    8.464 |    1.773 |  0.36 |   3.110 |   3.110 |      0 |
 |        236 |     493971 |   -204.374 |   -241.487 |    7.089 |    1.761 |  0.39 |   1.397 |   1.397 |      0 |
 |        237 |     496073 |   -204.374 |   -240.044 |    8.592 |    1.747 |  0.37 |   1.212 |   1.212 |      0 |
 |        238 |     498175 |   -204.374 |   -237.581 |    8.000 |    1.736 |  0.36 |   0.691 |   0.691 |      0 |
 |        239 |     500277 |   -204.374 |   -241.640 |   10.817 |    1.724 |  0.37 |   2.614 |   2.614 |      0 |
 |        240 |     502379 |   -204.374 |   -242.082 |    8.503 |    1.714 |  0.35 |   3.902 |   3.902 |      0 |
 |        241 |     504481 |   -204.374 |   -235.914 |    9.507 |    1.703 |  0.35 |   1.960 |   1.960 |      0 |
 |        242 |     506583 |   -204.374 |   -245.247 |   10.516 |    1.693 |  0.35 |   1.036 |   1.036 |      0 |
 |        243 |     508685 |   -204.374 |   -246.215 |    9.260 |    1.683 |  0.37 |   0.371 |   0.371 |      0 |
 |        244 |     510787 |   -204.374 |   -242.018 |   12.281 |    1.673 |  0.36 |   1.763 |   1.763 |      0 |
 |        245 |     512889 |   -204.374 |   -243.834 |    7.803 |    1.663 |  0.37 |   3.904 |   3.904 |      0 |
 |        246 |     514991 |   -204.374 |   -244.077 |    6.768 |    1.652 |  0.36 |   3.714 |   3.714 |      0 |
 |        247 |     517093 |   -204.374 |   -235.965 |    7.899 |    1.639 |  0.36 |   0.825 |   0.825 |      0 |
 |        248 |     519195 |   -204.374 |   -238.775 |    7.256 |    1.628 |  0.35 |   1.349 |   1.349 |      0 |
 |        249 |     521297 |   -204.374 |   -239.194 |    8.619 |    1.617 |  0.35 |   1.694 |   1.694 |      0 |
 |        250 |     523399 |   -204.374 |   -237.788 |    7.205 |    1.607 |  0.35 |   0.448 |   0.448 |      0 |
 |        251 |     525501 |   -204.374 |   -245.456 |   15.595 |    1.596 |  0.35 |   3.961 |   3.961 |      0 |
 |        252 |     527603 |   -204.374 |   -242.055 |    8.453 |    1.586 |  0.36 |   0.376 |   0.376 |      0 |
 |        253 |     529705 |   -204.374 |   -242.708 |    8.581 |    1.576 |  0.35 |   2.649 |   2.649 |      0 |
 |        254 |     531807 |   -204.374 |   -236.198 |    7.349 |    1.566 |  0.35 |   3.712 |   3.712 |      0 |
 |        255 |     533909 |   -204.374 |   -236.243 |   10.826 |    1.555 |  0.35 |   2.566 |   2.566 |      0 |
 |        256 |     536011 |   -204.374 |   -238.266 |    7.920 |    1.545 |  0.37 |   1.629 |   1.629 |      0 |
 |        257 |     538113 |   -204.374 |   -241.755 |   11.649 |    1.535 |  0.34 |   1.178 |   1.178 |      0 |
 |        258 |     540215 |   -204.374 |   -238.968 |   11.225 |    1.525 |  0.33 |   2.383 |   2.383 |      0 |
 |        259 |     542317 |   -204.374 |   -232.809 |    6.459 |    1.515 |  0.34 |   3.677 |   3.677 |      0 |
 |        260 |     544419 |   -204.374 |   -230.637 |    9.484 |    1.504 |  0.33 |   1.207 |   1.207 |      0 |
 |        261 |     546521 |   -204.374 |   -232.341 |    7.184 |    1.494 |  0.35 |   3.461 |   3.461 |      0 |
 |        262 |     548623 |   -204.374 |   -234.389 |    6.957 |    1.484 |  0.33 |   1.284 |   1.284 |      0 |
 |        263 |     550725 |   -204.374 |   -237.706 |    9.496 |    1.474 |  0.33 |   2.854 |   2.854 |      0 |
 |        264 |     552827 |   -204.374 |   -238.475 |    7.258 |    1.464 |  0.36 |   3.009 |   3.009 |      0 |
 |        265 |     554929 |   -204.374 |   -237.793 |    6.885 |    1.454 |  0.34 |   2.923 |   2.923 |      0 |
 |        266 |     557031 |   -204.374 |   -235.631 |    7.571 |    1.444 |  0.32 |   0.843 |   0.843 |      0 |
 |        267 |     559133 |   -204.374 |   -233.577 |    7.277 |    1.434 |  0.35 |   0.986 |   0.986 |      0 |
 |        268 |     561235 |   -204.374 |   -235.629 |    9.342 |    1.424 |  0.34 |   2.161 |   2.161 |      0 |
 |        269 |     563337 |   -204.374 |   -235.144 |    7.661 |    1.414 |  0.33 |   1.512 |   1.512 |      0 |
 |        270 |     565439 |   -204.374 |   -240.336 |    6.867 |    1.404 |  0.35 |   2.852 |   2.852 |      0 |
 |        271 |     567541 |   -204.374 |   -230.860 |    7.539 |    1.394 |  0.33 |   3.463 |   3.463 |      0 |
 |        272 |     569643 |   -204.374 |   -234.606 |    8.319 |    1.384 |  0.31 |   3.517 |   3.517 |      0 |
 |        273 |     571745 |   -204.374 |   -233.875 |    6.221 |    1.374 |  0.33 |   2.486 |   2.486 |      0 |
 |        274 |     573847 |   -204.374 |   -231.300 |    5.964 |    1.364 |  0.32 |   0.451 |   0.451 |      0 |
 |        275 |     575949 |   -204.374 |   -227.497 |    5.984 |    1.354 |  0.32 |   2.319 |   2.319 |      0 |
 |        276 |     578051 |   -204.374 |   -227.516 |    6.672 |    1.344 |  0.34 |   2.398 |   2.398 |      0 |
 |        277 |     580153 |   -204.374 |   -242.022 |   10.419 |    1.334 |  0.33 |   0.815 |   0.815 |      0 |
 |        278 |     582255 |   -204.374 |   -240.225 |    9.476 |    1.324 |  0.31 |   2.741 |   2.741 |      0 |
 |        279 |     584357 |   -204.374 |   -232.778 |    6.324 |    1.314 |  0.32 |   2.551 |   2.551 |      0 |
 |        280 |     586459 |   -204.374 |   -229.910 |    6.375 |    1.304 |  0.32 |   2.288 |   2.288 |      0 |
 |        281 |     588561 |   -204.374 |   -230.409 |    7.347 |    1.294 |  0.32 |   2.140 |   2.140 |      0 |
 |        282 |     590663 |   -204.374 |   -226.056 |    7.856 |    1.284 |  0.32 |   3.245 |   3.245 |      0 |
 |        283 |     592765 |   -204.374 |   -236.185 |    6.279 |    1.274 |  0.32 |   3.060 |   3.060 |      0 |
 |        284 |     594867 |   -204.374 |   -232.013 |    5.594 |    1.264 |  0.32 |   2.412 |   2.412 |      0 |
 |        285 |     596969 |   -204.374 |   -228.796 |    8.240 |    1.254 |  0.30 |   1.942 |   1.942 |      0 |
 |        286 |     599071 |   -204.374 |   -234.295 |    7.998 |    1.244 |  0.30 |   1.962 |   1.962 |      0 |
 |        287 |     601173 |   -204.374 |   -235.859 |    6.520 |    1.234 |  0.33 |   2.367 |   2.367 |      0 |
 |        288 |     603275 |   -204.374 |   -229.561 |    5.237 |    1.224 |  0.32 |   1.594 |   1.594 |      0 |
 |        289 |     605377 |   -204.374 |   -228.656 |    6.921 |    1.214 |  0.32 |   0.336 |   0.336 |      0 |
 |        290 |     607479 |   -204.374 |   -230.773 |    6.451 |    1.204 |  0.31 |   3.366 |   3.366 |      0 |
 |        291 |     609581 |   -204.374 |   -226.851 |    6.260 |    1.194 |  0.30 |   1.588 |   1.588 |      0 |
 |        292 |     611683 |   -204.374 |   -229.665 |    6.614 |    1.184 |  0.30 |   1.363 |   1.363 |      0 |
 |        293 |     613785 |   -204.374 |   -224.206 |    4.903 |    1.174 |  0.29 |   3.327 |   3.327 |      0 |
 |        294 |     615887 |   -204.374 |   -225.962 |    4.770 |    1.164 |  0.30 |   3.492 |   3.492 |      0 |
 |        295 |     617989 |   -204.374 |   -224.474 |    6.003 |    1.154 |  0.31 |   3.961 |   3.961 |      0 |
 |        296 |     620091 |   -204.374 |   -232.910 |    6.183 |    1.144 |  0.31 |   2.199 |   2.199 |      0 |
 |        297 |     622193 |   -204.374 |   -223.724 |    6.023 |    1.134 |  0.30 |   0.729 |   0.729 |      0 |
 |        298 |     624295 |   -204.374 |   -225.644 |    5.506 |    1.124 |  0.27 |   3.119 |   3.119 |      0 |
 |        299 |     626397 |   -204.374 |   -222.511 |    5.717 |    1.114 |  0.26 |   3.737 |   3.737 |      0 |
 |        300 |     628499 |   -204.374 |   -224.469 |    4.824 |    1.104 |  0.29 |   1.964 |   1.964 |      0 |
 |        301 |     630601 |   -204.374 |   -229.261 |    6.586 |    1.094 |  0.30 |   0.873 |   0.873 |      0 |
 |        302 |     632703 |   -204.374 |   -226.514 |    5.339 |    1.084 |  0.30 |   3.223 |   3.223 |      0 |
 |        303 |     634805 |   -204.374 |   -225.347 |    5.386 |    1.074 |  0.31 |   0.562 |   0.562 |      0 |
 |        304 |     636907 |   -204.374 |   -227.632 |    5.006 |    1.064 |  0.29 |   3.883 |   3.883 |      0 |
 |        305 |     639009 |   -204.374 |   -223.745 |    6.296 |    1.054 |  0.28 |   1.953 |   1.953 |      0 |
 |        306 |     641111 |   -204.374 |   -222.944 |    5.891 |    1.044 |  0.29 |   0.974 |   0.974 |      0 |
 |        307 |     643213 |   -204.374 |   -227.690 |    7.020 |    1.034 |  0.29 |   3.884 |   3.884 |      0 |
 |        308 |     645315 |   -204.374 |   -222.047 |    5.519 |    1.024 |  0.27 |   3.707 |   3.707 |      0 |
 |        309 |     647417 |   -204.374 |   -222.439 |    5.323 |    1.014 |  0.26 |   1.717 |   1.717 |      0 |
 |        310 |     649519 |   -204.374 |   -220.382 |    4.798 |    1.004 |  0.28 |   1.344 |   1.344 |      0 |
 |        311 |     651621 |   -204.374 |   -224.670 |    6.233 |    0.994 |  0.29 |   1.845 |   1.845 |      0 |
 |        312 |     653723 |   -204.374 |   -226.450 |    6.204 |    0.984 |  0.26 |   2.933 |   2.933 |      0 |
 |        313 |     655825 |   -204.374 |   -221.206 |    5.257 |    0.974 |  0.29 |   0.122 |   0.122 |      0 |
 |        314 |     657927 |   -204.374 |   -221.759 |    5.873 |    0.964 |  0.26 |   3.090 |   3.090 |      0 |
 |        315 |     660029 |   -204.374 |   -220.240 |    6.580 |    0.954 |  0.28 |   2.454 |   2.454 |      0 |
 |        316 |     662131 |   -204.374 |   -225.346 |    7.504 |    0.944 |  0.27 |   1.314 |   1.314 |      0 |
 |        317 |     664233 |   -204.374 |   -219.446 |    4.090 |    0.934 |  0.26 |   3.278 |   3.278 |      0 |
 |        318 |     666335 |   -204.374 |   -220.299 |    3.733 |    0.924 |  0.27 |   0.324 |   0.324 |      0 |
 |        319 |     668437 |   -204.374 |   -221.595 |    4.492 |    0.914 |  0.28 |   1.605 |   1.605 |      0 |
 |        320 |     670539 |   -204.374 |   -220.175 |    3.811 |    0.904 |  0.26 |   2.163 |   2.163 |      0 |
 |        321 |     672641 |   -204.374 |   -218.468 |    3.996 |    0.894 |  0.26 |   0.742 |   0.742 |      0 |
 |        322 |     674743 |   -204.374 |   -220.391 |    6.685 |    0.884 |  0.28 |   3.243 |   3.243 |      0 |
 |        323 |     676845 |   -204.374 |   -221.358 |    7.437 |    0.874 |  0.27 |   3.100 |   3.100 |      0 |
 |        324 |     678947 |   -204.374 |   -225.051 |    5.287 |    0.864 |  0.27 |   0.697 |   0.697 |      0 |
 |        325 |     681049 |   -204.374 |   -218.171 |    3.976 |    0.854 |  0.26 |   3.308 |   3.308 |      0 |
 |        326 |     683151 |   -204.374 |   -219.894 |    4.855 |    0.844 |  0.28 |   2.095 |   2.095 |      0 |
 |        327 |     685253 |   -204.374 |   -217.507 |    5.856 |    0.834 |  0.25 |   1.936 |   1.936 |      0 |
 |        328 |     687355 |   -204.374 |   -220.120 |    5.034 |    0.824 |  0.26 |   2.029 |   2.029 |      0 |
 |        329 |     689457 |   -204.374 |   -216.409 |    5.049 |    0.814 |  0.25 |   0.917 |   0.917 |      0 |
 |        330 |     691559 |   -204.374 |   -219.509 |    4.955 |    0.804 |  0.25 |   0.321 |   0.321 |      0 |
 |        331 |     693661 |   -204.374 |   -216.775 |    3.948 |    0.794 |  0.26 |   2.849 |   2.849 |      0 |
 |        332 |     695763 |   -204.374 |   -218.568 |    4.906 |    0.784 |  0.25 |   2.492 |   2.492 |      0 |
 |        333 |     697865 |   -204.374 |   -217.633 |    4.281 |    0.774 |  0.25 |   3.729 |   3.729 |      0 |
 |        334 |     699967 |   -204.374 |   -224.506 |    6.242 |    0.764 |  0.25 |   1.431 |   1.431 |      0 |
 |        335 |     702069 |   -204.374 |   -215.680 |    4.288 |    0.754 |  0.26 |   2.914 |   2.914 |      0 |
 |        336 |     704171 |   -204.374 |   -214.989 |    3.082 |    0.744 |  0.25 |   2.944 |   2.944 |      0 |
 |        337 |     706273 |   -204.374 |   -213.704 |    3.346 |    0.734 |  0.24 |   0.965 |   0.965 |      0 |
 |        338 |     708375 |   -204.374 |   -212.115 |    3.218 |    0.724 |  0.24 |   2.929 |   2.929 |      0 |
 |        339 |     710477 |   -204.374 |   -214.283 |    3.964 |    0.714 |  0.22 |   3.489 |   3.489 |      0 |
 |        340 |     712579 |   -204.374 |   -216.385 |    4.157 |    0.704 |  0.23 |   1.460 |   1.460 |      0 |
 |        341 |     714681 |   -204.374 |   -215.091 |    2.717 |    0.694 |  0.21 |   3.452 |   3.452 |      0 |
 |        342 |     716783 |   -204.374 |   -214.246 |    2.835 |    0.684 |  0.23 |   1.882 |   1.882 |      0 |
 |        343 |     718885 |   -204.374 |   -217.247 |    2.997 |    0.674 |  0.25 |   3.451 |   3.451 |      0 |
 |        344 |     720987 |   -204.374 |   -216.587 |    2.829 |    0.664 |  0.23 |   3.207 |   3.207 |      0 |
 |        345 |     723089 |   -204.374 |   -216.016 |    3.757 |    0.654 |  0.24 |   1.803 |   1.803 |      0 |
 |        346 |     725191 |   -204.374 |   -216.090 |    4.145 |    0.644 |  0.24 |   3.111 |   3.111 |      0 |
 |        347 |     727293 |   -204.374 |   -217.392 |    4.767 |    0.634 |  0.22 |   2.739 |   2.739 |      0 |
 |        348 |     729395 |   -204.374 |   -213.660 |    1.984 |    0.624 |  0.22 |   1.784 |   1.784 |      0 |
 |        349 |     731497 |   -204.374 |   -214.628 |    3.551 |    0.614 |  0.22 |   3.556 |   3.556 |      0 |
 |        350 |     733599 |   -204.374 |   -215.643 |    2.793 |    0.604 |  0.23 |   2.582 |   2.582 |      0 |
 |        351 |     735701 |   -204.374 |   -211.929 |    1.943 |    0.594 |  0.20 |   3.396 |   3.396 |      0 |
 |        352 |     737803 |   -204.374 |   -212.527 |    2.660 |    0.584 |  0.24 |   0.932 |   0.932 |      0 |
 |        353 |     739905 |   -204.374 |   -218.943 |    2.188 |    0.574 |  0.22 |   3.482 |   3.482 |      0 |
 |        354 |     742007 |   -204.374 |   -213.255 |    2.106 |    0.564 |  0.24 |   3.707 |   3.707 |      0 |
 |        355 |     744109 |   -204.374 |   -212.256 |    2.724 |    0.554 |  0.22 |   2.432 |   2.432 |      0 |
 |        356 |     746211 |   -204.374 |   -215.110 |    3.220 |    0.544 |  0.23 |   1.497 |   1.497 |      0 |
 |        357 |     748313 |   -204.374 |   -216.027 |    3.144 |    0.534 |  0.21 |   0.653 |   0.653 |      0 |
 |        358 |     750415 |   -204.374 |   -215.290 |    3.216 |    0.524 |  0.21 |   1.750 |   1.750 |      0 |
 |        359 |     752517 |   -204.374 |   -216.843 |    4.448 |    0.514 |  0.20 |   3.633 |   3.633 |      0 |
 |        360 |     754619 |   -204.374 |   -212.404 |    2.695 |    0.504 |  0.20 |   3.419 |   3.419 |      0 |
 |        361 |     756721 |   -204.374 |   -214.380 |    2.001 |    0.494 |  0.20 |   1.248 |   1.248 |      0 |
 |        362 |     758823 |   -204.374 |   -216.319 |    2.450 |    0.484 |  0.22 |   0.672 |   0.672 |      0 |
 |        363 |     760925 |   -204.374 |   -212.693 |    3.265 |    0.474 |  0.20 |   2.455 |   2.455 |      0 |
 |        364 |     763027 |   -204.374 |   -211.666 |    2.380 |    0.464 |  0.21 |   2.728 |   2.728 |      0 |
 |        365 |     765129 |   -204.374 |   -210.588 |    1.453 |    0.454 |  0.20 |   2.893 |   2.893 |      0 |
 |        366 |     767231 |   -204.374 |   -210.727 |    3.137 |    0.444 |  0.20 |   1.703 |   1.703 |      0 |
 |        367 |     769333 |   -204.374 |   -211.770 |    2.297 |    0.434 |  0.19 |   2.278 |   2.278 |      0 |
 |        368 |     771435 |   -204.374 |   -213.484 |    3.085 |    0.424 |  0.21 |   3.691 |   3.691 |      0 |
 |        369 |     773537 |   -204.374 |   -210.666 |    2.137 |    0.414 |  0.18 |   1.747 |   1.747 |      0 |
 |        370 |     775639 |   -204.374 |   -210.014 |    1.812 |    0.404 |  0.20 |   0.344 |   0.344 |      0 |
 |        371 |     777741 |   -204.374 |   -209.293 |    1.820 |    0.394 |  0.18 |   1.453 |   1.453 |      0 |
 |        372 |     779843 |   -204.374 |   -209.074 |    1.897 |    0.384 |  0.17 |   3.400 |   3.400 |      0 |
 |        373 |     781945 |   -204.374 |   -208.983 |    1.147 |    0.374 |  0.19 |   2.339 |   2.339 |      0 |
 |        374 |     784047 |   -204.374 |   -208.959 |    1.455 |    0.364 |  0.18 |   3.962 |   3.962 |      0 |
 |        375 |     786149 |   -204.374 |   -209.726 |    1.594 |    0.354 |  0.18 |   1.240 |   1.240 |      0 |
 |        376 |     788251 |   -204.374 |   -208.864 |    1.686 |    0.344 |  0.18 |   1.976 |   1.976 |      0 |
 |        377 |     790353 |   -204.374 |   -208.228 |    0.945 |    0.334 |  0.16 |   3.066 |   3.066 |      0 |
 |        378 |     792455 |   -204.374 |   -208.870 |    2.153 |    0.324 |  0.18 |   2.938 |   2.938 |      0 |
 |        379 |     794557 |   -204.374 |   -209.291 |    1.597 |    0.314 |  0.20 |   0.977 |   0.977 |      0 |
 |        380 |     796659 |   -204.374 |   -209.544 |    0.963 |    0.304 |  0.19 |   3.846 |   3.846 |      0 |
 |        381 |     798761 |   -204.374 |   -209.566 |    1.593 |    0.294 |  0.20 |   1.433 |   1.433 |      0 |
 |        382 |     800863 |   -204.374 |   -209.245 |    1.749 |    0.284 |  0.18 |   0.509 |   0.509 |      0 |
 |        383 |     802965 |   -204.374 |   -208.130 |    0.757 |    0.274 |  0.16 |   0.522 |   0.522 |      0 |
 |        384 |     805067 |   -204.374 |   -207.448 |    0.547 |    0.264 |  0.17 |   3.485 |   3.485 |      0 |
 |        385 |     807169 |   -204.374 |   -208.257 |    1.385 |    0.254 |  0.18 |   1.960 |   1.960 |      0 |
 |        386 |     809271 |   -204.374 |   -208.386 |    1.026 |    0.244 |  0.17 |   1.608 |   1.608 |      0 |
 |        387 |     811373 |   -204.374 |   -209.044 |    1.300 |    0.234 |  0.17 |   1.952 |   1.952 |      0 |
 |        388 |     813475 |   -204.374 |   -208.213 |    0.670 |    0.224 |  0.15 |   2.708 |   2.708 |      0 |
 |        389 |     815577 |   -204.374 |   -208.101 |    0.792 |    0.214 |  0.13 |   3.830 |   3.830 |      0 |
 |        390 |     817679 |   -204.374 |   -208.594 |    1.269 |    0.204 |  0.15 |   2.631 |   2.631 |      0 |
 |        391 |     819781 |   -204.374 |   -209.493 |    2.088 |    0.194 |  0.17 |   2.875 |   2.875 |      0 |
 |        392 |     821883 |   -204.374 |   -209.445 |    2.200 |    0.184 |  0.16 |   2.050 |   2.050 |      0 |
 |        393 |     823985 |   -204.374 |   -207.844 |    0.382 |    0.174 |  0.16 |   0.766 |   0.766 |      0 |
 |        394 |     826087 |   -204.374 |   -207.875 |    0.589 |    0.164 |  0.15 |   1.884 |   1.884 |      0 |
 |        395 |     828189 |   -204.374 |   -207.665 |    1.088 |    0.154 |  0.16 |   1.137 |   1.137 |      0 |
 |        396 |     830291 |   -204.374 |   -207.174 |    0.442 |    0.144 |  0.15 |   2.415 |   2.415 |      0 |
 |        397 |     832393 |   -204.374 |   -207.056 |    0.219 |    0.134 |  0.14 |   3.306 |   3.306 |      0 |
 |        398 |     834495 |   -204.374 |   -208.710 |    0.940 |    0.124 |  0.15 |   0.461 |   0.461 |      0 |
 |        399 |     836597 |   -204.374 |   -207.215 |    0.572 |    0.114 |  0.16 |   1.069 |   1.069 |      0 |
 |        400 |     838699 |   -204.374 |   -207.043 |    0.413 |    0.104 |  0.15 |   0.926 |   0.926 |      0 |
 |        401 |     840801 |   -204.374 |   -206.880 |    0.217 |    0.094 |  0.14 |   2.168 |   2.168 |      0 |
 |        402 |     842903 |   -204.374 |   -206.798 |    0.188 |    0.084 |  0.15 |   3.677 |   3.677 |      0 |
 |        403 |     845005 |   -204.374 |   -206.727 |    0.196 |    0.074 |  0.13 |   1.660 |   1.660 |      0 |
 |        404 |     847107 |   -204.374 |   -206.833 |    0.399 |    0.064 |  0.13 |   1.440 |   1.440 |      0 |
 |        405 |     849209 |   -204.374 |   -208.103 |    0.406 |    0.054 |  0.14 |   2.250 |   2.250 |      0 |
 |        406 |     851311 |   -204.374 |   -207.739 |    0.037 |    0.044 |  0.11 |   3.981 |   3.981 |      0 |
 |        407 |     853413 |   -204.374 |   -207.690 |    0.067 |    0.034 |  0.12 |   1.609 |   1.609 |      0 |
 |        408 |     855515 |   -204.374 |   -207.677 |    0.050 |    0.024 |  0.12 |   3.259 |   3.259 |      0 |
 |        409 |     857617 |   -204.374 |   -207.611 |    0.021 |    0.014 |  0.11 |   1.032 |   1.032 |      0 |
 |        410 |     859719 |   -204.374 |   -206.757 |    0.509 |    0.004 |  0.09 |   3.487 |   3.487 |      0 |
 |        411 |     861821 |   -204.374 |   -206.439 |    0.000 |    0.000 |  0.00 |   3.487 |   3.487 |      0 |
 +------------+------------+------------+------------+----------+----------+-------+---------+---------+--------+

Time Chain 0: 0.000000
Time Chain 1: 1.000000
