This file contains any messages produced by compilers while
running configure, to aid debugging if configure makes a mistake.

It was created by FRANz configure 1.2.3, which was
generated by GNU Autoconf 2.63.  Invocation command line was

  $ ./configure 

## --------- ##
## Platform. ##
## --------- ##

hostname = Seans-MacBook-Pro.local
uname -m = x86_64
uname -r = 21.6.0
uname -s = Darwin
uname -v = Darwin Kernel Version 21.6.0: Mon Aug 22 20:17:10 PDT 2022; root:xnu-8020.140.49~2/RELEASE_X86_64

/usr/bin/uname -p = i386
/bin/uname -X     = unknown

/bin/arch              = unknown
/usr/bin/arch -k       = unknown
/usr/convex/getsysinfo = unknown
/usr/bin/hostinfo      = Mach kernel version:
	 Darwin Kernel Version 21.6.0: Mon Aug 22 20:17:10 PDT 2022; root:xnu-8020.140.49~2/RELEASE_X86_64
Kernel configured for up to 12 processors.
6 processors are physically available.
12 processors are logically available.
Processor type: x86_64h (Intel x86-64h Haswell)
Processors active: 0 1 2 3 4 5 6 7 8 9 10 11
Primary memory available: 16.00 gigabytes
Default processor set: 672 tasks, 5529 threads, 12 processors
Load average: 2.71, Mach factor: 9.28
/bin/machine           = unknown
/usr/bin/oslevel       = unknown
/bin/universe          = unknown

PATH: /Users/seanbergan/opt/anaconda3/bin
PATH: /Users/seanbergan/opt/anaconda3/condabin
PATH: /Library/Frameworks/Python.framework/Versions/3.10/bin
PATH: /usr/local/bin
PATH: /usr/bin
PATH: /bin
PATH: /usr/sbin
PATH: /sbin
PATH: /usr/local/share/dotnet
PATH: /opt/X11/bin
PATH: ~/.dotnet/tools
PATH: /Library/Apple/usr/bin
PATH: /Library/Frameworks/Mono.framework/Versions/Current/Commands


## ----------- ##
## Core tests. ##
## ----------- ##

configure:1884: checking for a BSD-compatible install
configure:1952: result: /usr/bin/install -c
configure:1963: checking whether build environment is sane
configure:2023: result: yes
configure:2164: checking for a thread-safe mkdir -p
configure:2203: result: ./install-sh -c -d
configure:2216: checking for gawk
configure:2246: result: no
configure:2216: checking for mawk
configure:2246: result: no
configure:2216: checking for nawk
configure:2246: result: no
configure:2216: checking for awk
configure:2232: found /usr/bin/awk
configure:2243: result: awk
configure:2254: checking whether make sets $(MAKE)
configure:2276: result: yes
configure:2412: checking for gcc
configure:2428: found /usr/bin/gcc
configure:2439: result: gcc
configure:2671: checking for C compiler version
configure:2679: gcc --version >&5
Apple clang version 14.0.0 (clang-1400.0.29.202)
Target: x86_64-apple-darwin21.6.0
Thread model: posix
InstalledDir: /Applications/Xcode.app/Contents/Developer/Toolchains/XcodeDefault.xctoolchain/usr/bin
configure:2683: $? = 0
configure:2690: gcc -v >&5
Apple clang version 14.0.0 (clang-1400.0.29.202)
Target: x86_64-apple-darwin21.6.0
Thread model: posix
InstalledDir: /Applications/Xcode.app/Contents/Developer/Toolchains/XcodeDefault.xctoolchain/usr/bin
configure:2694: $? = 0
configure:2701: gcc -V >&5
clang: error: argument to '-V' is missing (expected 1 value)
clang: error: no input files
configure:2705: $? = 1
configure:2728: checking for C compiler default output file name
configure:2750: gcc    conftest.c  >&5
configure:2754: $? = 0
configure:2792: result: a.out
configure:2811: checking whether the C compiler works
configure:2821: ./a.out
configure:2825: $? = 0
configure:2844: result: yes
configure:2851: checking whether we are cross compiling
configure:2853: result: no
configure:2856: checking for suffix of executables
configure:2863: gcc -o conftest    conftest.c  >&5
configure:2867: $? = 0
configure:2893: result: 
configure:2899: checking for suffix of object files
configure:2925: gcc -c   conftest.c >&5
configure:2929: $? = 0
configure:2954: result: o
configure:2958: checking whether we are using the GNU C compiler
configure:2987: gcc -c   conftest.c >&5
configure:2994: $? = 0
configure:3011: result: yes
configure:3020: checking whether gcc accepts -g
configure:3050: gcc -c -g  conftest.c >&5
configure:3057: $? = 0
configure:3158: result: yes
configure:3175: checking for gcc option to accept ISO C89
configure:3249: gcc  -c -g -O2  conftest.c >&5
configure:3256: $? = 0
configure:3279: result: none needed
configure:3308: checking for style of include used by make
configure:3336: result: GNU
configure:3361: checking dependency style of gcc
configure:3471: result: gcc3
configure:3487: checking whether gcc and cc understand -c and -o together
configure:3522: gcc -c conftest.c -o conftest2.o >&5
configure:3526: $? = 0
configure:3532: gcc -c conftest.c -o conftest2.o >&5
configure:3536: $? = 0
configure:3547: cc -c conftest.c >&5
configure:3551: $? = 0
configure:3559: cc -c conftest.c -o conftest2.o >&5
configure:3563: $? = 0
configure:3569: cc -c conftest.c -o conftest2.o >&5
configure:3573: $? = 0
configure:3591: result: yes
configure:3623: checking for main in -lm
configure:3652: gcc -o conftest -g -O2   conftest.c -lm   >&5
configure:3659: $? = 0
configure:3680: result: yes
configure:3698: checking how to run the C preprocessor
configure:3738: gcc -E  conftest.c
configure:3745: $? = 0
configure:3776: gcc -E  conftest.c
conftest.c:11:10: fatal error: 'ac_nonexistent.h' file not found
#include <ac_nonexistent.h>
         ^~~~~~~~~~~~~~~~~~
1 error generated.
configure:3783: $? = 1
configure: failed program was:
| /* confdefs.h.  */
| #define PACKAGE_NAME "FRANz"
| #define PACKAGE_TARNAME "franz"
| #define PACKAGE_VERSION "1.2.3"
| #define PACKAGE_STRING "FRANz 1.2.3"
| #define PACKAGE_BUGREPORT "markus@bioinf.uni-leipzig.de "
| #define PACKAGE "FRANz"
| #define VERSION "1.2.3"
| #define HAVE_LIBM 1
| /* end confdefs.h.  */
| #include <ac_nonexistent.h>
configure:3816: result: gcc -E
configure:3845: gcc -E  conftest.c
configure:3852: $? = 0
configure:3883: gcc -E  conftest.c
conftest.c:11:10: fatal error: 'ac_nonexistent.h' file not found
#include <ac_nonexistent.h>
         ^~~~~~~~~~~~~~~~~~
1 error generated.
configure:3890: $? = 1
configure: failed program was:
| /* confdefs.h.  */
| #define PACKAGE_NAME "FRANz"
| #define PACKAGE_TARNAME "franz"
| #define PACKAGE_VERSION "1.2.3"
| #define PACKAGE_STRING "FRANz 1.2.3"
| #define PACKAGE_BUGREPORT "markus@bioinf.uni-leipzig.de "
| #define PACKAGE "FRANz"
| #define VERSION "1.2.3"
| #define HAVE_LIBM 1
| /* end confdefs.h.  */
| #include <ac_nonexistent.h>
configure:3930: checking for grep that handles long lines and -e
configure:3990: result: /usr/bin/grep
configure:3995: checking for egrep
configure:4059: result: /usr/bin/grep -E
configure:4064: checking for ANSI C header files
configure:4094: gcc -c -g -O2  conftest.c >&5
configure:4101: $? = 0
configure:4200: gcc -o conftest -g -O2   conftest.c -lm  >&5
configure:4204: $? = 0
configure:4210: ./conftest
configure:4214: $? = 0
configure:4232: result: yes
configure:4256: checking for sys/types.h
configure:4277: gcc -c -g -O2  conftest.c >&5
configure:4284: $? = 0
configure:4301: result: yes
configure:4256: checking for sys/stat.h
configure:4277: gcc -c -g -O2  conftest.c >&5
configure:4284: $? = 0
configure:4301: result: yes
configure:4256: checking for stdlib.h
configure:4277: gcc -c -g -O2  conftest.c >&5
configure:4284: $? = 0
configure:4301: result: yes
configure:4256: checking for string.h
configure:4277: gcc -c -g -O2  conftest.c >&5
configure:4284: $? = 0
configure:4301: result: yes
configure:4256: checking for memory.h
configure:4277: gcc -c -g -O2  conftest.c >&5
configure:4284: $? = 0
configure:4301: result: yes
configure:4256: checking for strings.h
configure:4277: gcc -c -g -O2  conftest.c >&5
configure:4284: $? = 0
configure:4301: result: yes
configure:4256: checking for inttypes.h
configure:4277: gcc -c -g -O2  conftest.c >&5
configure:4284: $? = 0
configure:4301: result: yes
configure:4256: checking for stdint.h
configure:4277: gcc -c -g -O2  conftest.c >&5
configure:4284: $? = 0
configure:4301: result: yes
configure:4256: checking for unistd.h
configure:4277: gcc -c -g -O2  conftest.c >&5
configure:4284: $? = 0
configure:4301: result: yes
configure:4325: checking for stdlib.h
configure:4332: result: yes
configure:4336: checking stdbool.h usability
configure:4353: gcc -c -g -O2  conftest.c >&5
configure:4360: $? = 0
configure:4374: result: yes
configure:4378: checking stdbool.h presence
configure:4393: gcc -E  conftest.c
configure:4400: $? = 0
configure:4414: result: yes
configure:4447: checking for stdbool.h
configure:4456: result: yes
configure:4325: checking for string.h
configure:4332: result: yes
configure:4336: checking math.h usability
configure:4353: gcc -c -g -O2  conftest.c >&5
configure:4360: $? = 0
configure:4374: result: yes
configure:4378: checking math.h presence
configure:4393: gcc -E  conftest.c
configure:4400: $? = 0
configure:4414: result: yes
configure:4447: checking for math.h
configure:4456: result: yes
configure:4336: checking sys/time.h usability
configure:4353: gcc -c -g -O2  conftest.c >&5
configure:4360: $? = 0
configure:4374: result: yes
configure:4378: checking sys/time.h presence
configure:4393: gcc -E  conftest.c
configure:4400: $? = 0
configure:4414: result: yes
configure:4447: checking for sys/time.h
configure:4456: result: yes
configure:4336: checking getopt.h usability
configure:4353: gcc -c -g -O2  conftest.c >&5
configure:4360: $? = 0
configure:4374: result: yes
configure:4378: checking getopt.h presence
configure:4393: gcc -E  conftest.c
configure:4400: $? = 0
configure:4414: result: yes
configure:4447: checking for getopt.h
configure:4456: result: yes
configure:4489: checking pthread.h usability
configure:4506: gcc -c -g -O2  conftest.c >&5
configure:4513: $? = 0
configure:4527: result: yes
configure:4531: checking pthread.h presence
configure:4546: gcc -E  conftest.c
configure:4553: $? = 0
configure:4567: result: yes
configure:4600: checking for pthread.h
configure:4609: result: yes
configure:4489: checking gvc.h usability
configure:4506: gcc -c -g -O2  conftest.c >&5
conftest.c:61:10: fatal error: 'gvc.h' file not found
#include <gvc.h>
         ^~~~~~~
1 error generated.
configure:4513: $? = 1
configure: failed program was:
| /* confdefs.h.  */
| #define PACKAGE_NAME "FRANz"
| #define PACKAGE_TARNAME "franz"
| #define PACKAGE_VERSION "1.2.3"
| #define PACKAGE_STRING "FRANz 1.2.3"
| #define PACKAGE_BUGREPORT "markus@bioinf.uni-leipzig.de "
| #define PACKAGE "FRANz"
| #define VERSION "1.2.3"
| #define HAVE_LIBM 1
| #define STDC_HEADERS 1
| #define HAVE_SYS_TYPES_H 1
| #define HAVE_SYS_STAT_H 1
| #define HAVE_STDLIB_H 1
| #define HAVE_STRING_H 1
| #define HAVE_MEMORY_H 1
| #define HAVE_STRINGS_H 1
| #define HAVE_INTTYPES_H 1
| #define HAVE_STDINT_H 1
| #define HAVE_UNISTD_H 1
| #define HAVE_STDLIB_H 1
| #define HAVE_STDBOOL_H 1
| #define HAVE_STRING_H 1
| #define HAVE_MATH_H 1
| #define HAVE_SYS_TIME_H 1
| #define HAVE_GETOPT_H 1
| #define HAVE_PTHREAD_H 1
| /* end confdefs.h.  */
| #include <stdio.h>
| #ifdef HAVE_SYS_TYPES_H
| # include <sys/types.h>
| #endif
| #ifdef HAVE_SYS_STAT_H
| # include <sys/stat.h>
| #endif
| #ifdef STDC_HEADERS
| # include <stdlib.h>
| # include <stddef.h>
| #else
| # ifdef HAVE_STDLIB_H
| #  include <stdlib.h>
| # endif
| #endif
| #ifdef HAVE_STRING_H
| # if !defined STDC_HEADERS && defined HAVE_MEMORY_H
| #  include <memory.h>
| # endif
| # include <string.h>
| #endif
| #ifdef HAVE_STRINGS_H
| # include <strings.h>
| #endif
| #ifdef HAVE_INTTYPES_H
| # include <inttypes.h>
| #endif
| #ifdef HAVE_STDINT_H
| # include <stdint.h>
| #endif
| #ifdef HAVE_UNISTD_H
| # include <unistd.h>
| #endif
| #include <gvc.h>
configure:4527: result: no
configure:4531: checking gvc.h presence
configure:4546: gcc -E  conftest.c
conftest.c:28:10: fatal error: 'gvc.h' file not found
#include <gvc.h>
         ^~~~~~~
1 error generated.
configure:4553: $? = 1
configure: failed program was:
| /* confdefs.h.  */
| #define PACKAGE_NAME "FRANz"
| #define PACKAGE_TARNAME "franz"
| #define PACKAGE_VERSION "1.2.3"
| #define PACKAGE_STRING "FRANz 1.2.3"
| #define PACKAGE_BUGREPORT "markus@bioinf.uni-leipzig.de "
| #define PACKAGE "FRANz"
| #define VERSION "1.2.3"
| #define HAVE_LIBM 1
| #define STDC_HEADERS 1
| #define HAVE_SYS_TYPES_H 1
| #define HAVE_SYS_STAT_H 1
| #define HAVE_STDLIB_H 1
| #define HAVE_STRING_H 1
| #define HAVE_MEMORY_H 1
| #define HAVE_STRINGS_H 1
| #define HAVE_INTTYPES_H 1
| #define HAVE_STDINT_H 1
| #define HAVE_UNISTD_H 1
| #define HAVE_STDLIB_H 1
| #define HAVE_STDBOOL_H 1
| #define HAVE_STRING_H 1
| #define HAVE_MATH_H 1
| #define HAVE_SYS_TIME_H 1
| #define HAVE_GETOPT_H 1
| #define HAVE_PTHREAD_H 1
| /* end confdefs.h.  */
| #include <gvc.h>
configure:4567: result: no
configure:4600: checking for gvc.h
configure:4609: result: no
configure:4625: checking for main in -lpthread
configure:4654: gcc -o conftest -g -O2   conftest.c -lpthread  -lm  >&5
configure:4661: $? = 0
configure:4682: result: yes
configure:4695: checking for an ANSI C-conforming const
configure:4770: gcc -c -g -O2  conftest.c >&5
configure:4777: $? = 0
configure:4792: result: yes
configure:4802: checking for size_t
configure:4830: gcc -c -g -O2  conftest.c >&5
configure:4837: $? = 0
configure:4864: gcc -c -g -O2  conftest.c >&5
conftest.c:65:21: error: expected expression
if (sizeof ((size_t)))
                    ^
1 error generated.
configure:4871: $? = 1
configure: failed program was:
| /* confdefs.h.  */
| #define PACKAGE_NAME "FRANz"
| #define PACKAGE_TARNAME "franz"
| #define PACKAGE_VERSION "1.2.3"
| #define PACKAGE_STRING "FRANz 1.2.3"
| #define PACKAGE_BUGREPORT "markus@bioinf.uni-leipzig.de "
| #define PACKAGE "FRANz"
| #define VERSION "1.2.3"
| #define HAVE_LIBM 1
| #define STDC_HEADERS 1
| #define HAVE_SYS_TYPES_H 1
| #define HAVE_SYS_STAT_H 1
| #define HAVE_STDLIB_H 1
| #define HAVE_STRING_H 1
| #define HAVE_MEMORY_H 1
| #define HAVE_STRINGS_H 1
| #define HAVE_INTTYPES_H 1
| #define HAVE_STDINT_H 1
| #define HAVE_UNISTD_H 1
| #define HAVE_STDLIB_H 1
| #define HAVE_STDBOOL_H 1
| #define HAVE_STRING_H 1
| #define HAVE_MATH_H 1
| #define HAVE_SYS_TIME_H 1
| #define HAVE_GETOPT_H 1
| #define HAVE_PTHREAD_H 1
| #define HAVE_LIBPTHREAD 1
| /* end confdefs.h.  */
| #include <stdio.h>
| #ifdef HAVE_SYS_TYPES_H
| # include <sys/types.h>
| #endif
| #ifdef HAVE_SYS_STAT_H
| # include <sys/stat.h>
| #endif
| #ifdef STDC_HEADERS
| # include <stdlib.h>
| # include <stddef.h>
| #else
| # ifdef HAVE_STDLIB_H
| #  include <stdlib.h>
| # endif
| #endif
| #ifdef HAVE_STRING_H
| # if !defined STDC_HEADERS && defined HAVE_MEMORY_H
| #  include <memory.h>
| # endif
| # include <string.h>
| #endif
| #ifdef HAVE_STRINGS_H
| # include <strings.h>
| #endif
| #ifdef HAVE_INTTYPES_H
| # include <inttypes.h>
| #endif
| #ifdef HAVE_STDINT_H
| # include <stdint.h>
| #endif
| #ifdef HAVE_UNISTD_H
| # include <unistd.h>
| #endif
| int
| main ()
| {
| if (sizeof ((size_t)))
| 	  return 0;
|   ;
|   return 0;
| }
configure:4894: result: yes
configure:4913: checking for stdlib.h
configure:4920: result: yes
configure:5059: checking for GNU libc compatible malloc
configure:5093: gcc -o conftest -g -O2   conftest.c -lpthread -lm  >&5
configure:5097: $? = 0
configure:5103: ./conftest
configure:5107: $? = 0
configure:5124: result: yes
configure:5156: checking for vprintf
configure:5212: gcc -o conftest -g -O2   conftest.c -lpthread -lm  >&5
conftest.c:54:6: warning: incompatible redeclaration of library function 'vprintf' [-Wincompatible-library-redeclaration]
char vprintf ();
     ^
conftest.c:54:6: note: 'vprintf' is a builtin with type 'int (const char *, struct __va_list_tag *)'
1 warning generated.
configure:5219: $? = 0
configure:5241: result: yes
configure:5250: checking for _doprnt
configure:5306: gcc -o conftest -g -O2   conftest.c -lpthread -lm  >&5
Undefined symbols for architecture x86_64:
  "__doprnt", referenced from:
      _main in conftest-e67809.o
ld: symbol(s) not found for architecture x86_64
clang: error: linker command failed with exit code 1 (use -v to see invocation)
configure:5313: $? = 1
configure: failed program was:
| /* confdefs.h.  */
| #define PACKAGE_NAME "FRANz"
| #define PACKAGE_TARNAME "franz"
| #define PACKAGE_VERSION "1.2.3"
| #define PACKAGE_STRING "FRANz 1.2.3"
| #define PACKAGE_BUGREPORT "markus@bioinf.uni-leipzig.de "
| #define PACKAGE "FRANz"
| #define VERSION "1.2.3"
| #define HAVE_LIBM 1
| #define STDC_HEADERS 1
| #define HAVE_SYS_TYPES_H 1
| #define HAVE_SYS_STAT_H 1
| #define HAVE_STDLIB_H 1
| #define HAVE_STRING_H 1
| #define HAVE_MEMORY_H 1
| #define HAVE_STRINGS_H 1
| #define HAVE_INTTYPES_H 1
| #define HAVE_STDINT_H 1
| #define HAVE_UNISTD_H 1
| #define HAVE_STDLIB_H 1
| #define HAVE_STDBOOL_H 1
| #define HAVE_STRING_H 1
| #define HAVE_MATH_H 1
| #define HAVE_SYS_TIME_H 1
| #define HAVE_GETOPT_H 1
| #define HAVE_PTHREAD_H 1
| #define HAVE_LIBPTHREAD 1
| #define HAVE_STDLIB_H 1
| #define HAVE_MALLOC 1
| #define HAVE_VPRINTF 1
| /* end confdefs.h.  */
| /* Define _doprnt to an innocuous variant, in case <limits.h> declares _doprnt.
|    For example, HP-UX 11i <limits.h> declares gettimeofday.  */
| #define _doprnt innocuous__doprnt
| 
| /* System header to define __stub macros and hopefully few prototypes,
|     which can conflict with char _doprnt (); below.
|     Prefer <limits.h> to <assert.h> if __STDC__ is defined, since
|     <limits.h> exists even on freestanding compilers.  */
| 
| #ifdef __STDC__
| # include <limits.h>
| #else
| # include <assert.h>
| #endif
| 
| #undef _doprnt
| 
| /* Override any GCC internal prototype to avoid an error.
|    Use char because int might match the return type of a GCC
|    builtin and then its argument prototype would still apply.  */
| #ifdef __cplusplus
| extern "C"
| #endif
| char _doprnt ();
| /* The GNU C library defines this for functions which it implements
|     to always fail with ENOSYS.  Some functions are actually named
|     something starting with __ and the normal name is an alias.  */
| #if defined __stub__doprnt || defined __stub____doprnt
| choke me
| #endif
| 
| int
| main ()
| {
| return _doprnt ();
|   ;
|   return 0;
| }
configure:5333: result: no
configure:5362: checking for memset
configure:5418: gcc -o conftest -g -O2   conftest.c -lpthread -lm  >&5
conftest.c:55:6: warning: incompatible redeclaration of library function 'memset' [-Wincompatible-library-redeclaration]
char memset ();
     ^
conftest.c:55:6: note: 'memset' is a builtin with type 'void *(void *, int, unsigned long)'
1 warning generated.
configure:5425: $? = 0
configure:5447: result: yes
configure:5362: checking for memmove
configure:5418: gcc -o conftest -g -O2   conftest.c -lpthread -lm  >&5
conftest.c:56:6: warning: incompatible redeclaration of library function 'memmove' [-Wincompatible-library-redeclaration]
char memmove ();
     ^
conftest.c:56:6: note: 'memmove' is a builtin with type 'void *(void *, const void *, unsigned long)'
1 warning generated.
configure:5425: $? = 0
configure:5447: result: yes
configure:5362: checking for memcpy
configure:5418: gcc -o conftest -g -O2   conftest.c -lpthread -lm  >&5
conftest.c:57:6: warning: incompatible redeclaration of library function 'memcpy' [-Wincompatible-library-redeclaration]
char memcpy ();
     ^
conftest.c:57:6: note: 'memcpy' is a builtin with type 'void *(void *, const void *, unsigned long)'
1 warning generated.
configure:5425: $? = 0
configure:5447: result: yes
configure:5362: checking for pow
configure:5418: gcc -o conftest -g -O2   conftest.c -lpthread -lm  >&5
conftest.c:58:6: warning: incompatible redeclaration of library function 'pow' [-Wincompatible-library-redeclaration]
char pow ();
     ^
conftest.c:58:6: note: 'pow' is a builtin with type 'double (double, double)'
1 warning generated.
configure:5425: $? = 0
configure:5447: result: yes
configure:5362: checking for exp
configure:5418: gcc -o conftest -g -O2   conftest.c -lpthread -lm  >&5
conftest.c:59:6: warning: incompatible redeclaration of library function 'exp' [-Wincompatible-library-redeclaration]
char exp ();
     ^
conftest.c:59:6: note: 'exp' is a builtin with type 'double (double)'
1 warning generated.
configure:5425: $? = 0
configure:5447: result: yes
configure:5362: checking for log
configure:5418: gcc -o conftest -g -O2   conftest.c -lpthread -lm  >&5
conftest.c:60:6: warning: incompatible redeclaration of library function 'log' [-Wincompatible-library-redeclaration]
char log ();
     ^
conftest.c:60:6: note: 'log' is a builtin with type 'double (double)'
1 warning generated.
configure:5425: $? = 0
configure:5447: result: yes
configure:5362: checking for sqrt
configure:5418: gcc -o conftest -g -O2   conftest.c -lpthread -lm  >&5
conftest.c:61:6: warning: incompatible redeclaration of library function 'sqrt' [-Wincompatible-library-redeclaration]
char sqrt ();
     ^
conftest.c:61:6: note: 'sqrt' is a builtin with type 'double (double)'
1 warning generated.
configure:5425: $? = 0
configure:5447: result: yes
configure:5362: checking for strcasecmp
configure:5418: gcc -o conftest -g -O2   conftest.c -lpthread -lm  >&5
conftest.c:62:6: warning: incompatible redeclaration of library function 'strcasecmp' [-Wincompatible-library-redeclaration]
char strcasecmp ();
     ^
conftest.c:62:6: note: 'strcasecmp' is a builtin with type 'int (const char *, const char *)'
1 warning generated.
configure:5425: $? = 0
configure:5447: result: yes
configure:5362: checking for strchr
configure:5418: gcc -o conftest -g -O2   conftest.c -lpthread -lm  >&5
conftest.c:63:6: warning: incompatible redeclaration of library function 'strchr' [-Wincompatible-library-redeclaration]
char strchr ();
     ^
conftest.c:63:6: note: 'strchr' is a builtin with type 'char *(const char *, int)'
1 warning generated.
configure:5425: $? = 0
configure:5447: result: yes
configure:5362: checking for strrchr
configure:5418: gcc -o conftest -g -O2   conftest.c -lpthread -lm  >&5
conftest.c:64:6: warning: incompatible redeclaration of library function 'strrchr' [-Wincompatible-library-redeclaration]
char strrchr ();
     ^
conftest.c:64:6: note: 'strrchr' is a builtin with type 'char *(const char *, int)'
1 warning generated.
configure:5425: $? = 0
configure:5447: result: yes
configure:5362: checking for atexit
configure:5418: gcc -o conftest -g -O2   conftest.c -lpthread -lm  >&5
configure:5425: $? = 0
configure:5447: result: yes
configure:5362: checking for isnan
configure:5418: gcc -o conftest -g -O2   conftest.c -lpthread -lm  >&5
configure:5425: $? = 0
configure:5447: result: yes
configure:5467: checking for vasprintf
configure:5523: gcc -o conftest -g -O2   conftest.c -lpthread -lm  >&5
conftest.c:78:19: warning: format string missing [-Wformat]
return vasprintf ();
       ~~~~~~~~~  ^
1 warning generated.
configure:5530: $? = 0
configure:5552: result: yes
configure:5467: checking for flockfile
configure:5523: gcc -o conftest -g -O2   conftest.c -lpthread -lm  >&5
configure:5530: $? = 0
configure:5552: result: yes
configure:5467: checking for funlockfile
configure:5523: gcc -o conftest -g -O2   conftest.c -lpthread -lm  >&5
configure:5530: $? = 0
configure:5552: result: yes
configure:5467: checking for asprintf
configure:5523: gcc -o conftest -g -O2   conftest.c -lpthread -lm  >&5
conftest.c:81:18: warning: format string missing [-Wformat]
return asprintf ();
       ~~~~~~~~  ^
1 warning generated.
configure:5530: $? = 0
configure:5552: result: yes
configure:5467: checking for snprintf
configure:5523: gcc -o conftest -g -O2   conftest.c -lpthread -lm  >&5
conftest.c:71:6: warning: incompatible redeclaration of library function 'snprintf' [-Wincompatible-library-redeclaration]
char snprintf ();
     ^
conftest.c:71:6: note: 'snprintf' is a builtin with type 'int (char *, unsigned long, const char *, ...)'
1 warning generated.
configure:5530: $? = 0
configure:5552: result: yes
configure:5807: checking for ranlib
configure:5823: found /Users/seanbergan/opt/anaconda3/bin/ranlib
configure:5834: result: ranlib
configure:5980: creating ./config.status

## ---------------------- ##
## Running config.status. ##
## ---------------------- ##

This file was extended by FRANz config.status 1.2.3, which was
generated by GNU Autoconf 2.63.  Invocation command line was

  CONFIG_FILES    = 
  CONFIG_HEADERS  = 
  CONFIG_LINKS    = 
  CONFIG_COMMANDS = 
  $ ./config.status 

on Seans-MacBook-Pro.local

config.status:812: creating Makefile
config.status:812: creating libdir/Makefile
config.status:812: creating libdir/dcmt/Makefile
config.status:812: creating libdir/dcmt/lib/Makefile
config.status:812: creating libdir/dcmt/include/Makefile
config.status:812: creating examples/Makefile
config.status:812: creating man/Makefile
config.status:812: creating t/Makefile
config.status:812: creating src/Makefile
config.status:812: creating config.h
config.status:1086: executing depfiles commands

## ---------------- ##
## Cache variables. ##
## ---------------- ##

ac_cv_c_compiler_gnu=yes
ac_cv_c_const=yes
ac_cv_env_CC_set=
ac_cv_env_CC_value=
ac_cv_env_CFLAGS_set=
ac_cv_env_CFLAGS_value=
ac_cv_env_CPPFLAGS_set=
ac_cv_env_CPPFLAGS_value=
ac_cv_env_CPP_set=
ac_cv_env_CPP_value=
ac_cv_env_LDFLAGS_set=
ac_cv_env_LDFLAGS_value=
ac_cv_env_LIBS_set=
ac_cv_env_LIBS_value=
ac_cv_env_build_alias_set=
ac_cv_env_build_alias_value=
ac_cv_env_host_alias_set=
ac_cv_env_host_alias_value=
ac_cv_env_target_alias_set=
ac_cv_env_target_alias_value=
ac_cv_func__doprnt=no
ac_cv_func_asprintf=yes
ac_cv_func_atexit=yes
ac_cv_func_exp=yes
ac_cv_func_flockfile=yes
ac_cv_func_funlockfile=yes
ac_cv_func_isnan=yes
ac_cv_func_log=yes
ac_cv_func_malloc_0_nonnull=yes
ac_cv_func_memcpy=yes
ac_cv_func_memmove=yes
ac_cv_func_memset=yes
ac_cv_func_pow=yes
ac_cv_func_snprintf=yes
ac_cv_func_sqrt=yes
ac_cv_func_strcasecmp=yes
ac_cv_func_strchr=yes
ac_cv_func_strrchr=yes
ac_cv_func_vasprintf=yes
ac_cv_func_vprintf=yes
ac_cv_header_getopt_h=yes
ac_cv_header_gvc_h=no
ac_cv_header_inttypes_h=yes
ac_cv_header_math_h=yes
ac_cv_header_memory_h=yes
ac_cv_header_pthread_h=yes
ac_cv_header_stdbool_h=yes
ac_cv_header_stdc=yes
ac_cv_header_stdint_h=yes
ac_cv_header_stdlib_h=yes
ac_cv_header_string_h=yes
ac_cv_header_strings_h=yes
ac_cv_header_sys_stat_h=yes
ac_cv_header_sys_time_h=yes
ac_cv_header_sys_types_h=yes
ac_cv_header_unistd_h=yes
ac_cv_lib_m_main=yes
ac_cv_lib_pthread_main=yes
ac_cv_objext=o
ac_cv_path_EGREP='/usr/bin/grep -E'
ac_cv_path_GREP=/usr/bin/grep
ac_cv_path_install='/usr/bin/install -c'
ac_cv_prog_AWK=awk
ac_cv_prog_CPP='gcc -E'
ac_cv_prog_ac_ct_CC=gcc
ac_cv_prog_ac_ct_RANLIB=ranlib
ac_cv_prog_cc_c89=
ac_cv_prog_cc_g=yes
ac_cv_prog_cc_gcc_c_o=yes
ac_cv_prog_make_make_set=yes
ac_cv_type_size_t=yes
am_cv_CC_dependencies_compiler_type=gcc3

## ----------------- ##
## Output variables. ##
## ----------------- ##

ACLOCAL='${SHELL} "/Users/seanbergan/Documents/BIOL 459W/old-franz/FRANz-1.2.3/missing" --run aclocal-1.11'
AMDEPBACKSLASH='\'
AMDEP_FALSE='#'
AMDEP_TRUE=''
AMTAR='${SHELL} "/Users/seanbergan/Documents/BIOL 459W/old-franz/FRANz-1.2.3/missing" --run tar'
AUTOCONF='${SHELL} "/Users/seanbergan/Documents/BIOL 459W/old-franz/FRANz-1.2.3/missing" --run autoconf'
AUTOHEADER='${SHELL} "/Users/seanbergan/Documents/BIOL 459W/old-franz/FRANz-1.2.3/missing" --run autoheader'
AUTOMAKE='${SHELL} "/Users/seanbergan/Documents/BIOL 459W/old-franz/FRANz-1.2.3/missing" --run automake-1.11'
AWK='awk'
CC='gcc'
CCDEPMODE='depmode=gcc3'
CFLAGS='-g -O2  -std=c99 -O3 -pedantic -Wall'
CPP='gcc -E'
CPPFLAGS=''
CYGPATH_W='echo'
DEFS='-DHAVE_CONFIG_H'
DEPDIR='.deps'
ECHO_C='\c'
ECHO_N=''
ECHO_T=''
EGREP='/usr/bin/grep -E'
ENABLE_COVERAGE='2'
EXEEXT=''
GREP='/usr/bin/grep'
INSTALL_DATA='${INSTALL} -m 644'
INSTALL_PROGRAM='${INSTALL}'
INSTALL_SCRIPT='${INSTALL}'
INSTALL_STRIP_PROGRAM='$(install_sh) -c -s'
LDFLAGS=' '
LIBOBJS=''
LIBS='-lpthread -lm '
LTLIBOBJS=''
MAKEINFO='${SHELL} "/Users/seanbergan/Documents/BIOL 459W/old-franz/FRANz-1.2.3/missing" --run makeinfo'
MKDIR_P='./install-sh -c -d'
OBJEXT='o'
OPENMP_CFLAGS=''
PACKAGE='FRANz'
PACKAGE_BUGREPORT='markus@bioinf.uni-leipzig.de '
PACKAGE_NAME='FRANz'
PACKAGE_STRING='FRANz 1.2.3'
PACKAGE_TARNAME='franz'
PACKAGE_VERSION='1.2.3'
PATH_SEPARATOR=':'
RANLIB='ranlib'
SET_MAKE=''
SHELL='/bin/sh'
STRIP=''
VERSION='1.2.3'
ac_ct_CC='gcc'
am__EXEEXT_FALSE=''
am__EXEEXT_TRUE='#'
am__fastdepCC_FALSE='#'
am__fastdepCC_TRUE=''
am__include='include'
am__isrc=''
am__leading_dot='.'
am__quote=''
am__tar='${AMTAR} chof - "$$tardir"'
am__untar='${AMTAR} xf -'
bindir='${exec_prefix}/bin'
build_alias=''
datadir='${datarootdir}'
datarootdir='${prefix}/share'
docdir='${datarootdir}/doc/${PACKAGE_TARNAME}'
dvidir='${docdir}'
exec_prefix='${prefix}'
host_alias=''
htmldir='${docdir}'
includedir='${prefix}/include'
infodir='${datarootdir}/info'
install_sh='${SHELL} '\''/Users/seanbergan/Documents/BIOL 459W/old-franz/FRANz-1.2.3/install-sh'\'''
libdir='${exec_prefix}/lib'
libexecdir='${exec_prefix}/libexec'
localedir='${datarootdir}/locale'
localstatedir='${prefix}/var'
mandir='${datarootdir}/man'
mkdir_p='$(top_builddir)/./install-sh -c -d'
oldincludedir='/usr/include'
pdfdir='${docdir}'
prefix='/usr/local'
program_transform_name='s,x,x,'
psdir='${docdir}'
sbindir='${exec_prefix}/sbin'
sharedstatedir='${prefix}/com'
sysconfdir='${prefix}/etc'
target_alias=''

## ----------- ##
## confdefs.h. ##
## ----------- ##

#define PACKAGE_NAME "FRANz"
#define PACKAGE_TARNAME "franz"
#define PACKAGE_VERSION "1.2.3"
#define PACKAGE_STRING "FRANz 1.2.3"
#define PACKAGE_BUGREPORT "markus@bioinf.uni-leipzig.de "
#define PACKAGE "FRANz"
#define VERSION "1.2.3"
#define HAVE_LIBM 1
#define STDC_HEADERS 1
#define HAVE_SYS_TYPES_H 1
#define HAVE_SYS_STAT_H 1
#define HAVE_STDLIB_H 1
#define HAVE_STRING_H 1
#define HAVE_MEMORY_H 1
#define HAVE_STRINGS_H 1
#define HAVE_INTTYPES_H 1
#define HAVE_STDINT_H 1
#define HAVE_UNISTD_H 1
#define HAVE_STDLIB_H 1
#define HAVE_STDBOOL_H 1
#define HAVE_STRING_H 1
#define HAVE_MATH_H 1
#define HAVE_SYS_TIME_H 1
#define HAVE_GETOPT_H 1
#define HAVE_PTHREAD_H 1
#define HAVE_LIBPTHREAD 1
#define HAVE_STDLIB_H 1
#define HAVE_MALLOC 1
#define HAVE_VPRINTF 1
#define HAVE_MEMSET 1
#define HAVE_MEMMOVE 1
#define HAVE_MEMCPY 1
#define HAVE_POW 1
#define HAVE_EXP 1
#define HAVE_LOG 1
#define HAVE_SQRT 1
#define HAVE_STRCASECMP 1
#define HAVE_STRCHR 1
#define HAVE_STRRCHR 1
#define HAVE_ATEXIT 1
#define HAVE_ISNAN 1
#define HAVE_VASPRINTF 1
#define HAVE_FLOCKFILE 1
#define HAVE_FUNLOCKFILE 1
#define HAVE_ASPRINTF 1
#define HAVE_SNPRINTF 1
#define NDEBUG /**/

configure: exit 0
