Software Version            : FRANz 1.2.3
Dataset                     : TESTTREES
Time of Data Analysis       : Fri Mar 10 14:45:34 2023


*** MCMC Parameters ***

Seed                         : 1678488332
Update Allele Frequencies    : No
Gibbs sample missing data    : No
Check for Pedigree cycles    : Yes


*** Simulated Annealing specific Parameters ***

Initial acceptance rate chi  : 0.950
Neighborhood Size Factor beta: 3.000
Increment delta              : 0.100000
Converge event number        : 3
Converge tolerance epsilon   : 0.001

Calculated Parameters     
  Neighboorhood Size         : 899
  Initial temperature c0     : 69.000000


*** Metropolis Hastings specific Parameters ***

Burnin Iterations            : 500000
Iterations                   : 3000000
Sample frequency             : 10
MCMCMC Swap frequency        : 25
MCMCMC Number of swaps       : -1 (-1 == number threads)
MCMCMC Temperature           : 0.500


*** Data Parameters ***

  Nfmax                      : 170
  Nmmax                      : 170

 +------------+------------+------------+------------+----------+----------+-------+---------+---------+--------+
 |      Stage |  Iteration | Best Score |    Average |    Sigma |     Temp | Ratio |     x_f |     x_m | Thread |
 +------------+------------+------------+------------+----------+----------+-------+---------+---------+--------+
 |          1 |          0 |   -261.621 |   -317.860 |   21.366 |   69.000 |  0.67 |   1.378 |   1.378 |      0 |
 |          2 |       2697 |   -261.621 |   -319.798 |   17.396 |   62.579 |  0.68 |   0.471 |   0.471 |      0 |
 |          3 |       5393 |   -261.621 |   -322.679 |   18.859 |   56.161 |  0.67 |   3.460 |   3.460 |      0 |
 |          4 |       8089 |   -248.493 |   -308.645 |   21.431 |   51.307 |  0.69 |   1.829 |   1.829 |      0 |
 |          5 |      10785 |   -248.493 |   -311.419 |   19.885 |   47.680 |  0.68 |   3.835 |   3.835 |      0 |
 |          6 |      13481 |   -248.493 |   -317.277 |   13.087 |   44.305 |  0.67 |   2.123 |   2.123 |      0 |
 |          7 |      16177 |   -248.493 |   -318.040 |   18.102 |   40.003 |  0.69 |   1.938 |   1.938 |      0 |
 |          8 |      18873 |   -248.493 |   -314.217 |   17.983 |   37.379 |  0.67 |   3.791 |   3.791 |      0 |
 |          9 |      21569 |   -248.493 |   -320.965 |   19.882 |   35.063 |  0.68 |   0.931 |   0.931 |      0 |
 |         10 |      24265 |   -248.493 |   -316.223 |   23.110 |   33.203 |  0.68 |   2.496 |   2.496 |      0 |
 |         11 |      26961 |   -246.530 |   -307.753 |   17.415 |   31.753 |  0.67 |   2.559 |   2.559 |      0 |
 |         12 |      29657 |   -246.530 |   -314.107 |   21.808 |   30.015 |  0.66 |   3.269 |   3.269 |      0 |
 |         13 |      32353 |   -246.530 |   -310.620 |   16.975 |   28.757 |  0.66 |   3.963 |   3.963 |      0 |
 |         14 |      35049 |   -246.530 |   -314.103 |   19.333 |   27.289 |  0.67 |   2.485 |   2.485 |      0 |
 |         15 |      37745 |   -246.530 |   -307.007 |   14.982 |   26.117 |  0.66 |   3.456 |   3.456 |      0 |
 |         16 |      40441 |   -246.530 |   -307.497 |   18.741 |   24.747 |  0.65 |   2.895 |   2.895 |      0 |
 |         17 |      43137 |   -246.530 |   -319.644 |   24.572 |   23.751 |  0.66 |   3.134 |   3.134 |      0 |
 |         18 |      45833 |   -242.664 |   -307.803 |   21.787 |   23.043 |  0.65 |   0.814 |   0.814 |      0 |
 |         19 |      48529 |   -242.664 |   -316.395 |   27.158 |   22.294 |  0.67 |   3.633 |   3.633 |      0 |
 |         20 |      51225 |   -242.664 |   -307.320 |   20.524 |   21.727 |  0.66 |   3.151 |   3.151 |      0 |
 |         21 |      53921 |   -242.664 |   -300.771 |   15.816 |   21.020 |  0.68 |   3.317 |   3.317 |      0 |
 |         22 |      56617 |   -242.664 |   -309.507 |   19.507 |   20.169 |  0.66 |   0.711 |   0.711 |      0 |
 |         23 |      59313 |   -242.664 |   -315.243 |   19.630 |   19.527 |  0.64 |   3.944 |   3.944 |      0 |
 |         24 |      62009 |   -242.664 |   -301.832 |   19.801 |   18.929 |  0.65 |   3.559 |   3.559 |      0 |
 |         25 |      64705 |   -242.664 |   -310.502 |   20.468 |   18.371 |  0.65 |   3.422 |   3.422 |      0 |
 |         26 |      67401 |   -242.664 |   -305.396 |   17.519 |   17.862 |  0.65 |   1.965 |   1.965 |      0 |
 |         27 |      70097 |   -242.664 |   -296.292 |   19.723 |   17.301 |  0.66 |   1.911 |   1.911 |      0 |
 |         28 |      72793 |   -242.664 |   -311.056 |   23.526 |   16.832 |  0.65 |   1.620 |   1.620 |      0 |
 |         29 |      75489 |   -242.664 |   -303.708 |   21.300 |   16.458 |  0.66 |   2.468 |   2.468 |      0 |
 |         30 |      78185 |   -242.664 |   -304.072 |   13.982 |   16.064 |  0.65 |   0.993 |   0.993 |      0 |
 |         31 |      80881 |   -242.664 |   -303.209 |   21.672 |   15.498 |  0.66 |   3.775 |   3.775 |      0 |
 |         32 |      83577 |   -242.664 |   -305.572 |   19.453 |   15.154 |  0.65 |   1.879 |   1.879 |      0 |
 |         33 |      86273 |   -217.305 |   -281.656 |   18.011 |   14.788 |  0.67 |   3.369 |   3.369 |      0 |
 |         34 |      88969 |   -217.305 |   -297.293 |   18.878 |   14.412 |  0.67 |   3.701 |   3.701 |      0 |
 |         35 |      91665 |   -217.305 |   -297.017 |   21.178 |   14.071 |  0.65 |   2.594 |   2.594 |      0 |
 |         36 |      94361 |   -217.305 |   -295.191 |   15.174 |   13.780 |  0.65 |   2.529 |   2.529 |      0 |
 |         37 |      97057 |   -217.305 |   -293.780 |   18.115 |   13.393 |  0.63 |   2.500 |   2.500 |      0 |
 |         38 |      99753 |   -217.305 |   -291.573 |   19.460 |   13.086 |  0.61 |   1.309 |   1.309 |      0 |
 |         39 |     102449 |   -217.305 |   -299.082 |   20.503 |   12.812 |  0.63 |   3.840 |   3.840 |      0 |
 |         40 |     105145 |   -217.305 |   -301.549 |   19.892 |   12.563 |  0.65 |   1.299 |   1.299 |      0 |
 |         41 |     107841 |   -217.305 |   -291.480 |   20.680 |   12.316 |  0.64 |   0.670 |   0.670 |      0 |
 |         42 |     110537 |   -217.305 |   -296.218 |   20.219 |   12.087 |  0.63 |   1.262 |   1.262 |      0 |
 |         43 |     113233 |   -217.305 |   -298.521 |   17.923 |   11.862 |  0.62 |   1.142 |   1.142 |      0 |
 |         44 |     115929 |   -217.305 |   -293.190 |   25.056 |   11.617 |  0.65 |   3.353 |   3.353 |      0 |
 |         45 |     118625 |   -217.305 |   -291.811 |   16.625 |   11.449 |  0.65 |   1.395 |   1.395 |      0 |
 |         46 |     121321 |   -217.305 |   -293.710 |   17.549 |   11.204 |  0.65 |   3.469 |   3.469 |      0 |
 |         47 |     124017 |   -217.305 |   -291.002 |   15.090 |   10.981 |  0.63 |   3.447 |   3.447 |      0 |
 |         48 |     126713 |   -217.305 |   -289.467 |   20.027 |   10.733 |  0.64 |   0.528 |   0.528 |      0 |
 |         49 |     129409 |   -217.305 |   -301.583 |   20.587 |   10.553 |  0.61 |   3.700 |   3.700 |      0 |
 |         50 |     132105 |   -217.305 |   -294.799 |   23.077 |   10.384 |  0.62 |   2.256 |   2.256 |      0 |
 |         51 |     134801 |   -217.305 |   -282.748 |   16.293 |   10.238 |  0.62 |   0.885 |   0.885 |      0 |
 |         52 |     137497 |   -217.305 |   -286.116 |   17.332 |   10.037 |  0.61 |   2.556 |   2.556 |      0 |
 |         53 |     140193 |   -217.305 |   -299.537 |   19.355 |    9.856 |  0.63 |   1.233 |   1.233 |      0 |
 |         54 |     142889 |   -217.305 |   -298.471 |   14.563 |    9.699 |  0.62 |   0.872 |   0.872 |      0 |
 |         55 |     145585 |   -217.305 |   -295.462 |   19.292 |    9.498 |  0.64 |   2.045 |   2.045 |      0 |
 |         56 |     148281 |   -217.305 |   -291.342 |   15.884 |    9.352 |  0.62 |   3.368 |   3.368 |      0 |
 |         57 |     150977 |   -217.305 |   -293.002 |   20.550 |    9.180 |  0.63 |   3.962 |   3.962 |      0 |
 |         58 |     153673 |   -217.305 |   -286.197 |   19.802 |    9.052 |  0.61 |   3.908 |   3.908 |      0 |
 |         59 |     156369 |   -217.305 |   -283.558 |   22.422 |    8.922 |  0.63 |   2.011 |   2.011 |      0 |
 |         60 |     159065 |   -217.305 |   -287.692 |   20.402 |    8.811 |  0.61 |   0.784 |   0.784 |      0 |
 |         61 |     161761 |   -217.305 |   -280.918 |   14.611 |    8.691 |  0.62 |   0.778 |   0.778 |      0 |
 |         62 |     164457 |   -217.305 |   -287.482 |   20.005 |    8.530 |  0.61 |   3.622 |   3.622 |      0 |
 |         63 |     167153 |   -217.305 |   -278.512 |   19.550 |    8.416 |  0.63 |   2.640 |   2.640 |      0 |
 |         64 |     169849 |   -213.074 |   -285.587 |   20.234 |    8.303 |  0.61 |   3.569 |   3.569 |      0 |
 |         65 |     172545 |   -213.074 |   -288.850 |   18.442 |    8.196 |  0.62 |   1.661 |   1.661 |      0 |
 |         66 |     175241 |   -213.074 |   -285.864 |   15.113 |    8.082 |  0.62 |   3.742 |   3.742 |      0 |
 |         67 |     177937 |   -213.074 |   -297.846 |   20.681 |    7.947 |  0.60 |   3.396 |   3.396 |      0 |
 |         68 |     180633 |   -213.074 |   -291.268 |   16.140 |    7.851 |  0.62 |   1.148 |   1.148 |      0 |
 |         69 |     183329 |   -213.074 |   -275.429 |   15.746 |    7.731 |  0.62 |   1.715 |   1.715 |      0 |
 |         70 |     186025 |   -213.074 |   -283.795 |   18.547 |    7.613 |  0.60 |   3.273 |   3.273 |      0 |
 |         71 |     188721 |   -213.074 |   -282.120 |   16.279 |    7.515 |  0.61 |   2.038 |   2.038 |      0 |
 |         72 |     191417 |   -213.074 |   -285.390 |   13.941 |    7.406 |  0.59 |   0.659 |   0.659 |      0 |
 |         73 |     194113 |   -213.074 |   -271.716 |   16.802 |    7.283 |  0.60 |   0.622 |   0.622 |      0 |
 |         74 |     196809 |   -213.074 |   -285.486 |   11.932 |    7.184 |  0.60 |   1.568 |   1.568 |      0 |
 |         75 |     199505 |   -213.074 |   -274.892 |   19.271 |    7.049 |  0.63 |   3.042 |   3.042 |      0 |
 |         76 |     202201 |   -213.074 |   -275.613 |   13.157 |    6.968 |  0.61 |   3.254 |   3.254 |      0 |
 |         77 |     204897 |   -213.074 |   -280.382 |   13.082 |    6.853 |  0.60 |   3.712 |   3.712 |      0 |
 |         78 |     207593 |   -213.074 |   -276.602 |   18.707 |    6.741 |  0.60 |   2.418 |   2.418 |      0 |
 |         79 |     210289 |   -213.074 |   -270.530 |   16.367 |    6.665 |  0.60 |   1.621 |   1.621 |      0 |
 |         80 |     212985 |   -213.074 |   -270.654 |   15.019 |    6.579 |  0.60 |   1.593 |   1.593 |      0 |
 |         81 |     215681 |   -213.074 |   -274.867 |   19.179 |    6.489 |  0.59 |   3.981 |   3.981 |      0 |
 |         82 |     218377 |   -213.074 |   -273.388 |   12.383 |    6.420 |  0.59 |   0.584 |   0.584 |      0 |
 |         83 |     221073 |   -213.074 |   -269.024 |   18.378 |    6.316 |  0.59 |   0.461 |   0.461 |      0 |
 |         84 |     223769 |   -213.074 |   -268.770 |   13.140 |    6.248 |  0.59 |   2.201 |   2.201 |      0 |
 |         85 |     226465 |   -213.074 |   -279.532 |   19.455 |    6.155 |  0.58 |   0.375 |   0.375 |      0 |
 |         86 |     229161 |   -213.074 |   -266.571 |   17.595 |    6.094 |  0.59 |   3.505 |   3.505 |      0 |
 |         87 |     231857 |   -213.074 |   -267.411 |   16.684 |    6.027 |  0.58 |   3.198 |   3.198 |      0 |
 |         88 |     234553 |   -213.074 |   -266.312 |   18.657 |    5.959 |  0.58 |   1.837 |   1.837 |      0 |
 |         89 |     237249 |   -213.074 |   -267.153 |   16.104 |    5.899 |  0.58 |   3.070 |   3.070 |      0 |
 |         90 |     239945 |   -213.074 |   -263.126 |   18.789 |    5.831 |  0.58 |   1.807 |   1.807 |      0 |
 |         91 |     242641 |   -213.074 |   -272.305 |   18.903 |    5.774 |  0.59 |   3.573 |   3.573 |      0 |
 |         92 |     245337 |   -213.074 |   -270.645 |   17.832 |    5.719 |  0.57 |   3.098 |   3.098 |      0 |
 |         93 |     248033 |   -213.074 |   -268.509 |   14.681 |    5.661 |  0.57 |   1.922 |   1.922 |      0 |
 |         94 |     250729 |   -213.074 |   -269.459 |   19.129 |    5.593 |  0.59 |   0.975 |   0.975 |      0 |
 |         95 |     253425 |   -213.074 |   -269.339 |   18.589 |    5.541 |  0.57 |   1.269 |   1.269 |      0 |
 |         96 |     256121 |   -213.074 |   -284.523 |   19.117 |    5.489 |  0.56 |   2.110 |   2.110 |      0 |
 |         97 |     258817 |   -213.074 |   -263.111 |   14.127 |    5.440 |  0.59 |   2.712 |   2.712 |      0 |
 |         98 |     261513 |   -213.074 |   -261.216 |   16.199 |    5.374 |  0.58 |   0.957 |   0.957 |      0 |
 |         99 |     264209 |   -211.311 |   -255.602 |   15.418 |    5.318 |  0.56 |   2.101 |   2.101 |      0 |
 |        100 |     266905 |   -211.311 |   -261.338 |   13.209 |    5.260 |  0.56 |   2.961 |   2.961 |      0 |
 |        101 |     269601 |   -211.311 |   -269.719 |   15.022 |    5.194 |  0.57 |   3.093 |   3.093 |      0 |
 |        102 |     272297 |   -211.311 |   -261.100 |   18.153 |    5.138 |  0.57 |   1.986 |   1.986 |      0 |
 |        103 |     274993 |   -211.311 |   -264.664 |   14.843 |    5.092 |  0.57 |   2.621 |   2.621 |      0 |
 |        104 |     277689 |   -211.311 |   -270.825 |   18.044 |    5.037 |  0.58 |   0.329 |   0.329 |      0 |
 |        105 |     280385 |   -211.311 |   -264.556 |   15.473 |    4.993 |  0.56 |   1.238 |   1.238 |      0 |
 |        106 |     283081 |   -211.311 |   -261.320 |   14.031 |    4.942 |  0.56 |   2.596 |   2.596 |      0 |
 |        107 |     285777 |   -211.311 |   -254.543 |   14.051 |    4.888 |  0.56 |   3.064 |   3.064 |      0 |
 |        108 |     288473 |   -211.311 |   -260.605 |   17.428 |    4.834 |  0.55 |   0.378 |   0.378 |      0 |
 |        109 |     291169 |   -211.311 |   -264.604 |   16.310 |    4.792 |  0.55 |   2.189 |   2.189 |      0 |
 |        110 |     293865 |   -211.311 |   -262.743 |   17.435 |    4.748 |  0.58 |   2.827 |   2.827 |      0 |
 |        111 |     296561 |   -211.311 |   -271.436 |   18.072 |    4.707 |  0.57 |   0.383 |   0.383 |      0 |
 |        112 |     299257 |   -211.311 |   -253.087 |   14.218 |    4.668 |  0.55 |   3.527 |   3.527 |      0 |
 |        113 |     301953 |   -210.835 |   -246.766 |   14.806 |    4.620 |  0.55 |   2.135 |   2.135 |      0 |
 |        114 |     304649 |   -209.841 |   -249.263 |   16.038 |    4.575 |  0.59 |   0.866 |   0.866 |      0 |
 |        115 |     307345 |   -209.841 |   -253.100 |   12.627 |    4.534 |  0.54 |   3.575 |   3.575 |      0 |
 |        116 |     310041 |   -209.841 |   -263.536 |   14.855 |    4.483 |  0.56 |   3.197 |   3.197 |      0 |
 |        117 |     312737 |   -209.841 |   -266.829 |   20.591 |    4.440 |  0.54 |   0.813 |   0.813 |      0 |
 |        118 |     315433 |   -209.841 |   -256.249 |   19.724 |    4.410 |  0.54 |   3.659 |   3.659 |      0 |
 |        119 |     318129 |   -209.841 |   -266.376 |   15.093 |    4.379 |  0.55 |   1.362 |   1.362 |      0 |
 |        120 |     320825 |   -209.841 |   -258.148 |   17.972 |    4.339 |  0.54 |   3.770 |   3.770 |      0 |
 |        121 |     323521 |   -209.841 |   -260.592 |   14.518 |    4.306 |  0.55 |   2.905 |   2.905 |      0 |
 |        122 |     326217 |   -199.170 |   -246.493 |   18.979 |    4.265 |  0.55 |   1.795 |   1.795 |      0 |
 |        123 |     328913 |   -199.170 |   -254.428 |   16.680 |    4.235 |  0.54 |   2.438 |   2.438 |      0 |
 |        124 |     331609 |   -199.170 |   -251.174 |   13.769 |    4.201 |  0.56 |   1.443 |   1.443 |      0 |
 |        125 |     334305 |   -199.170 |   -247.377 |   13.378 |    4.161 |  0.53 |   1.837 |   1.837 |      0 |
 |        126 |     337001 |   -199.170 |   -248.095 |   16.369 |    4.120 |  0.54 |   0.944 |   0.944 |      0 |
 |        127 |     339697 |   -199.170 |   -255.327 |   15.426 |    4.088 |  0.56 |   3.336 |   3.336 |      0 |
 |        128 |     342393 |   -199.170 |   -245.894 |   14.664 |    4.053 |  0.52 |   1.741 |   1.741 |      0 |
 |        129 |     345089 |   -199.170 |   -248.312 |   13.487 |    4.018 |  0.54 |   2.762 |   2.762 |      0 |
 |        130 |     347785 |   -199.170 |   -246.094 |   12.287 |    3.980 |  0.55 |   0.614 |   0.614 |      0 |
 |        131 |     350481 |   -199.170 |   -241.353 |   11.012 |    3.940 |  0.54 |   2.199 |   2.199 |      0 |
 |        132 |     353177 |   -197.105 |   -239.027 |   14.455 |    3.896 |  0.53 |   1.740 |   1.740 |      0 |
 |        133 |     355873 |   -197.105 |   -253.871 |   13.062 |    3.863 |  0.53 |   3.441 |   3.441 |      0 |
 |        134 |     358569 |   -197.105 |   -252.274 |   15.749 |    3.827 |  0.51 |   2.355 |   2.355 |      0 |
 |        135 |     361265 |   -197.105 |   -242.565 |   15.029 |    3.797 |  0.51 |   1.719 |   1.719 |      0 |
 |        136 |     363961 |   -197.105 |   -251.948 |   14.390 |    3.767 |  0.53 |   3.848 |   3.848 |      0 |
 |        137 |     366657 |   -197.105 |   -243.289 |   15.608 |    3.736 |  0.52 |   1.662 |   1.662 |      0 |
 |        138 |     369353 |   -197.105 |   -241.370 |   17.191 |    3.708 |  0.52 |   0.800 |   0.800 |      0 |
 |        139 |     372049 |   -197.105 |   -244.292 |   13.263 |    3.683 |  0.54 |   2.090 |   2.090 |      0 |
 |        140 |     374745 |   -197.105 |   -242.055 |   14.583 |    3.650 |  0.52 |   2.146 |   2.146 |      0 |
 |        141 |     377441 |   -197.105 |   -245.012 |   14.002 |    3.622 |  0.51 |   2.543 |   2.543 |      0 |
 |        142 |     380137 |   -197.105 |   -249.314 |   13.920 |    3.592 |  0.52 |   3.000 |   3.000 |      0 |
 |        143 |     382833 |   -197.105 |   -238.747 |   16.995 |    3.563 |  0.53 |   3.089 |   3.089 |      0 |
 |        144 |     385529 |   -197.105 |   -239.443 |   15.060 |    3.539 |  0.53 |   0.662 |   0.662 |      0 |
 |        145 |     388225 |   -197.105 |   -235.375 |   13.305 |    3.513 |  0.52 |   2.637 |   2.637 |      0 |
 |        146 |     390921 |   -197.105 |   -250.479 |   13.505 |    3.484 |  0.51 |   2.779 |   2.779 |      0 |
 |        147 |     393617 |   -197.105 |   -246.740 |    9.876 |    3.456 |  0.54 |   1.808 |   1.808 |      0 |
 |        148 |     396313 |   -197.105 |   -237.364 |   10.910 |    3.418 |  0.52 |   1.812 |   1.812 |      0 |
 |        149 |     399009 |   -197.105 |   -238.531 |   12.953 |    3.384 |  0.52 |   3.750 |   3.750 |      0 |
 |        150 |     401705 |   -197.105 |   -242.072 |   12.300 |    3.356 |  0.52 |   2.338 |   2.338 |      0 |
 |        151 |     404401 |   -197.105 |   -231.276 |   13.525 |    3.327 |  0.50 |   3.200 |   3.200 |      0 |
 |        152 |     407097 |   -197.105 |   -234.748 |   10.645 |    3.301 |  0.48 |   3.962 |   3.962 |      0 |
 |        153 |     409793 |   -197.105 |   -241.467 |   13.482 |    3.269 |  0.50 |   2.219 |   2.219 |      0 |
 |        154 |     412489 |   -197.105 |   -230.478 |   12.132 |    3.244 |  0.48 |   3.042 |   3.042 |      0 |
 |        155 |     415185 |   -197.105 |   -239.675 |   14.405 |    3.217 |  0.49 |   3.454 |   3.454 |      0 |
 |        156 |     417881 |   -197.105 |   -233.582 |   14.045 |    3.194 |  0.51 |   1.839 |   1.839 |      0 |
 |        157 |     420577 |   -191.292 |   -229.852 |   13.021 |    3.171 |  0.49 |   2.372 |   2.372 |      0 |
 |        158 |     423273 |   -191.292 |   -232.280 |   13.481 |    3.147 |  0.50 |   0.966 |   0.966 |      0 |
 |        159 |     425969 |   -191.292 |   -240.959 |   14.352 |    3.124 |  0.51 |   3.684 |   3.684 |      0 |
 |        160 |     428665 |   -187.404 |   -222.288 |   12.099 |    3.102 |  0.47 |   1.354 |   1.354 |      0 |
 |        161 |     431361 |   -187.404 |   -232.067 |   15.100 |    3.077 |  0.51 |   2.371 |   2.371 |      0 |
 |        162 |     434057 |   -187.404 |   -233.181 |   13.061 |    3.057 |  0.49 |   1.928 |   1.928 |      0 |
 |        163 |     436753 |   -187.404 |   -238.042 |   12.390 |    3.035 |  0.49 |   3.644 |   3.644 |      0 |
 |        164 |     439449 |   -187.404 |   -229.038 |   12.084 |    3.011 |  0.50 |   1.948 |   1.948 |      0 |
 |        165 |     442145 |   -187.404 |   -230.801 |   14.481 |    2.988 |  0.49 |   2.904 |   2.904 |      0 |
 |        166 |     444841 |   -187.404 |   -232.635 |   11.516 |    2.968 |  0.50 |   1.016 |   1.016 |      0 |
 |        167 |     447537 |   -187.404 |   -236.465 |   12.746 |    2.944 |  0.48 |   1.531 |   1.531 |      0 |
 |        168 |     450233 |   -187.404 |   -227.284 |   14.246 |    2.923 |  0.48 |   2.746 |   2.746 |      0 |
 |        169 |     452929 |   -187.404 |   -240.074 |   16.690 |    2.904 |  0.50 |   1.103 |   1.103 |      0 |
 |        170 |     455625 |   -187.404 |   -229.243 |   14.205 |    2.888 |  0.49 |   0.723 |   0.723 |      0 |
 |        171 |     458321 |   -187.404 |   -230.488 |   10.816 |    2.869 |  0.49 |   3.310 |   3.310 |      0 |
 |        172 |     461017 |   -187.404 |   -229.490 |   11.930 |    2.845 |  0.49 |   0.878 |   0.878 |      0 |
 |        173 |     463713 |   -187.404 |   -225.349 |   10.608 |    2.824 |  0.48 |   3.869 |   3.869 |      0 |
 |        174 |     466409 |   -187.404 |   -230.256 |   15.286 |    2.800 |  0.48 |   3.817 |   3.817 |      0 |
 |        175 |     469105 |   -187.404 |   -228.953 |   13.770 |    2.784 |  0.49 |   1.389 |   1.389 |      0 |
 |        176 |     471801 |   -187.404 |   -227.151 |   14.906 |    2.766 |  0.50 |   0.902 |   0.902 |      0 |
 |        177 |     474497 |   -187.404 |   -228.059 |   10.471 |    2.750 |  0.48 |   2.645 |   2.645 |      0 |
 |        178 |     477193 |   -187.404 |   -222.418 |   14.383 |    2.727 |  0.46 |   2.922 |   2.922 |      0 |
 |        179 |     479889 |   -187.404 |   -234.777 |   14.928 |    2.711 |  0.48 |   1.335 |   1.335 |      0 |
 |        180 |     482585 |   -187.404 |   -233.698 |    9.803 |    2.695 |  0.47 |   3.378 |   3.378 |      0 |
 |        181 |     485281 |   -180.639 |   -221.929 |   15.184 |    2.672 |  0.48 |   2.572 |   2.572 |      0 |
 |        182 |     487977 |   -180.639 |   -222.127 |   15.497 |    2.657 |  0.48 |   2.142 |   2.142 |      0 |
 |        183 |     490673 |   -180.639 |   -224.414 |   12.484 |    2.643 |  0.46 |   3.584 |   3.584 |      0 |
 |        184 |     493369 |   -180.639 |   -227.275 |   19.546 |    2.625 |  0.49 |   3.374 |   3.374 |      0 |
 |        185 |     496065 |   -180.639 |   -215.401 |   13.212 |    2.614 |  0.46 |   2.183 |   2.183 |      0 |
 |        186 |     498761 |   -180.639 |   -226.558 |   15.355 |    2.598 |  0.44 |   1.260 |   1.260 |      0 |
 |        187 |     501457 |   -180.639 |   -230.168 |   14.409 |    2.584 |  0.48 |   2.930 |   2.930 |      0 |
 |        188 |     504153 |   -180.639 |   -218.395 |   16.733 |    2.569 |  0.45 |   3.329 |   3.329 |      0 |
 |        189 |     506849 |   -180.639 |   -224.649 |    9.459 |    2.557 |  0.47 |   3.515 |   3.515 |      0 |
 |        190 |     509545 |   -180.639 |   -225.688 |   15.328 |    2.535 |  0.44 |   0.638 |   0.638 |      0 |
 |        191 |     512241 |   -180.639 |   -218.133 |   13.642 |    2.522 |  0.46 |   3.661 |   3.661 |      0 |
 |        192 |     514937 |   -180.639 |   -209.983 |   10.450 |    2.507 |  0.45 |   1.825 |   1.825 |      0 |
 |        193 |     517633 |   -180.639 |   -220.586 |   11.032 |    2.488 |  0.46 |   1.466 |   1.466 |      0 |
 |        194 |     520329 |   -180.639 |   -225.628 |   12.777 |    2.470 |  0.45 |   1.848 |   1.848 |      0 |
 |        195 |     523025 |   -180.639 |   -217.190 |   11.308 |    2.455 |  0.46 |   1.814 |   1.814 |      0 |
 |        196 |     525721 |   -180.639 |   -211.121 |   11.184 |    2.438 |  0.46 |   0.662 |   0.662 |      0 |
 |        197 |     528417 |   -180.409 |   -214.784 |   12.013 |    2.422 |  0.45 |   2.987 |   2.987 |      0 |
 |        198 |     531113 |   -180.409 |   -214.900 |   13.937 |    2.406 |  0.44 |   3.534 |   3.534 |      0 |
 |        199 |     533809 |   -179.450 |   -218.540 |   12.767 |    2.393 |  0.45 |   0.883 |   0.883 |      0 |
 |        200 |     536505 |   -179.450 |   -214.698 |   11.494 |    2.379 |  0.45 |   3.041 |   3.041 |      0 |
 |        201 |     539201 |   -179.450 |   -220.626 |   11.462 |    2.363 |  0.45 |   1.612 |   1.612 |      0 |
 |        202 |     541897 |   -179.450 |   -215.428 |   11.038 |    2.348 |  0.45 |   3.539 |   3.539 |      0 |
 |        203 |     544593 |   -179.450 |   -219.958 |   11.997 |    2.332 |  0.47 |   1.708 |   1.708 |      0 |
 |        204 |     547289 |   -178.856 |   -209.813 |   14.423 |    2.318 |  0.43 |   1.115 |   1.115 |      0 |
 |        205 |     549985 |   -178.856 |   -207.339 |   10.107 |    2.306 |  0.44 |   1.981 |   1.981 |      0 |
 |        206 |     552681 |   -178.856 |   -222.387 |   17.246 |    2.290 |  0.44 |   3.688 |   3.688 |      0 |
 |        207 |     555377 |   -178.856 |   -211.795 |   11.309 |    2.280 |  0.45 |   3.437 |   3.437 |      0 |
 |        208 |     558073 |   -178.856 |   -212.312 |   13.701 |    2.265 |  0.43 |   0.370 |   0.370 |      0 |
 |        209 |     560769 |   -178.856 |   -212.714 |   11.202 |    2.253 |  0.43 |   3.961 |   3.961 |      0 |
 |        210 |     563465 |   -178.856 |   -212.775 |   13.474 |    2.239 |  0.44 |   3.365 |   3.365 |      0 |
 |        211 |     566161 |   -178.856 |   -213.450 |   13.400 |    2.227 |  0.44 |   2.923 |   2.923 |      0 |
 |        212 |     568857 |   -178.856 |   -214.133 |   11.045 |    2.215 |  0.45 |   2.190 |   2.190 |      0 |
 |        213 |     571553 |   -178.856 |   -217.092 |   11.394 |    2.201 |  0.44 |   3.418 |   3.418 |      0 |
 |        214 |     574249 |   -178.856 |   -210.688 |   11.505 |    2.188 |  0.44 |   3.391 |   3.391 |      0 |
 |        215 |     576945 |   -177.172 |   -210.348 |   12.154 |    2.175 |  0.43 |   1.656 |   1.656 |      0 |
 |        216 |     579641 |   -177.172 |   -218.578 |   11.950 |    2.163 |  0.43 |   1.525 |   1.525 |      0 |
 |        217 |     582337 |   -177.172 |   -209.952 |    9.795 |    2.150 |  0.43 |   1.003 |   1.003 |      0 |
 |        218 |     585033 |   -177.172 |   -209.120 |   11.691 |    2.135 |  0.42 |   3.233 |   3.233 |      0 |
 |        219 |     587729 |   -177.172 |   -214.426 |   17.466 |    2.123 |  0.42 |   2.618 |   2.618 |      0 |
 |        220 |     590425 |   -177.172 |   -207.972 |   10.011 |    2.113 |  0.42 |   1.249 |   1.249 |      0 |
 |        221 |     593121 |   -177.172 |   -211.486 |   10.864 |    2.099 |  0.43 |   1.966 |   1.966 |      0 |
 |        222 |     595817 |   -177.172 |   -207.899 |   11.229 |    2.086 |  0.42 |   2.427 |   2.427 |      0 |
 |        223 |     598513 |   -170.932 |   -194.612 |    9.625 |    2.074 |  0.40 |   1.747 |   1.747 |      0 |
 |        224 |     601209 |   -170.932 |   -213.303 |   13.199 |    2.060 |  0.43 |   3.282 |   3.282 |      0 |
 |        225 |     603905 |   -170.932 |   -209.111 |   10.473 |    2.050 |  0.45 |   2.401 |   2.401 |      0 |
 |        226 |     606601 |   -170.932 |   -203.136 |    9.766 |    2.037 |  0.43 |   0.834 |   0.834 |      0 |
 |        227 |     609297 |   -170.932 |   -217.909 |   10.993 |    2.024 |  0.45 |   1.898 |   1.898 |      0 |
 |        228 |     611993 |   -170.932 |   -208.509 |    7.243 |    2.012 |  0.41 |   2.247 |   2.247 |      0 |
 |        229 |     614689 |   -170.932 |   -207.125 |    8.131 |    1.994 |  0.43 |   2.927 |   2.927 |      0 |
 |        230 |     617385 |   -170.932 |   -207.760 |   12.272 |    1.979 |  0.42 |   3.054 |   3.054 |      0 |
 |        231 |     620081 |   -170.932 |   -208.872 |   10.246 |    1.969 |  0.42 |   0.793 |   0.793 |      0 |
 |        232 |     622777 |   -170.932 |   -206.375 |   11.555 |    1.957 |  0.41 |   3.345 |   3.345 |      0 |
 |        233 |     625473 |   -170.932 |   -212.570 |    9.799 |    1.946 |  0.41 |   0.804 |   0.804 |      0 |
 |        234 |     628169 |   -170.932 |   -212.386 |   10.032 |    1.934 |  0.41 |   2.285 |   2.285 |      0 |
 |        235 |     630865 |   -170.932 |   -205.748 |   14.497 |    1.922 |  0.40 |   0.578 |   0.578 |      0 |
 |        236 |     633561 |   -170.932 |   -209.751 |   10.778 |    1.912 |  0.42 |   3.510 |   3.510 |      0 |
 |        237 |     636257 |   -170.932 |   -213.575 |   13.475 |    1.902 |  0.40 |   3.136 |   3.136 |      0 |
 |        238 |     638953 |   -170.932 |   -201.876 |   12.491 |    1.892 |  0.41 |   1.407 |   1.407 |      0 |
 |        239 |     641649 |   -170.932 |   -209.812 |    9.881 |    1.882 |  0.42 |   1.404 |   1.404 |      0 |
 |        240 |     644345 |   -170.932 |   -197.715 |    8.299 |    1.870 |  0.39 |   2.749 |   2.749 |      0 |
 |        241 |     647041 |   -168.037 |   -200.101 |   12.565 |    1.857 |  0.38 |   0.755 |   0.755 |      0 |
 |        242 |     649737 |   -168.037 |   -202.231 |   10.014 |    1.847 |  0.38 |   0.999 |   0.999 |      0 |
 |        243 |     652433 |   -168.037 |   -218.203 |    8.810 |    1.836 |  0.39 |   1.233 |   1.233 |      0 |
 |        244 |     655129 |   -168.037 |   -203.787 |   12.518 |    1.824 |  0.41 |   1.350 |   1.350 |      0 |
 |        245 |     657825 |   -168.037 |   -195.658 |    9.911 |    1.814 |  0.39 |   1.937 |   1.937 |      0 |
 |        246 |     660521 |   -168.037 |   -199.320 |    9.438 |    1.804 |  0.41 |   3.329 |   3.329 |      0 |
 |        247 |     663217 |   -168.037 |   -202.105 |    9.014 |    1.793 |  0.40 |   2.941 |   2.941 |      0 |
 |        248 |     665913 |   -168.037 |   -198.906 |   10.169 |    1.781 |  0.40 |   0.389 |   0.389 |      0 |
 |        249 |     668609 |   -168.037 |   -196.821 |   10.756 |    1.771 |  0.40 |   3.105 |   3.105 |      0 |
 |        250 |     671305 |   -168.037 |   -203.176 |   11.044 |    1.761 |  0.39 |   3.065 |   3.065 |      0 |
 |        251 |     674001 |   -168.037 |   -203.249 |   11.643 |    1.751 |  0.40 |   3.864 |   3.864 |      0 |
 |        252 |     676697 |   -164.524 |   -195.456 |   11.099 |    1.741 |  0.41 |   0.604 |   0.604 |      0 |
 |        253 |     679393 |   -164.524 |   -198.409 |   11.316 |    1.731 |  0.37 |   1.454 |   1.454 |      0 |
 |        254 |     682089 |   -164.524 |   -202.876 |   10.788 |    1.721 |  0.39 |   3.340 |   3.340 |      0 |
 |        255 |     684785 |   -164.524 |   -201.181 |    9.522 |    1.711 |  0.39 |   3.797 |   3.797 |      0 |
 |        256 |     687481 |   -164.524 |   -196.581 |   11.456 |    1.701 |  0.41 |   3.346 |   3.346 |      0 |
 |        257 |     690177 |   -164.524 |   -195.622 |    8.688 |    1.691 |  0.39 |   0.672 |   0.672 |      0 |
 |        258 |     692873 |   -164.524 |   -194.522 |   12.418 |    1.681 |  0.38 |   2.586 |   2.586 |      0 |
 |        259 |     695569 |   -164.524 |   -197.091 |    7.957 |    1.671 |  0.39 |   3.105 |   3.105 |      0 |
 |        260 |     698265 |   -164.524 |   -200.068 |   12.832 |    1.660 |  0.38 |   1.971 |   1.971 |      0 |
 |        261 |     700961 |   -164.524 |   -196.039 |    9.816 |    1.650 |  0.37 |   1.333 |   1.333 |      0 |
 |        262 |     703657 |   -164.524 |   -196.194 |    7.447 |    1.640 |  0.37 |   2.837 |   2.837 |      0 |
 |        263 |     706353 |   -164.524 |   -192.675 |   11.877 |    1.629 |  0.39 |   2.159 |   2.159 |      0 |
 |        264 |     709049 |   -164.524 |   -197.524 |   10.319 |    1.619 |  0.38 |   1.763 |   1.763 |      0 |
 |        265 |     711745 |   -164.524 |   -188.992 |    7.198 |    1.609 |  0.36 |   1.657 |   1.657 |      0 |
 |        266 |     714441 |   -164.524 |   -192.752 |    8.726 |    1.597 |  0.38 |   3.944 |   3.944 |      0 |
 |        267 |     717137 |   -164.524 |   -196.554 |   11.060 |    1.587 |  0.36 |   1.841 |   1.841 |      0 |
 |        268 |     719833 |   -164.524 |   -195.441 |    8.769 |    1.577 |  0.36 |   2.897 |   2.897 |      0 |
 |        269 |     722529 |   -164.524 |   -198.188 |    9.809 |    1.567 |  0.38 |   0.592 |   0.592 |      0 |
 |        270 |     725225 |   -164.524 |   -192.751 |    8.996 |    1.557 |  0.38 |   3.471 |   3.471 |      0 |
 |        271 |     727921 |   -164.524 |   -194.641 |    8.955 |    1.547 |  0.36 |   1.625 |   1.625 |      0 |
 |        272 |     730617 |   -164.524 |   -190.457 |    8.663 |    1.537 |  0.40 |   2.937 |   2.937 |      0 |
 |        273 |     733313 |   -164.524 |   -194.783 |    6.527 |    1.527 |  0.35 |   0.859 |   0.859 |      0 |
 |        274 |     736009 |   -164.524 |   -188.734 |    9.386 |    1.516 |  0.36 |   1.999 |   1.999 |      0 |
 |        275 |     738705 |   -164.524 |   -186.343 |   11.347 |    1.506 |  0.37 |   2.940 |   2.940 |      0 |
 |        276 |     741401 |   -164.524 |   -190.773 |   11.487 |    1.496 |  0.36 |   0.684 |   0.684 |      0 |
 |        277 |     744097 |   -164.524 |   -187.157 |    9.807 |    1.486 |  0.36 |   3.093 |   3.093 |      0 |
 |        278 |     746793 |   -164.524 |   -192.259 |    8.538 |    1.476 |  0.37 |   2.363 |   2.363 |      0 |
 |        279 |     749489 |   -164.524 |   -189.714 |    9.538 |    1.466 |  0.37 |   2.480 |   2.480 |      0 |
 |        280 |     752185 |   -164.524 |   -185.149 |    8.461 |    1.456 |  0.36 |   0.827 |   0.827 |      0 |
 |        281 |     754881 |   -158.348 |   -181.541 |    8.244 |    1.446 |  0.35 |   3.945 |   3.945 |      0 |
 |        282 |     757577 |   -158.348 |   -184.588 |    8.437 |    1.436 |  0.36 |   1.546 |   1.546 |      0 |
 |        283 |     760273 |   -158.348 |   -184.685 |    8.036 |    1.426 |  0.36 |   2.028 |   2.028 |      0 |
 |        284 |     762969 |   -158.348 |   -190.045 |    7.754 |    1.416 |  0.37 |   1.161 |   1.161 |      0 |
 |        285 |     765665 |   -158.348 |   -186.809 |    8.386 |    1.406 |  0.36 |   3.210 |   3.210 |      0 |
 |        286 |     768361 |   -158.348 |   -184.123 |    7.889 |    1.396 |  0.36 |   2.846 |   2.846 |      0 |
 |        287 |     771057 |   -158.348 |   -184.826 |    8.092 |    1.386 |  0.33 |   1.766 |   1.766 |      0 |
 |        288 |     773753 |   -158.348 |   -188.966 |    9.969 |    1.376 |  0.38 |   0.557 |   0.557 |      0 |
 |        289 |     776449 |   -158.348 |   -191.574 |    9.110 |    1.366 |  0.37 |   1.106 |   1.106 |      0 |
 |        290 |     779145 |   -158.348 |   -186.598 |   10.203 |    1.356 |  0.34 |   2.259 |   2.259 |      0 |
 |        291 |     781841 |   -158.348 |   -194.183 |    9.914 |    1.346 |  0.35 |   2.054 |   2.054 |      0 |
 |        292 |     784537 |   -158.348 |   -185.888 |    6.756 |    1.336 |  0.35 |   1.258 |   1.258 |      0 |
 |        293 |     787233 |   -158.348 |   -180.649 |    7.890 |    1.326 |  0.32 |   3.399 |   3.399 |      0 |
 |        294 |     789929 |   -158.348 |   -180.274 |    6.380 |    1.316 |  0.33 |   1.180 |   1.180 |      0 |
 |        295 |     792625 |   -158.348 |   -181.017 |    7.648 |    1.306 |  0.34 |   1.806 |   1.806 |      0 |
 |        296 |     795321 |   -158.348 |   -178.709 |    8.545 |    1.296 |  0.33 |   3.756 |   3.756 |      0 |
 |        297 |     798017 |   -158.348 |   -178.723 |    7.124 |    1.286 |  0.33 |   2.156 |   2.156 |      0 |
 |        298 |     800713 |   -158.348 |   -180.818 |    7.441 |    1.276 |  0.34 |   2.260 |   2.260 |      0 |
 |        299 |     803409 |   -158.348 |   -182.925 |    7.211 |    1.266 |  0.34 |   0.509 |   0.509 |      0 |
 |        300 |     806105 |   -158.348 |   -181.013 |    8.888 |    1.256 |  0.33 |   0.637 |   0.637 |      0 |
 |        301 |     808801 |   -158.348 |   -185.096 |    8.693 |    1.246 |  0.34 |   0.781 |   0.781 |      0 |
 |        302 |     811497 |   -158.348 |   -180.073 |    6.653 |    1.236 |  0.34 |   2.138 |   2.138 |      0 |
 |        303 |     814193 |   -158.348 |   -180.880 |    6.926 |    1.226 |  0.30 |   3.036 |   3.036 |      0 |
 |        304 |     816889 |   -158.348 |   -179.959 |    6.877 |    1.216 |  0.31 |   1.930 |   1.930 |      0 |
 |        305 |     819585 |   -158.348 |   -183.194 |    7.229 |    1.206 |  0.33 |   3.243 |   3.243 |      0 |
 |        306 |     822281 |   -158.348 |   -184.060 |    5.550 |    1.196 |  0.32 |   3.588 |   3.588 |      0 |
 |        307 |     824977 |   -158.348 |   -182.466 |    7.442 |    1.186 |  0.30 |   2.370 |   2.370 |      0 |
 |        308 |     827673 |   -158.348 |   -181.801 |    8.396 |    1.176 |  0.33 |   2.389 |   2.389 |      0 |
 |        309 |     830369 |   -158.348 |   -185.022 |    9.526 |    1.166 |  0.34 |   3.889 |   3.889 |      0 |
 |        310 |     833065 |   -158.348 |   -185.359 |    7.784 |    1.156 |  0.31 |   3.944 |   3.944 |      0 |
 |        311 |     835761 |   -158.348 |   -177.169 |    7.864 |    1.146 |  0.32 |   2.347 |   2.347 |      0 |
 |        312 |     838457 |   -155.852 |   -174.573 |    9.401 |    1.136 |  0.31 |   1.725 |   1.725 |      0 |
 |        313 |     841153 |   -155.852 |   -176.852 |    7.618 |    1.126 |  0.31 |   2.140 |   2.140 |      0 |
 |        314 |     843849 |   -155.852 |   -177.498 |    6.971 |    1.116 |  0.31 |   3.543 |   3.543 |      0 |
 |        315 |     846545 |   -155.852 |   -176.337 |    5.477 |    1.106 |  0.32 |   2.005 |   2.005 |      0 |
 |        316 |     849241 |   -155.852 |   -174.423 |    7.097 |    1.096 |  0.34 |   2.865 |   2.865 |      0 |
 |        317 |     851937 |   -155.852 |   -177.970 |    6.490 |    1.086 |  0.30 |   1.400 |   1.400 |      0 |
 |        318 |     854633 |   -155.852 |   -175.588 |    6.018 |    1.076 |  0.29 |   2.223 |   2.223 |      0 |
 |        319 |     857329 |   -155.852 |   -176.364 |    6.581 |    1.066 |  0.28 |   1.497 |   1.497 |      0 |
 |        320 |     860025 |   -155.852 |   -177.627 |    6.356 |    1.056 |  0.31 |   1.645 |   1.645 |      0 |
 |        321 |     862721 |   -155.852 |   -172.685 |    6.983 |    1.046 |  0.30 |   2.297 |   2.297 |      0 |
 |        322 |     865417 |   -155.852 |   -173.624 |    5.268 |    1.036 |  0.28 |   2.832 |   2.832 |      0 |
 |        323 |     868113 |   -155.852 |   -173.991 |    6.975 |    1.026 |  0.31 |   0.671 |   0.671 |      0 |
 |        324 |     870809 |   -155.852 |   -178.702 |    5.526 |    1.016 |  0.30 |   3.139 |   3.139 |      0 |
 |        325 |     873505 |   -155.852 |   -173.321 |    4.853 |    1.006 |  0.29 |   1.173 |   1.173 |      0 |
 |        326 |     876201 |   -155.852 |   -171.404 |    7.961 |    0.996 |  0.27 |   1.089 |   1.089 |      0 |
 |        327 |     878897 |   -155.852 |   -167.295 |    6.687 |    0.986 |  0.28 |   1.432 |   1.432 |      0 |
 |        328 |     881593 |   -155.852 |   -177.334 |    8.105 |    0.976 |  0.30 |   1.671 |   1.671 |      0 |
 |        329 |     884289 |   -155.852 |   -173.037 |    6.282 |    0.966 |  0.30 |   2.577 |   2.577 |      0 |
 |        330 |     886985 |   -155.852 |   -179.990 |    5.555 |    0.956 |  0.32 |   2.230 |   2.230 |      0 |
 |        331 |     889681 |   -155.852 |   -172.570 |    6.818 |    0.946 |  0.28 |   3.304 |   3.304 |      0 |
 |        332 |     892377 |   -155.364 |   -169.027 |    5.051 |    0.936 |  0.26 |   2.435 |   2.435 |      0 |
 |        333 |     895073 |   -155.364 |   -171.615 |    6.988 |    0.926 |  0.28 |   0.803 |   0.803 |      0 |
 |        334 |     897769 |   -155.364 |   -171.566 |    6.141 |    0.916 |  0.28 |   1.215 |   1.215 |      0 |
 |        335 |     900465 |   -155.364 |   -172.315 |    5.277 |    0.906 |  0.29 |   0.901 |   0.901 |      0 |
 |        336 |     903161 |   -155.364 |   -174.232 |    7.201 |    0.896 |  0.27 |   2.999 |   2.999 |      0 |
 |        337 |     905857 |   -155.364 |   -172.371 |    6.110 |    0.886 |  0.27 |   3.364 |   3.364 |      0 |
 |        338 |     908553 |   -152.590 |   -167.218 |    6.211 |    0.876 |  0.26 |   3.850 |   3.850 |      0 |
 |        339 |     911249 |   -152.590 |   -168.506 |    5.228 |    0.866 |  0.26 |   1.197 |   1.197 |      0 |
 |        340 |     913945 |   -152.590 |   -169.129 |    4.853 |    0.856 |  0.25 |   3.838 |   3.838 |      0 |
 |        341 |     916641 |   -152.590 |   -166.753 |    4.070 |    0.846 |  0.26 |   2.377 |   2.377 |      0 |
 |        342 |     919337 |   -152.590 |   -171.635 |    6.490 |    0.836 |  0.25 |   3.493 |   3.493 |      0 |
 |        343 |     922033 |   -152.590 |   -170.138 |    6.133 |    0.826 |  0.25 |   3.048 |   3.048 |      0 |
 |        344 |     924729 |   -152.590 |   -169.002 |    4.879 |    0.816 |  0.27 |   1.172 |   1.172 |      0 |
 |        345 |     927425 |   -152.590 |   -168.617 |    5.720 |    0.806 |  0.28 |   1.472 |   1.472 |      0 |
 |        346 |     930121 |   -152.590 |   -164.530 |    4.943 |    0.796 |  0.25 |   3.782 |   3.782 |      0 |
 |        347 |     932817 |   -151.314 |   -165.162 |    6.418 |    0.786 |  0.26 |   2.886 |   2.886 |      0 |
 |        348 |     935513 |   -151.314 |   -165.855 |    4.684 |    0.776 |  0.27 |   3.640 |   3.640 |      0 |
 |        349 |     938209 |   -150.750 |   -167.104 |    5.796 |    0.766 |  0.25 |   3.343 |   3.343 |      0 |
 |        350 |     940905 |   -150.750 |   -168.368 |    3.929 |    0.756 |  0.25 |   3.285 |   3.285 |      0 |
 |        351 |     943601 |   -150.750 |   -165.535 |    3.955 |    0.746 |  0.26 |   1.410 |   1.410 |      0 |
 |        352 |     946297 |   -150.750 |   -167.602 |    4.655 |    0.736 |  0.26 |   1.590 |   1.590 |      0 |
 |        353 |     948993 |   -150.750 |   -167.325 |    5.615 |    0.726 |  0.27 |   2.628 |   2.628 |      0 |
 |        354 |     951689 |   -150.750 |   -164.002 |    5.496 |    0.716 |  0.25 |   2.126 |   2.126 |      0 |
 |        355 |     954385 |   -150.750 |   -164.186 |    4.401 |    0.706 |  0.25 |   1.465 |   1.465 |      0 |
 |        356 |     957081 |   -150.750 |   -167.269 |    5.392 |    0.696 |  0.24 |   3.889 |   3.889 |      0 |
 |        357 |     959777 |   -150.750 |   -165.383 |    5.141 |    0.686 |  0.24 |   1.602 |   1.602 |      0 |
 |        358 |     962473 |   -150.750 |   -164.863 |    4.221 |    0.676 |  0.25 |   1.344 |   1.344 |      0 |
 |        359 |     965169 |   -150.750 |   -167.378 |    4.406 |    0.666 |  0.23 |   1.924 |   1.924 |      0 |
 |        360 |     967865 |   -150.750 |   -164.041 |    5.060 |    0.656 |  0.23 |   1.816 |   1.816 |      0 |
 |        361 |     970561 |   -150.750 |   -164.243 |    3.970 |    0.646 |  0.24 |   2.797 |   2.797 |      0 |
 |        362 |     973257 |   -150.750 |   -162.945 |    4.589 |    0.636 |  0.23 |   2.837 |   2.837 |      0 |
 |        363 |     975953 |   -150.750 |   -162.066 |    4.267 |    0.626 |  0.23 |   1.562 |   1.562 |      0 |
 |        364 |     978649 |   -150.750 |   -160.086 |    3.973 |    0.616 |  0.22 |   3.442 |   3.442 |      0 |
 |        365 |     981345 |   -150.750 |   -161.891 |    4.275 |    0.606 |  0.21 |   1.179 |   1.179 |      0 |
 |        366 |     984041 |   -150.750 |   -166.784 |    4.291 |    0.596 |  0.23 |   3.589 |   3.589 |      0 |
 |        367 |     986737 |   -150.750 |   -162.620 |    4.609 |    0.586 |  0.21 |   2.466 |   2.466 |      0 |
 |        368 |     989433 |   -150.750 |   -166.980 |    4.129 |    0.576 |  0.21 |   2.141 |   2.141 |      0 |
 |        369 |     992129 |   -150.750 |   -162.271 |    3.293 |    0.566 |  0.22 |   1.111 |   1.111 |      0 |
 |        370 |     994825 |   -150.750 |   -160.944 |    3.432 |    0.556 |  0.21 |   3.227 |   3.227 |      0 |
 |        371 |     997521 |   -150.750 |   -160.957 |    4.638 |    0.546 |  0.20 |   2.517 |   2.517 |      0 |
 |        372 |    1000217 |   -150.750 |   -161.762 |    3.184 |    0.536 |  0.21 |   1.350 |   1.350 |      0 |
 |        373 |    1002913 |   -150.750 |   -158.957 |    3.383 |    0.526 |  0.20 |   2.917 |   2.917 |      0 |
 |        374 |    1005609 |   -150.750 |   -159.865 |    4.053 |    0.516 |  0.19 |   3.742 |   3.742 |      0 |
 |        375 |    1008305 |   -150.750 |   -158.332 |    3.171 |    0.506 |  0.21 |   2.704 |   2.704 |      0 |
 |        376 |    1011001 |   -150.750 |   -157.230 |    2.298 |    0.496 |  0.20 |   1.672 |   1.672 |      0 |
 |        377 |    1013697 |   -150.750 |   -157.467 |    3.560 |    0.486 |  0.20 |   1.824 |   1.824 |      0 |
 |        378 |    1016393 |   -150.750 |   -156.140 |    2.436 |    0.476 |  0.20 |   3.730 |   3.730 |      0 |
 |        379 |    1019089 |   -149.155 |   -154.405 |    2.412 |    0.466 |  0.18 |   0.844 |   0.844 |      0 |
 |        380 |    1021785 |   -149.155 |   -155.866 |    2.815 |    0.456 |  0.19 |   2.722 |   2.722 |      0 |
 |        381 |    1024481 |   -149.155 |   -155.019 |    3.211 |    0.446 |  0.18 |   1.297 |   1.297 |      0 |
 |        382 |    1027177 |   -149.155 |   -157.147 |    3.139 |    0.436 |  0.19 |   3.271 |   3.271 |      0 |
 |        383 |    1029873 |   -149.155 |   -154.715 |    2.713 |    0.426 |  0.20 |   1.214 |   1.214 |      0 |
 |        384 |    1032569 |   -149.155 |   -157.312 |    3.312 |    0.416 |  0.19 |   1.261 |   1.261 |      0 |
 |        385 |    1035265 |   -149.155 |   -157.515 |    2.792 |    0.406 |  0.18 |   1.182 |   1.182 |      0 |
 |        386 |    1037961 |   -149.155 |   -159.118 |    3.845 |    0.396 |  0.19 |   1.774 |   1.774 |      0 |
 |        387 |    1040657 |   -149.040 |   -153.481 |    2.239 |    0.386 |  0.18 |   1.126 |   1.126 |      0 |
 |        388 |    1043353 |   -149.040 |   -154.860 |    2.078 |    0.376 |  0.17 |   3.835 |   3.835 |      0 |
 |        389 |    1046049 |   -149.040 |   -155.156 |    2.243 |    0.366 |  0.17 |   0.832 |   0.832 |      0 |
 |        390 |    1048745 |   -149.040 |   -155.805 |    2.324 |    0.356 |  0.17 |   2.258 |   2.258 |      0 |
 |        391 |    1051441 |   -149.040 |   -154.244 |    1.845 |    0.346 |  0.17 |   1.293 |   1.293 |      0 |
 |        392 |    1054137 |   -149.040 |   -157.011 |    2.262 |    0.336 |  0.17 |   3.017 |   3.017 |      0 |
 |        393 |    1056833 |   -149.040 |   -155.248 |    3.038 |    0.326 |  0.16 |   1.552 |   1.552 |      0 |
 |        394 |    1059529 |   -149.040 |   -153.351 |    2.479 |    0.316 |  0.15 |   2.779 |   2.779 |      0 |
 |        395 |    1062225 |   -149.040 |   -153.241 |    1.865 |    0.306 |  0.16 |   1.509 |   1.509 |      0 |
 |        396 |    1064921 |   -149.040 |   -153.289 |    1.697 |    0.296 |  0.16 |   3.199 |   3.199 |      0 |
 |        397 |    1067617 |   -149.040 |   -151.569 |    1.614 |    0.286 |  0.16 |   2.863 |   2.863 |      0 |
 |        398 |    1070313 |   -149.040 |   -151.716 |    1.222 |    0.276 |  0.15 |   1.982 |   1.982 |      0 |
 |        399 |    1073009 |   -149.040 |   -152.502 |    1.395 |    0.266 |  0.16 |   2.487 |   2.487 |      0 |
 |        400 |    1075705 |   -148.670 |   -152.008 |    2.338 |    0.256 |  0.15 |   1.452 |   1.452 |      0 |
 |        401 |    1078401 |   -148.670 |   -153.721 |    2.206 |    0.246 |  0.15 |   0.848 |   0.848 |      0 |
 |        402 |    1081097 |   -148.670 |   -152.929 |    1.987 |    0.236 |  0.16 |   3.837 |   3.837 |      0 |
 |        403 |    1083793 |   -148.670 |   -153.042 |    1.781 |    0.226 |  0.15 |   1.840 |   1.840 |      0 |
 |        404 |    1086489 |   -148.670 |   -150.225 |    0.745 |    0.216 |  0.13 |   1.900 |   1.900 |      0 |
 |        405 |    1089185 |   -148.670 |   -150.717 |    1.074 |    0.206 |  0.13 |   3.160 |   3.160 |      0 |
 |        406 |    1091881 |   -148.670 |   -153.092 |    1.715 |    0.196 |  0.13 |   2.303 |   2.303 |      0 |
 |        407 |    1094577 |   -148.670 |   -152.655 |    1.135 |    0.186 |  0.14 |   1.993 |   1.993 |      0 |
 |        408 |    1097273 |   -148.670 |   -153.540 |    1.154 |    0.176 |  0.12 |   2.024 |   2.024 |      0 |
 |        409 |    1099969 |   -148.670 |   -153.017 |    1.779 |    0.166 |  0.12 |   1.262 |   1.262 |      0 |
 |        410 |    1102665 |   -148.670 |   -152.181 |    1.410 |    0.156 |  0.13 |   2.071 |   2.071 |      0 |
 |        411 |    1105361 |   -148.670 |   -152.506 |    1.043 |    0.146 |  0.12 |   1.010 |   1.010 |      0 |
 |        412 |    1108057 |   -148.670 |   -151.392 |    0.460 |    0.136 |  0.11 |   1.311 |   1.311 |      0 |
 |        413 |    1110753 |   -148.670 |   -151.367 |    0.469 |    0.126 |  0.10 |   3.820 |   3.820 |      0 |
 |        414 |    1113449 |   -148.670 |   -151.342 |    0.228 |    0.116 |  0.11 |   1.869 |   1.869 |      0 |
 |        415 |    1116145 |   -148.670 |   -151.042 |    0.270 |    0.106 |  0.09 |   1.365 |   1.365 |      0 |
 |        416 |    1118841 |   -148.670 |   -151.484 |    0.704 |    0.096 |  0.10 |   0.876 |   0.876 |      0 |
 |        417 |    1121537 |   -148.670 |   -149.556 |    0.379 |    0.086 |  0.11 |   1.599 |   1.599 |      0 |
 |        418 |    1124233 |   -148.670 |   -150.621 |    1.605 |    0.076 |  0.10 |   3.875 |   3.875 |      0 |
 |        419 |    1126929 |   -148.670 |   -149.819 |    1.063 |    0.066 |  0.09 |   3.224 |   3.224 |      0 |
 |        420 |    1129625 |   -148.547 |   -149.234 |    1.048 |    0.056 |  0.09 |   3.158 |   3.158 |      0 |
 |        421 |    1132321 |   -148.547 |   -149.078 |    0.100 |    0.046 |  0.09 |   3.802 |   3.802 |      0 |
 |        422 |    1135017 |   -148.547 |   -149.688 |    1.077 |    0.036 |  0.09 |   1.561 |   1.561 |      0 |
 |        423 |    1137713 |   -148.547 |   -150.526 |    1.541 |    0.026 |  0.08 |   1.568 |   1.568 |      0 |
 |        424 |    1140409 |   -148.547 |   -150.434 |    1.384 |    0.016 |  0.07 |   0.769 |   0.769 |      0 |
 |        425 |    1143105 |   -148.547 |   -148.813 |    0.195 |    0.006 |  0.07 |   3.460 |   3.460 |      0 |
 |        426 |    1145801 |   -148.547 |   -148.547 |    0.000 |    0.000 |  0.00 |   3.460 |   3.460 |      0 |
 |          1 |          0 |   -148.547 |   -317.580 |   26.790 |   69.000 |  0.68 |   3.546 |   3.546 |      0 |
 |          2 |       2697 |   -148.547 |   -316.921 |   17.402 |   63.781 |  0.67 |   2.141 |   2.141 |      0 |
 |          3 |       5393 |   -148.547 |   -317.968 |   15.957 |   57.129 |  0.69 |   1.419 |   1.419 |      0 |
 |          4 |       8089 |   -148.547 |   -314.702 |   22.003 |   51.294 |  0.70 |   3.644 |   3.644 |      0 |
 |          5 |      10785 |   -148.547 |   -312.425 |   16.579 |   47.757 |  0.66 |   2.837 |   2.837 |      0 |
 |          6 |      13481 |   -148.547 |   -314.072 |   18.616 |   43.753 |  0.68 |   1.344 |   1.344 |      0 |
 |          7 |      16177 |   -148.547 |   -312.783 |   26.652 |   40.713 |  0.68 |   1.910 |   1.910 |      0 |
 |          8 |      18873 |   -148.547 |   -317.333 |   19.767 |   38.829 |  0.67 |   1.125 |   1.125 |      0 |
 |          9 |      21569 |   -148.547 |   -309.196 |   16.025 |   36.548 |  0.68 |   1.989 |   1.989 |      0 |
 |         10 |      24265 |   -148.547 |   -319.535 |   21.366 |   34.079 |  0.67 |   3.154 |   3.154 |      0 |
 |         11 |      26961 |   -148.547 |   -311.551 |   17.303 |   32.435 |  0.67 |   0.356 |   0.356 |      0 |
 |         12 |      29657 |   -148.547 |   -316.513 |   21.270 |   30.612 |  0.68 |   2.808 |   2.808 |      0 |
 |         13 |      32353 |   -148.547 |   -309.778 |   19.017 |   29.274 |  0.68 |   3.488 |   3.488 |      0 |
 |         14 |      35049 |   -148.547 |   -306.813 |   17.983 |   27.909 |  0.67 |   3.214 |   3.214 |      0 |
 |         15 |      37745 |   -148.547 |   -308.319 |   16.885 |   26.597 |  0.66 |   2.133 |   2.133 |      0 |
 |         16 |      40441 |   -148.547 |   -304.902 |   16.139 |   25.330 |  0.67 |   3.854 |   3.854 |      0 |
 |         17 |      43137 |   -148.547 |   -314.944 |   20.892 |   24.127 |  0.67 |   3.313 |   3.313 |      0 |
 |         18 |      45833 |   -148.547 |   -319.102 |   21.087 |   23.273 |  0.65 |   1.467 |   1.467 |      0 |
 |         19 |      48529 |   -148.547 |   -300.230 |   23.296 |   22.484 |  0.67 |   1.307 |   1.307 |      0 |
 |         20 |      51225 |   -148.547 |   -310.206 |   21.001 |   21.815 |  0.68 |   3.098 |   3.098 |      0 |
 |         21 |      53921 |   -148.547 |   -314.144 |   24.427 |   21.118 |  0.64 |   1.176 |   1.176 |      0 |
 |         22 |      56617 |   -148.547 |   -308.905 |   14.316 |   20.554 |  0.68 |   2.365 |   2.365 |      0 |
 |         23 |      59313 |   -148.547 |   -301.121 |   17.771 |   19.657 |  0.66 |   1.636 |   1.636 |      0 |
 |         24 |      62009 |   -148.547 |   -295.127 |   19.652 |   18.990 |  0.67 |   3.277 |   3.277 |      0 |
 |         25 |      64705 |   -148.547 |   -301.588 |   23.539 |   18.424 |  0.66 |   2.155 |   2.155 |      0 |
 |         26 |      67401 |   -148.547 |   -312.181 |   20.247 |   17.977 |  0.67 |   2.828 |   2.828 |      0 |
 |         27 |      70097 |   -148.547 |   -302.453 |   20.314 |   17.484 |  0.67 |   2.392 |   2.392 |      0 |
 |         28 |      72793 |   -148.547 |   -299.938 |   18.145 |   17.019 |  0.67 |   1.861 |   1.861 |      0 |
 |         29 |      75489 |   -148.547 |   -289.279 |   17.103 |   16.526 |  0.65 |   1.890 |   1.890 |      0 |
 |         30 |      78185 |   -148.547 |   -306.195 |   17.345 |   16.034 |  0.66 |   2.833 |   2.833 |      0 |
 |         31 |      80881 |   -148.547 |   -307.547 |   16.711 |   15.577 |  0.66 |   0.793 |   0.793 |      0 |
 |         32 |      83577 |   -148.547 |   -297.990 |   14.865 |   15.129 |  0.65 |   3.215 |   3.215 |      0 |
 |         33 |      86273 |   -148.547 |   -306.200 |   14.232 |   14.655 |  0.66 |   1.015 |   1.015 |      0 |
 |         34 |      88969 |   -148.547 |   -289.812 |   19.309 |   14.191 |  0.67 |   1.998 |   1.998 |      0 |
 |         35 |      91665 |   -148.547 |   -307.881 |   17.697 |   13.867 |  0.65 |   1.488 |   1.488 |      0 |
 |         36 |      94361 |   -148.547 |   -302.355 |   18.444 |   13.530 |  0.66 |   2.258 |   2.258 |      0 |
 |         37 |      97057 |   -148.547 |   -296.292 |   19.888 |   13.222 |  0.65 |   3.237 |   3.237 |      0 |
 |         38 |      99753 |   -148.547 |   -299.255 |   15.467 |   12.948 |  0.65 |   3.596 |   3.596 |      0 |
 |         39 |     102449 |   -148.547 |   -294.481 |   21.827 |   12.613 |  0.63 |   1.978 |   1.978 |      0 |
 |         40 |     105145 |   -148.547 |   -296.584 |   23.931 |   12.386 |  0.64 |   2.025 |   2.025 |      0 |
 |         41 |     107841 |   -148.547 |   -293.615 |   15.431 |   12.185 |  0.64 |   3.747 |   3.747 |      0 |
 |         42 |     110537 |   -148.547 |   -302.602 |   18.635 |   11.887 |  0.63 |   2.142 |   2.142 |      0 |
 |         43 |     113233 |   -148.547 |   -294.515 |   22.219 |   11.651 |  0.61 |   1.638 |   1.638 |      0 |
 |         44 |     115929 |   -148.547 |   -291.851 |   19.178 |   11.460 |  0.63 |   3.424 |   3.424 |      0 |
 |         45 |     118625 |   -148.547 |   -284.361 |   16.829 |   11.246 |  0.65 |   3.097 |   3.097 |      0 |
 |         46 |     121321 |   -148.547 |   -298.914 |   18.941 |   11.013 |  0.65 |   3.540 |   3.540 |      0 |
 |         47 |     124017 |   -148.547 |   -292.848 |   17.849 |   10.813 |  0.65 |   1.768 |   1.768 |      0 |
 |         48 |     126713 |   -148.547 |   -307.230 |   17.035 |   10.609 |  0.64 |   2.159 |   2.159 |      0 |
 |         49 |     129409 |   -148.547 |   -293.217 |   18.225 |   10.403 |  0.62 |   1.433 |   1.433 |      0 |
 |         50 |     132105 |   -148.547 |   -305.376 |   21.614 |   10.218 |  0.65 |   2.887 |   2.887 |      0 |
 |         51 |     134801 |   -148.547 |   -273.204 |   17.409 |   10.066 |  0.62 |   0.705 |   0.705 |      0 |
 |         52 |     137497 |   -148.547 |   -274.053 |   16.374 |    9.885 |  0.63 |   3.754 |   3.754 |      0 |
 |         53 |     140193 |   -148.547 |   -295.200 |   19.655 |    9.699 |  0.63 |   3.128 |   3.128 |      0 |
 |         54 |     142889 |   -148.547 |   -295.432 |   23.180 |    9.549 |  0.62 |   2.843 |   2.843 |      0 |
 |         55 |     145585 |   -148.547 |   -284.228 |   20.872 |    9.426 |  0.62 |   1.760 |   1.760 |      0 |
 |         56 |     148281 |   -148.547 |   -289.806 |   17.885 |    9.292 |  0.62 |   1.124 |   1.124 |      0 |
 |         57 |     150977 |   -148.547 |   -284.902 |   13.514 |    9.142 |  0.64 |   2.830 |   2.830 |      0 |
 |         58 |     153673 |   -148.547 |   -283.847 |   20.944 |    8.949 |  0.62 |   1.823 |   1.823 |      0 |
 |         59 |     156369 |   -148.547 |   -286.099 |   19.588 |    8.829 |  0.63 |   0.828 |   0.828 |      0 |
 |         60 |     159065 |   -148.547 |   -291.111 |   17.493 |    8.705 |  0.63 |   2.329 |   2.329 |      0 |
 |         61 |     161761 |   -148.547 |   -285.576 |   20.664 |    8.569 |  0.63 |   2.497 |   2.497 |      0 |
 |         62 |     164457 |   -148.547 |   -283.651 |   22.121 |    8.458 |  0.62 |   3.418 |   3.418 |      0 |
 |         63 |     167153 |   -148.547 |   -284.835 |   18.573 |    8.356 |  0.61 |   1.377 |   1.377 |      0 |
 |         64 |     169849 |   -148.547 |   -282.319 |   17.502 |    8.239 |  0.61 |   3.484 |   3.484 |      0 |
 |         65 |     172545 |   -148.547 |   -286.491 |   18.775 |    8.117 |  0.62 |   3.834 |   3.834 |      0 |
 |         66 |     175241 |   -148.547 |   -289.650 |   17.505 |    8.007 |  0.60 |   1.422 |   1.422 |      0 |
 |         67 |     177937 |   -148.547 |   -283.614 |   21.271 |    7.892 |  0.60 |   1.391 |   1.391 |      0 |
 |         68 |     180633 |   -148.547 |   -278.551 |   17.939 |    7.801 |  0.60 |   0.517 |   0.517 |      0 |
 |         69 |     183329 |   -148.547 |   -282.423 |   17.949 |    7.694 |  0.60 |   3.672 |   3.672 |      0 |
 |         70 |     186025 |   -148.547 |   -263.472 |   17.351 |    7.591 |  0.59 |   3.715 |   3.715 |      0 |
 |         71 |     188721 |   -148.547 |   -285.183 |   17.029 |    7.487 |  0.61 |   3.637 |   3.637 |      0 |
 |         72 |     191417 |   -148.547 |   -277.320 |   19.975 |    7.384 |  0.59 |   3.982 |   3.982 |      0 |
 |         73 |     194113 |   -148.547 |   -266.521 |   20.406 |    7.298 |  0.59 |   0.821 |   0.821 |      0 |
 |         74 |     196809 |   -148.547 |   -277.202 |   19.046 |    7.216 |  0.60 |   0.808 |   0.808 |      0 |
 |         75 |     199505 |   -148.547 |   -277.148 |   19.621 |    7.130 |  0.62 |   3.805 |   3.805 |      0 |
 |         76 |     202201 |   -148.547 |   -283.774 |   19.724 |    7.049 |  0.59 |   3.797 |   3.797 |      0 |
 |         77 |     204897 |   -148.547 |   -270.787 |   14.129 |    6.970 |  0.59 |   0.424 |   0.424 |      0 |
 |         78 |     207593 |   -148.547 |   -272.874 |   12.303 |    6.862 |  0.58 |   0.683 |   0.683 |      0 |
 |         79 |     210289 |   -148.547 |   -266.204 |   12.620 |    6.743 |  0.63 |   0.376 |   0.376 |      0 |
 |         80 |     212985 |   -148.547 |   -285.644 |   22.436 |    6.630 |  0.59 |   0.923 |   0.923 |      0 |
 |         81 |     215681 |   -148.547 |   -275.126 |   20.293 |    6.568 |  0.60 |   3.942 |   3.942 |      0 |
 |         82 |     218377 |   -148.547 |   -270.278 |   17.364 |    6.502 |  0.59 |   3.249 |   3.249 |      0 |
 |         83 |     221073 |   -148.547 |   -277.616 |   24.366 |    6.425 |  0.61 |   2.341 |   2.341 |      0 |
 |         84 |     223769 |   -148.547 |   -282.660 |   19.399 |    6.372 |  0.59 |   2.438 |   2.438 |      0 |
 |         85 |     226465 |   -148.547 |   -285.468 |   17.120 |    6.306 |  0.60 |   3.184 |   3.184 |      0 |
 |         86 |     229161 |   -148.547 |   -269.014 |   18.388 |    6.233 |  0.59 |   2.075 |   2.075 |      0 |
 |         87 |     231857 |   -148.547 |   -263.701 |   15.372 |    6.167 |  0.60 |   0.790 |   0.790 |      0 |
 |         88 |     234553 |   -148.547 |   -272.025 |   16.349 |    6.089 |  0.57 |   1.511 |   1.511 |      0 |
 |         89 |     237249 |   -148.547 |   -271.179 |   21.253 |    6.018 |  0.59 |   0.788 |   0.788 |      0 |
 |         90 |     239945 |   -148.547 |   -271.781 |   18.337 |    5.964 |  0.60 |   3.694 |   3.694 |      0 |
 |         91 |     242641 |   -148.547 |   -268.095 |   13.730 |    5.903 |  0.59 |   1.163 |   1.163 |      0 |
 |         92 |     245337 |   -148.547 |   -266.423 |   15.988 |    5.824 |  0.58 |   3.079 |   3.079 |      0 |
 |         93 |     248033 |   -148.547 |   -278.500 |   19.511 |    5.757 |  0.59 |   2.396 |   2.396 |      0 |
 |         94 |     250729 |   -148.547 |   -280.077 |   17.365 |    5.703 |  0.57 |   1.449 |   1.449 |      0 |
 |         95 |     253425 |   -148.547 |   -266.937 |   14.507 |    5.645 |  0.58 |   1.222 |   1.222 |      0 |
 |         96 |     256121 |   -148.547 |   -257.553 |   17.876 |    5.576 |  0.58 |   3.365 |   3.365 |      0 |
 |         97 |     258817 |   -148.547 |   -258.897 |   16.897 |    5.521 |  0.59 |   0.713 |   0.713 |      0 |
 |         98 |     261513 |   -148.547 |   -266.500 |   13.867 |    5.464 |  0.56 |   3.699 |   3.699 |      0 |
 |         99 |     264209 |   -148.547 |   -275.787 |   15.931 |    5.397 |  0.56 |   3.012 |   3.012 |      0 |
 |        100 |     266905 |   -148.547 |   -260.881 |   13.392 |    5.339 |  0.57 |   0.984 |   0.984 |      0 |
 |        101 |     269601 |   -148.547 |   -260.589 |   12.921 |    5.272 |  0.58 |   1.363 |   1.363 |      0 |
 |        102 |     272297 |   -148.547 |   -265.803 |   17.741 |    5.205 |  0.56 |   2.393 |   2.393 |      0 |
 |        103 |     274993 |   -148.547 |   -266.677 |   17.998 |    5.157 |  0.58 |   2.763 |   2.763 |      0 |
 |        104 |     277689 |   -148.547 |   -260.171 |   13.490 |    5.110 |  0.57 |   0.499 |   0.499 |      0 |
 |        105 |     280385 |   -148.547 |   -265.859 |   19.415 |    5.050 |  0.55 |   0.799 |   0.799 |      0 |
 |        106 |     283081 |   -148.547 |   -270.776 |   16.702 |    5.008 |  0.54 |   1.543 |   1.543 |      0 |
 |        107 |     285777 |   -148.547 |   -253.434 |   14.432 |    4.961 |  0.56 |   2.728 |   2.728 |      0 |
 |        108 |     288473 |   -148.547 |   -259.197 |   13.618 |    4.907 |  0.56 |   1.187 |   1.187 |      0 |
 |        109 |     291169 |   -148.547 |   -250.103 |   15.212 |    4.852 |  0.56 |   3.349 |   3.349 |      0 |
 |        110 |     293865 |   -148.547 |   -255.633 |   22.320 |    4.803 |  0.56 |   1.231 |   1.231 |      0 |
 |        111 |     296561 |   -148.547 |   -257.892 |   17.468 |    4.771 |  0.56 |   2.995 |   2.995 |      0 |
 |        112 |     299257 |   -148.547 |   -258.631 |   19.850 |    4.729 |  0.54 |   2.252 |   2.252 |      0 |
 |        113 |     301953 |   -148.547 |   -260.328 |   18.989 |    4.694 |  0.55 |   0.388 |   0.388 |      0 |
 |        114 |     304649 |   -148.547 |   -259.829 |   16.150 |    4.657 |  0.55 |   1.376 |   1.376 |      0 |
 |        115 |     307345 |   -148.547 |   -260.718 |   14.698 |    4.615 |  0.55 |   3.693 |   3.693 |      0 |
 |        116 |     310041 |   -148.547 |   -258.982 |   18.585 |    4.570 |  0.55 |   3.713 |   3.713 |      0 |
 |        117 |     312737 |   -148.547 |   -253.122 |   15.228 |    4.534 |  0.55 |   1.682 |   1.682 |      0 |
 |        118 |     315433 |   -148.547 |   -249.146 |   14.640 |    4.492 |  0.56 |   0.581 |   0.581 |      0 |
 |        119 |     318129 |   -148.547 |   -249.697 |   16.207 |    4.448 |  0.54 |   2.145 |   2.145 |      0 |
 |        120 |     320825 |   -148.547 |   -253.968 |   17.716 |    4.410 |  0.55 |   2.894 |   2.894 |      0 |
 |        121 |     323521 |   -148.547 |   -261.850 |   15.137 |    4.375 |  0.55 |   0.329 |   0.329 |      0 |
 |        122 |     326217 |   -148.547 |   -261.726 |   18.374 |    4.335 |  0.55 |   1.821 |   1.821 |      0 |
 |        123 |     328913 |   -148.547 |   -255.822 |   17.038 |    4.303 |  0.52 |   3.220 |   3.220 |      0 |
 |        124 |     331609 |   -148.547 |   -239.750 |   19.086 |    4.269 |  0.55 |   2.124 |   2.124 |      0 |
 |        125 |     334305 |   -148.547 |   -251.032 |   14.438 |    4.239 |  0.54 |   0.535 |   0.535 |      0 |
 |        126 |     337001 |   -148.547 |   -251.885 |   17.368 |    4.200 |  0.54 |   3.982 |   3.982 |      0 |
 |        127 |     339697 |   -148.547 |   -246.985 |   17.776 |    4.168 |  0.54 |   3.168 |   3.168 |      0 |
 |        128 |     342393 |   -148.547 |   -237.435 |   17.928 |    4.137 |  0.53 |   2.721 |   2.721 |      0 |
 |        129 |     345089 |   -148.547 |   -250.699 |   18.615 |    4.107 |  0.54 |   2.395 |   2.395 |      0 |
 |        130 |     347785 |   -148.547 |   -241.091 |   11.042 |    4.078 |  0.54 |   2.027 |   2.027 |      0 |
 |        131 |     350481 |   -148.547 |   -253.134 |   12.307 |    4.031 |  0.54 |   3.799 |   3.799 |      0 |
 |        132 |     353177 |   -148.547 |   -254.110 |   14.437 |    3.989 |  0.55 |   1.944 |   1.944 |      0 |
 |        133 |     355873 |   -148.547 |   -244.272 |   13.719 |    3.955 |  0.54 |   2.529 |   2.529 |      0 |
 |        134 |     358569 |   -148.547 |   -253.495 |   16.424 |    3.919 |  0.53 |   1.760 |   1.760 |      0 |
 |        135 |     361265 |   -148.547 |   -256.752 |   16.845 |    3.889 |  0.51 |   1.097 |   1.097 |      0 |
 |        136 |     363961 |   -148.547 |   -240.602 |   13.702 |    3.861 |  0.53 |   0.936 |   0.936 |      0 |
 |        137 |     366657 |   -148.547 |   -251.653 |   14.584 |    3.827 |  0.52 |   3.755 |   3.755 |      0 |
 |        138 |     369353 |   -148.547 |   -240.789 |   13.418 |    3.795 |  0.54 |   3.175 |   3.175 |      0 |
 |        139 |     372049 |   -148.547 |   -246.706 |   16.642 |    3.761 |  0.52 |   1.978 |   1.978 |      0 |
 |        140 |     374745 |   -148.547 |   -254.883 |   15.925 |    3.734 |  0.52 |   3.981 |   3.981 |      0 |
 |        141 |     377441 |   -148.547 |   -248.227 |   13.802 |    3.707 |  0.51 |   3.532 |   3.532 |      0 |
 |        142 |     380137 |   -148.547 |   -244.175 |   11.641 |    3.675 |  0.51 |   2.787 |   2.787 |      0 |
 |        143 |     382833 |   -148.547 |   -236.080 |   15.134 |    3.639 |  0.51 |   0.677 |   0.677 |      0 |
 |        144 |     385529 |   -148.547 |   -243.963 |   16.624 |    3.611 |  0.52 |   2.444 |   2.444 |      0 |
 |        145 |     388225 |   -148.547 |   -240.006 |   11.580 |    3.587 |  0.53 |   2.239 |   2.239 |      0 |
 |        146 |     390921 |   -148.547 |   -247.442 |   13.249 |    3.552 |  0.52 |   0.896 |   0.896 |      0 |
 |        147 |     393617 |   -148.547 |   -245.803 |   15.933 |    3.522 |  0.49 |   2.886 |   2.886 |      0 |
 |        148 |     396313 |   -148.547 |   -246.609 |   15.284 |    3.497 |  0.50 |   2.046 |   2.046 |      0 |
 |        149 |     399009 |   -148.547 |   -231.122 |   11.061 |    3.472 |  0.50 |   2.949 |   2.949 |      0 |
 |        150 |     401705 |   -148.547 |   -241.628 |   14.968 |    3.438 |  0.53 |   3.374 |   3.374 |      0 |
 |        151 |     404401 |   -148.547 |   -238.467 |   13.838 |    3.413 |  0.51 |   1.228 |   1.228 |      0 |
 |        152 |     407097 |   -148.547 |   -239.687 |   14.338 |    3.386 |  0.53 |   2.840 |   2.840 |      0 |
 |        153 |     409793 |   -148.547 |   -248.693 |   14.669 |    3.361 |  0.50 |   3.322 |   3.322 |      0 |
 |        154 |     412489 |   -148.547 |   -240.975 |   13.566 |    3.337 |  0.51 |   1.693 |   1.693 |      0 |
 |        155 |     415185 |   -148.547 |   -230.497 |    9.816 |    3.311 |  0.50 |   2.813 |   2.813 |      0 |
 |        156 |     417881 |   -148.547 |   -239.872 |    8.357 |    3.276 |  0.50 |   3.161 |   3.161 |      0 |
 |        157 |     420577 |   -148.547 |   -246.402 |   14.972 |    3.235 |  0.50 |   2.793 |   2.793 |      0 |
 |        158 |     423273 |   -148.547 |   -232.328 |   10.978 |    3.213 |  0.48 |   2.481 |   2.481 |      0 |
 |        159 |     425969 |   -148.547 |   -227.285 |   13.527 |    3.184 |  0.49 |   1.153 |   1.153 |      0 |
 |        160 |     428665 |   -148.547 |   -237.145 |   18.021 |    3.160 |  0.51 |   2.129 |   2.129 |      0 |
 |        161 |     431361 |   -148.547 |   -239.552 |   21.123 |    3.143 |  0.49 |   1.589 |   1.589 |      0 |
 |        162 |     434057 |   -148.547 |   -234.240 |   11.277 |    3.128 |  0.49 |   0.986 |   0.986 |      0 |
 |        163 |     436753 |   -148.547 |   -224.391 |   15.132 |    3.100 |  0.49 |   0.916 |   0.916 |      0 |
 |        164 |     439449 |   -148.547 |   -219.165 |   13.833 |    3.080 |  0.47 |   1.204 |   1.204 |      0 |
 |        165 |     442145 |   -148.547 |   -238.387 |   13.701 |    3.059 |  0.50 |   3.021 |   3.021 |      0 |
 |        166 |     444841 |   -148.547 |   -222.959 |   11.444 |    3.037 |  0.49 |   1.888 |   1.888 |      0 |
 |        167 |     447537 |   -148.547 |   -237.734 |   11.880 |    3.012 |  0.49 |   1.952 |   1.952 |      0 |
 |        168 |     450233 |   -148.547 |   -231.746 |   11.767 |    2.988 |  0.48 |   0.579 |   0.579 |      0 |
 |        169 |     452929 |   -148.547 |   -228.665 |   14.893 |    2.964 |  0.49 |   3.500 |   3.500 |      0 |
 |        170 |     455625 |   -148.547 |   -229.084 |   13.545 |    2.945 |  0.49 |   0.456 |   0.456 |      0 |
 |        171 |     458321 |   -148.547 |   -226.587 |   13.820 |    2.925 |  0.49 |   0.373 |   0.373 |      0 |
 |        172 |     461017 |   -148.547 |   -229.057 |   12.443 |    2.905 |  0.48 |   1.618 |   1.618 |      0 |
 |        173 |     463713 |   -148.547 |   -229.709 |   17.903 |    2.884 |  0.48 |   3.660 |   3.660 |      0 |
 |        174 |     466409 |   -148.547 |   -233.510 |   10.913 |    2.869 |  0.46 |   2.506 |   2.506 |      0 |
 |        175 |     469105 |   -148.547 |   -228.086 |   11.879 |    2.846 |  0.48 |   3.725 |   3.725 |      0 |
 |        176 |     471801 |   -148.547 |   -228.477 |   14.062 |    2.824 |  0.47 |   3.116 |   3.116 |      0 |
 |        177 |     474497 |   -148.547 |   -216.442 |   10.967 |    2.806 |  0.47 |   0.921 |   0.921 |      0 |
 |        178 |     477193 |   -148.547 |   -220.390 |   13.182 |    2.784 |  0.45 |   1.550 |   1.550 |      0 |
 |        179 |     479889 |   -148.547 |   -216.825 |   11.854 |    2.765 |  0.47 |   3.081 |   3.081 |      0 |
 |        180 |     482585 |   -148.547 |   -225.805 |   16.886 |    2.745 |  0.47 |   2.069 |   2.069 |      0 |
 |        181 |     485281 |   -148.547 |   -230.007 |   16.556 |    2.731 |  0.48 |   0.957 |   0.957 |      0 |
 |        182 |     487977 |   -148.547 |   -223.533 |   15.773 |    2.716 |  0.47 |   0.637 |   0.637 |      0 |
 |        183 |     490673 |   -148.547 |   -218.632 |    9.942 |    2.702 |  0.48 |   1.733 |   1.733 |      0 |
 |        184 |     493369 |   -148.547 |   -216.009 |   13.078 |    2.678 |  0.45 |   3.033 |   3.033 |      0 |
 |        185 |     496065 |   -148.547 |   -219.110 |   12.893 |    2.661 |  0.45 |   1.518 |   1.518 |      0 |
 |        186 |     498761 |   -148.547 |   -219.105 |   13.870 |    2.644 |  0.45 |   1.859 |   1.859 |      0 |
 |        187 |     501457 |   -148.547 |   -223.857 |   11.618 |    2.628 |  0.48 |   3.085 |   3.085 |      0 |
 |        188 |     504153 |   -148.547 |   -225.790 |   13.377 |    2.609 |  0.48 |   0.356 |   0.356 |      0 |
 |        189 |     506849 |   -148.547 |   -220.053 |   11.187 |    2.593 |  0.45 |   2.273 |   2.273 |      0 |
 |        190 |     509545 |   -148.547 |   -222.354 |   11.519 |    2.574 |  0.49 |   3.962 |   3.962 |      0 |
 |        191 |     512241 |   -148.547 |   -220.007 |   11.138 |    2.556 |  0.46 |   3.532 |   3.532 |      0 |
 |        192 |     514937 |   -148.547 |   -215.509 |    9.828 |    2.537 |  0.46 |   0.978 |   0.978 |      0 |
 |        193 |     517633 |   -148.547 |   -225.808 |   11.144 |    2.517 |  0.45 |   2.273 |   2.273 |      0 |
 |        194 |     520329 |   -148.547 |   -223.407 |   13.853 |    2.499 |  0.44 |   1.347 |   1.347 |      0 |
 |        195 |     523025 |   -148.547 |   -222.358 |   12.741 |    2.485 |  0.48 |   1.522 |   1.522 |      0 |
 |        196 |     525721 |   -148.547 |   -217.440 |   14.201 |    2.469 |  0.45 |   1.580 |   1.580 |      0 |
 |        197 |     528417 |   -148.547 |   -228.614 |   14.918 |    2.456 |  0.46 |   3.302 |   3.302 |      0 |
 |        198 |     531113 |   -148.547 |   -219.487 |   12.338 |    2.443 |  0.45 |   1.160 |   1.160 |      0 |
 |        199 |     533809 |   -148.547 |   -224.250 |   12.066 |    2.428 |  0.46 |   2.342 |   2.342 |      0 |
 |        200 |     536505 |   -148.547 |   -217.477 |   13.511 |    2.412 |  0.45 |   2.414 |   2.414 |      0 |
 |        201 |     539201 |   -148.547 |   -215.518 |   11.257 |    2.399 |  0.47 |   2.104 |   2.104 |      0 |
 |        202 |     541897 |   -148.547 |   -213.181 |   14.100 |    2.383 |  0.46 |   1.271 |   1.271 |      0 |
 |        203 |     544593 |   -148.547 |   -217.446 |    9.881 |    2.370 |  0.45 |   0.838 |   0.838 |      0 |
 |        204 |     547289 |   -148.547 |   -210.537 |   13.093 |    2.352 |  0.45 |   3.244 |   3.244 |      0 |
 |        205 |     549985 |   -148.547 |   -215.485 |   10.678 |    2.339 |  0.44 |   1.870 |   1.870 |      0 |
 |        206 |     552681 |   -148.547 |   -209.535 |   12.245 |    2.322 |  0.45 |   3.262 |   3.262 |      0 |
 |        207 |     555377 |   -148.547 |   -212.192 |   12.540 |    2.309 |  0.45 |   1.886 |   1.886 |      0 |
 |        208 |     558073 |   -148.547 |   -222.682 |   12.328 |    2.295 |  0.47 |   0.846 |   0.846 |      0 |
 |        209 |     560769 |   -148.547 |   -212.758 |   13.770 |    2.282 |  0.45 |   3.771 |   3.771 |      0 |
 |        210 |     563465 |   -148.547 |   -223.503 |   15.475 |    2.270 |  0.43 |   1.635 |   1.635 |      0 |
 |        211 |     566161 |   -148.547 |   -211.352 |    9.835 |    2.259 |  0.45 |   1.460 |   1.460 |      0 |
 |        212 |     568857 |   -148.547 |   -216.326 |    9.675 |    2.243 |  0.43 |   3.242 |   3.242 |      0 |
 |        213 |     571553 |   -148.547 |   -216.571 |   13.920 |    2.226 |  0.44 |   1.299 |   1.299 |      0 |
 |        214 |     574249 |   -148.547 |   -222.914 |   10.872 |    2.215 |  0.45 |   0.488 |   0.488 |      0 |
 |        215 |     576945 |   -148.547 |   -208.662 |   13.958 |    2.201 |  0.43 |   1.184 |   1.184 |      0 |
 |        216 |     579641 |   -148.547 |   -211.044 |   10.633 |    2.190 |  0.43 |   3.322 |   3.322 |      0 |
 |        217 |     582337 |   -148.547 |   -201.077 |   10.877 |    2.176 |  0.41 |   2.506 |   2.506 |      0 |
 |        218 |     585033 |   -148.547 |   -209.546 |    9.062 |    2.162 |  0.42 |   3.755 |   3.755 |      0 |
 |        219 |     587729 |   -148.547 |   -213.040 |   10.899 |    2.146 |  0.45 |   2.100 |   2.100 |      0 |
 |        220 |     590425 |   -148.547 |   -206.996 |    8.830 |    2.132 |  0.44 |   2.411 |   2.411 |      0 |
 |        221 |     593121 |   -148.547 |   -217.958 |   15.519 |    2.116 |  0.44 |   2.313 |   2.313 |      0 |
 |        222 |     595817 |   -148.547 |   -211.479 |   11.128 |    2.106 |  0.41 |   2.536 |   2.536 |      0 |
 |        223 |     598513 |   -148.547 |   -212.018 |   10.993 |    2.094 |  0.44 |   0.509 |   0.509 |      0 |
 |        224 |     601209 |   -148.547 |   -215.036 |   11.851 |    2.081 |  0.44 |   2.291 |   2.291 |      0 |
 |        225 |     603905 |   -148.547 |   -206.606 |   11.915 |    2.069 |  0.43 |   0.429 |   0.429 |      0 |
 |        226 |     606601 |   -148.547 |   -208.636 |   12.602 |    2.058 |  0.41 |   2.283 |   2.283 |      0 |
 |        227 |     609297 |   -148.547 |   -207.308 |   11.596 |    2.047 |  0.44 |   2.286 |   2.286 |      0 |
 |        228 |     611993 |   -148.547 |   -210.954 |   11.673 |    2.036 |  0.42 |   3.343 |   3.343 |      0 |
 |        229 |     614689 |   -148.547 |   -208.716 |   12.910 |    2.025 |  0.45 |   2.154 |   2.154 |      0 |
 |        230 |     617385 |   -148.547 |   -211.706 |   12.117 |    2.015 |  0.42 |   1.942 |   1.942 |      0 |
 |        231 |     620081 |   -148.547 |   -209.886 |   11.129 |    2.004 |  0.41 |   2.999 |   2.999 |      0 |
 |        232 |     622777 |   -148.547 |   -200.164 |   10.998 |    1.993 |  0.42 |   0.621 |   0.621 |      0 |
 |        233 |     625473 |   -148.547 |   -205.288 |   10.159 |    1.981 |  0.41 |   1.053 |   1.053 |      0 |
 |        234 |     628169 |   -148.547 |   -202.314 |    7.647 |    1.969 |  0.43 |   3.981 |   3.981 |      0 |
 |        235 |     630865 |   -148.547 |   -213.017 |   11.899 |    1.953 |  0.42 |   3.096 |   3.096 |      0 |
 |        236 |     633561 |   -148.547 |   -203.452 |   11.054 |    1.943 |  0.42 |   1.608 |   1.608 |      0 |
 |        237 |     636257 |   -148.547 |   -204.057 |   10.764 |    1.932 |  0.40 |   1.898 |   1.898 |      0 |
 |        238 |     638953 |   -148.547 |   -200.062 |   11.286 |    1.921 |  0.39 |   3.376 |   3.376 |      0 |
 |        239 |     641649 |   -148.547 |   -202.083 |   10.450 |    1.911 |  0.40 |   0.936 |   0.936 |      0 |
 |        240 |     644345 |   -148.547 |   -197.118 |    8.557 |    1.900 |  0.42 |   2.729 |   2.729 |      0 |
 |        241 |     647041 |   -148.547 |   -205.977 |   14.385 |    1.887 |  0.40 |   3.394 |   3.394 |      0 |
 |        242 |     649737 |   -148.547 |   -209.841 |   14.155 |    1.877 |  0.42 |   1.929 |   1.929 |      0 |
 |        243 |     652433 |   -148.547 |   -199.173 |    9.430 |    1.867 |  0.41 |   2.377 |   2.377 |      0 |
 |        244 |     655129 |   -148.547 |   -201.002 |    9.593 |    1.855 |  0.41 |   1.452 |   1.452 |      0 |
 |        245 |     657825 |   -148.547 |   -197.658 |   10.458 |    1.844 |  0.39 |   2.319 |   2.319 |      0 |
 |        246 |     660521 |   -148.547 |   -202.418 |   10.446 |    1.833 |  0.42 |   3.509 |   3.509 |      0 |
 |        247 |     663217 |   -148.547 |   -206.851 |    9.067 |    1.823 |  0.41 |   3.904 |   3.904 |      0 |
 |        248 |     665913 |   -148.547 |   -199.918 |    8.609 |    1.812 |  0.39 |   1.914 |   1.914 |      0 |
 |        249 |     668609 |   -148.547 |   -200.501 |   14.287 |    1.800 |  0.38 |   1.939 |   1.939 |      0 |
 |        250 |     671305 |   -148.547 |   -200.000 |   11.966 |    1.790 |  0.39 |   3.530 |   3.530 |      0 |
 |        251 |     674001 |   -148.547 |   -204.806 |   12.117 |    1.780 |  0.39 |   2.206 |   2.206 |      0 |
 |        252 |     676697 |   -148.547 |   -197.890 |    8.001 |    1.770 |  0.39 |   2.268 |   2.268 |      0 |
 |        253 |     679393 |   -148.547 |   -202.237 |    8.151 |    1.757 |  0.40 |   2.412 |   2.412 |      0 |
 |        254 |     682089 |   -148.547 |   -209.504 |   10.965 |    1.745 |  0.39 |   3.271 |   3.271 |      0 |
 |        255 |     684785 |   -148.547 |   -197.118 |    8.791 |    1.735 |  0.36 |   1.603 |   1.603 |      0 |
 |        256 |     687481 |   -148.547 |   -192.339 |    8.951 |    1.724 |  0.39 |   1.392 |   1.392 |      0 |
 |        257 |     690177 |   -148.547 |   -192.742 |    8.814 |    1.714 |  0.37 |   2.715 |   2.715 |      0 |
 |        258 |     692873 |   -148.547 |   -200.477 |    8.890 |    1.703 |  0.40 |   2.401 |   2.401 |      0 |
 |        259 |     695569 |   -148.547 |   -204.576 |   12.152 |    1.693 |  0.39 |   1.428 |   1.428 |      0 |
 |        260 |     698265 |   -148.547 |   -203.550 |   10.449 |    1.683 |  0.40 |   2.136 |   2.136 |      0 |
 |        261 |     700961 |   -148.547 |   -198.208 |   12.580 |    1.673 |  0.38 |   2.502 |   2.502 |      0 |
 |        262 |     703657 |   -148.547 |   -194.562 |   10.251 |    1.663 |  0.38 |   3.036 |   3.036 |      0 |
 |        263 |     706353 |   -148.547 |   -195.670 |    8.644 |    1.653 |  0.37 |   0.875 |   0.875 |      0 |
 |        264 |     709049 |   -148.547 |   -193.161 |   11.759 |    1.643 |  0.38 |   1.378 |   1.378 |      0 |
 |        265 |     711745 |   -148.547 |   -198.148 |    9.405 |    1.633 |  0.38 |   2.465 |   2.465 |      0 |
 |        266 |     714441 |   -148.547 |   -189.619 |    9.068 |    1.623 |  0.38 |   3.944 |   3.944 |      0 |
 |        267 |     717137 |   -148.547 |   -192.963 |    6.315 |    1.613 |  0.35 |   2.078 |   2.078 |      0 |
 |        268 |     719833 |   -148.547 |   -188.876 |    6.746 |    1.600 |  0.38 |   1.060 |   1.060 |      0 |
 |        269 |     722529 |   -148.547 |   -194.000 |   12.208 |    1.588 |  0.39 |   2.384 |   2.384 |      0 |
 |        270 |     725225 |   -148.547 |   -193.720 |    9.323 |    1.578 |  0.38 |   2.512 |   2.512 |      0 |
 |        271 |     727921 |   -148.547 |   -193.708 |    9.907 |    1.568 |  0.37 |   0.434 |   0.434 |      0 |
 |        272 |     730617 |   -148.547 |   -196.997 |   10.898 |    1.558 |  0.36 |   3.520 |   3.520 |      0 |
 |        273 |     733313 |   -148.547 |   -196.552 |    7.808 |    1.548 |  0.38 |   1.890 |   1.890 |      0 |
 |        274 |     736009 |   -148.547 |   -192.992 |   12.876 |    1.538 |  0.35 |   1.271 |   1.271 |      0 |
 |        275 |     738705 |   -148.547 |   -192.580 |    7.678 |    1.528 |  0.35 |   3.285 |   3.285 |      0 |
 |        276 |     741401 |   -148.547 |   -194.356 |   11.312 |    1.518 |  0.38 |   1.690 |   1.690 |      0 |
 |        277 |     744097 |   -148.547 |   -194.435 |   10.153 |    1.508 |  0.38 |   2.515 |   2.515 |      0 |
 |        278 |     746793 |   -148.547 |   -194.237 |   10.180 |    1.498 |  0.37 |   0.936 |   0.936 |      0 |
 |        279 |     749489 |   -148.547 |   -186.239 |    7.090 |    1.488 |  0.35 |   1.270 |   1.270 |      0 |
 |        280 |     752185 |   -148.547 |   -194.527 |    9.354 |    1.478 |  0.36 |   1.109 |   1.109 |      0 |
 |        281 |     754881 |   -148.547 |   -184.651 |    9.961 |    1.468 |  0.35 |   2.625 |   2.625 |      0 |
 |        282 |     757577 |   -148.547 |   -189.682 |    8.975 |    1.458 |  0.35 |   3.527 |   3.527 |      0 |
 |        283 |     760273 |   -148.547 |   -187.733 |    8.453 |    1.448 |  0.37 |   3.179 |   3.179 |      0 |
 |        284 |     762969 |   -148.547 |   -183.668 |    8.772 |    1.438 |  0.35 |   3.450 |   3.450 |      0 |
 |        285 |     765665 |   -148.547 |   -193.472 |   10.715 |    1.428 |  0.36 |   1.150 |   1.150 |      0 |
 |        286 |     768361 |   -148.547 |   -193.927 |    7.874 |    1.418 |  0.36 |   1.250 |   1.250 |      0 |
 |        287 |     771057 |   -148.547 |   -182.166 |    7.142 |    1.408 |  0.35 |   1.845 |   1.845 |      0 |
 |        288 |     773753 |   -148.547 |   -184.392 |    8.689 |    1.398 |  0.34 |   3.778 |   3.778 |      0 |
 |        289 |     776449 |   -148.547 |   -185.158 |    6.342 |    1.388 |  0.36 |   1.580 |   1.580 |      0 |
 |        290 |     779145 |   -148.547 |   -184.600 |    6.779 |    1.378 |  0.36 |   2.865 |   2.865 |      0 |
 |        291 |     781841 |   -148.547 |   -191.045 |    6.510 |    1.368 |  0.35 |   0.601 |   0.601 |      0 |
 |        292 |     784537 |   -148.547 |   -187.429 |    8.893 |    1.358 |  0.38 |   1.967 |   1.967 |      0 |
 |        293 |     787233 |   -148.547 |   -187.631 |    9.330 |    1.348 |  0.34 |   2.125 |   2.125 |      0 |
 |        294 |     789929 |   -148.547 |   -190.245 |   11.132 |    1.338 |  0.37 |   2.667 |   2.667 |      0 |
 |        295 |     792625 |   -148.547 |   -185.745 |    9.150 |    1.328 |  0.33 |   2.859 |   2.859 |      0 |
 |        296 |     795321 |   -148.547 |   -186.785 |    9.486 |    1.318 |  0.35 |   3.943 |   3.943 |      0 |
 |        297 |     798017 |   -148.547 |   -192.885 |    8.934 |    1.308 |  0.34 |   3.193 |   3.193 |      0 |
 |        298 |     800713 |   -148.547 |   -181.108 |    7.430 |    1.298 |  0.34 |   3.235 |   3.235 |      0 |
 |        299 |     803409 |   -148.547 |   -177.892 |    6.660 |    1.288 |  0.33 |   3.446 |   3.446 |      0 |
 |        300 |     806105 |   -148.547 |   -190.168 |    7.039 |    1.278 |  0.34 |   3.296 |   3.296 |      0 |
 |        301 |     808801 |   -148.547 |   -182.960 |    7.344 |    1.268 |  0.33 |   3.184 |   3.184 |      0 |
 |        302 |     811497 |   -148.547 |   -184.406 |    8.025 |    1.258 |  0.34 |   1.053 |   1.053 |      0 |
 |        303 |     814193 |   -148.547 |   -184.735 |    8.672 |    1.248 |  0.34 |   2.897 |   2.897 |      0 |
 |        304 |     816889 |   -148.547 |   -182.572 |   10.361 |    1.238 |  0.31 |   2.384 |   2.384 |      0 |
 |        305 |     819585 |   -148.547 |   -185.004 |   13.769 |    1.228 |  0.31 |   3.366 |   3.366 |      0 |
 |        306 |     822281 |   -148.547 |   -174.177 |    6.682 |    1.218 |  0.32 |   2.062 |   2.062 |      0 |
 |        307 |     824977 |   -148.547 |   -179.407 |   10.325 |    1.208 |  0.33 |   1.521 |   1.521 |      0 |
 |        308 |     827673 |   -148.547 |   -179.653 |    6.091 |    1.198 |  0.32 |   3.536 |   3.536 |      0 |
 |        309 |     830369 |   -148.547 |   -181.931 |    5.598 |    1.188 |  0.32 |   2.551 |   2.551 |      0 |
 |        310 |     833065 |   -148.547 |   -179.918 |    8.920 |    1.178 |  0.34 |   2.907 |   2.907 |      0 |
 |        311 |     835761 |   -148.547 |   -176.900 |    6.347 |    1.168 |  0.31 |   3.029 |   3.029 |      0 |
 |        312 |     838457 |   -148.547 |   -181.804 |    7.115 |    1.158 |  0.32 |   3.738 |   3.738 |      0 |
 |        313 |     841153 |   -148.547 |   -181.354 |    7.200 |    1.148 |  0.32 |   1.437 |   1.437 |      0 |
 |        314 |     843849 |   -148.547 |   -182.302 |    7.640 |    1.138 |  0.33 |   2.267 |   2.267 |      0 |
 |        315 |     846545 |   -148.547 |   -181.227 |    6.641 |    1.128 |  0.33 |   0.770 |   0.770 |      0 |
 |        316 |     849241 |   -148.547 |   -176.732 |    7.827 |    1.118 |  0.31 |   1.118 |   1.118 |      0 |
 |        317 |     851937 |   -148.547 |   -180.290 |    6.554 |    1.108 |  0.31 |   3.943 |   3.943 |      0 |
 |        318 |     854633 |   -148.547 |   -180.647 |    6.819 |    1.098 |  0.32 |   3.276 |   3.276 |      0 |
 |        319 |     857329 |   -148.547 |   -178.032 |    6.957 |    1.088 |  0.29 |   2.130 |   2.130 |      0 |
 |        320 |     860025 |   -148.547 |   -172.395 |    5.639 |    1.078 |  0.30 |   1.155 |   1.155 |      0 |
 |        321 |     862721 |   -148.547 |   -171.030 |    8.046 |    1.068 |  0.30 |   0.681 |   0.681 |      0 |
 |        322 |     865417 |   -148.547 |   -174.304 |    9.659 |    1.058 |  0.29 |   3.190 |   3.190 |      0 |
 |        323 |     868113 |   -148.547 |   -177.162 |    5.928 |    1.048 |  0.31 |   3.694 |   3.694 |      0 |
 |        324 |     870809 |   -148.547 |   -177.354 |    7.395 |    1.038 |  0.28 |   0.751 |   0.751 |      0 |
 |        325 |     873505 |   -148.547 |   -173.967 |    6.225 |    1.028 |  0.27 |   2.256 |   2.256 |      0 |
 |        326 |     876201 |   -148.547 |   -173.423 |    5.850 |    1.018 |  0.30 |   3.836 |   3.836 |      0 |
 |        327 |     878897 |   -148.547 |   -172.542 |    5.523 |    1.008 |  0.29 |   1.145 |   1.145 |      0 |
 |        328 |     881593 |   -148.547 |   -176.667 |    7.577 |    0.998 |  0.30 |   2.381 |   2.381 |      0 |
 |        329 |     884289 |   -148.547 |   -170.339 |    5.550 |    0.988 |  0.28 |   1.749 |   1.749 |      0 |
 |        330 |     886985 |   -148.547 |   -176.591 |    5.839 |    0.978 |  0.31 |   3.355 |   3.355 |      0 |
 |        331 |     889681 |   -148.547 |   -174.007 |    6.678 |    0.968 |  0.28 |   1.075 |   1.075 |      0 |
 |        332 |     892377 |   -148.547 |   -176.358 |    7.164 |    0.958 |  0.32 |   3.560 |   3.560 |      0 |
 |        333 |     895073 |   -148.547 |   -172.983 |    4.713 |    0.948 |  0.29 |   2.317 |   2.317 |      0 |
 |        334 |     897769 |   -148.547 |   -175.190 |    5.956 |    0.938 |  0.29 |   2.683 |   2.683 |      0 |
 |        335 |     900465 |   -148.547 |   -172.158 |    5.966 |    0.928 |  0.28 |   3.926 |   3.926 |      0 |
 |        336 |     903161 |   -148.547 |   -167.724 |    6.601 |    0.918 |  0.27 |   3.962 |   3.962 |      0 |
 |        337 |     905857 |   -148.547 |   -168.744 |    6.455 |    0.908 |  0.28 |   3.475 |   3.475 |      0 |
 |        338 |     908553 |   -148.547 |   -171.474 |    7.691 |    0.898 |  0.27 |   3.223 |   3.223 |      0 |
 |        339 |     911249 |   -148.547 |   -174.666 |    4.908 |    0.888 |  0.28 |   1.940 |   1.940 |      0 |
 |        340 |     913945 |   -148.547 |   -166.289 |    5.288 |    0.878 |  0.27 |   3.981 |   3.981 |      0 |
 |        341 |     916641 |   -148.547 |   -166.567 |    6.383 |    0.868 |  0.26 |   2.157 |   2.157 |      0 |
 |        342 |     919337 |   -148.547 |   -170.928 |    5.178 |    0.858 |  0.25 |   2.017 |   2.017 |      0 |
 |        343 |     922033 |   -148.547 |   -175.846 |    3.897 |    0.848 |  0.26 |   3.532 |   3.532 |      0 |
 |        344 |     924729 |   -148.547 |   -171.537 |    4.653 |    0.838 |  0.26 |   2.655 |   2.655 |      0 |
 |        345 |     927425 |   -148.547 |   -172.583 |    7.570 |    0.828 |  0.26 |   3.648 |   3.648 |      0 |
 |        346 |     930121 |   -148.547 |   -169.832 |    6.505 |    0.818 |  0.26 |   2.115 |   2.115 |      0 |
 |        347 |     932817 |   -148.547 |   -168.113 |    7.187 |    0.808 |  0.26 |   1.942 |   1.942 |      0 |
 |        348 |     935513 |   -148.547 |   -167.332 |    5.852 |    0.798 |  0.26 |   3.426 |   3.426 |      0 |
 |        349 |     938209 |   -148.547 |   -167.575 |    4.135 |    0.788 |  0.24 |   2.737 |   2.737 |      0 |
 |        350 |     940905 |   -148.547 |   -166.325 |    5.265 |    0.778 |  0.25 |   2.567 |   2.567 |      0 |
 |        351 |     943601 |   -148.547 |   -166.983 |    4.495 |    0.768 |  0.26 |   1.261 |   1.261 |      0 |
 |        352 |     946297 |   -148.547 |   -161.097 |    3.555 |    0.758 |  0.22 |   2.777 |   2.777 |      0 |
 |        353 |     948993 |   -148.547 |   -165.648 |    4.934 |    0.748 |  0.24 |   3.192 |   3.192 |      0 |
 |        354 |     951689 |   -148.547 |   -170.258 |    4.811 |    0.738 |  0.26 |   0.864 |   0.864 |      0 |
 |        355 |     954385 |   -148.547 |   -164.027 |    3.814 |    0.728 |  0.23 |   1.779 |   1.779 |      0 |
 |        356 |     957081 |   -148.547 |   -167.709 |    4.487 |    0.718 |  0.24 |   3.515 |   3.515 |      0 |
 |        357 |     959777 |   -148.547 |   -169.016 |    4.940 |    0.708 |  0.24 |   2.594 |   2.594 |      0 |
 |        358 |     962473 |   -148.547 |   -162.075 |    3.961 |    0.698 |  0.23 |   3.324 |   3.324 |      0 |
 |        359 |     965169 |   -148.547 |   -168.042 |    6.869 |    0.688 |  0.25 |   1.043 |   1.043 |      0 |
 |        360 |     967865 |   -148.547 |   -165.005 |    4.073 |    0.678 |  0.25 |   1.843 |   1.843 |      0 |
 |        361 |     970561 |   -148.547 |   -162.531 |    4.085 |    0.668 |  0.22 |   1.727 |   1.727 |      0 |
 |        362 |     973257 |   -148.547 |   -160.642 |    5.422 |    0.658 |  0.20 |   1.608 |   1.608 |      0 |
 |        363 |     975953 |   -148.547 |   -165.539 |    5.282 |    0.648 |  0.24 |   1.964 |   1.964 |      0 |
 |        364 |     978649 |   -148.547 |   -165.806 |    5.916 |    0.638 |  0.22 |   1.493 |   1.493 |      0 |
 |        365 |     981345 |   -148.547 |   -163.353 |    4.248 |    0.628 |  0.25 |   1.005 |   1.005 |      0 |
 |        366 |     984041 |   -148.547 |   -161.016 |    4.474 |    0.618 |  0.22 |   1.845 |   1.845 |      0 |
 |        367 |     986737 |   -148.547 |   -159.001 |    3.699 |    0.608 |  0.22 |   1.522 |   1.522 |      0 |
 |        368 |     989433 |   -148.547 |   -159.016 |    3.369 |    0.598 |  0.22 |   2.159 |   2.159 |      0 |
 |        369 |     992129 |   -148.547 |   -161.934 |    4.264 |    0.588 |  0.22 |   3.818 |   3.818 |      0 |
 |        370 |     994825 |   -148.547 |   -159.297 |    2.793 |    0.578 |  0.20 |   1.218 |   1.218 |      0 |
 |        371 |     997521 |   -148.547 |   -157.542 |    3.095 |    0.568 |  0.21 |   1.827 |   1.827 |      0 |
 |        372 |    1000217 |   -148.547 |   -160.757 |    3.339 |    0.558 |  0.23 |   2.338 |   2.338 |      0 |
 |        373 |    1002913 |   -148.547 |   -156.859 |    3.503 |    0.548 |  0.20 |   0.995 |   0.995 |      0 |
 |        374 |    1005609 |   -148.547 |   -160.900 |    4.927 |    0.538 |  0.23 |   0.784 |   0.784 |      0 |
 |        375 |    1008305 |   -148.547 |   -158.442 |    3.936 |    0.528 |  0.19 |   1.340 |   1.340 |      0 |
 |        376 |    1011001 |   -148.547 |   -156.573 |    2.888 |    0.518 |  0.20 |   3.048 |   3.048 |      0 |
 |        377 |    1013697 |   -148.547 |   -159.935 |    3.181 |    0.508 |  0.20 |   1.328 |   1.328 |      0 |
 |        378 |    1016393 |   -148.547 |   -155.639 |    2.578 |    0.498 |  0.20 |   2.328 |   2.328 |      0 |
 |        379 |    1019089 |   -148.547 |   -154.554 |    2.530 |    0.488 |  0.20 |   2.452 |   2.452 |      0 |
 |        380 |    1021785 |   -148.547 |   -155.048 |    2.735 |    0.478 |  0.18 |   0.962 |   0.962 |      0 |
 |        381 |    1024481 |   -148.547 |   -156.057 |    2.210 |    0.468 |  0.19 |   2.879 |   2.879 |      0 |
 |        382 |    1027177 |   -148.547 |   -157.377 |    3.626 |    0.458 |  0.20 |   2.200 |   2.200 |      0 |
 |        383 |    1029873 |   -148.547 |   -156.793 |    4.723 |    0.448 |  0.20 |   3.799 |   3.799 |      0 |
 |        384 |    1032569 |   -148.547 |   -160.632 |    3.693 |    0.438 |  0.20 |   1.768 |   1.768 |      0 |
 |        385 |    1035265 |   -148.547 |   -156.566 |    2.382 |    0.428 |  0.19 |   2.387 |   2.387 |      0 |
 |        386 |    1037961 |   -148.547 |   -158.269 |    3.623 |    0.418 |  0.19 |   1.296 |   1.296 |      0 |
 |        387 |    1040657 |   -148.547 |   -156.328 |    1.877 |    0.408 |  0.17 |   2.182 |   2.182 |      0 |
 |        388 |    1043353 |   -148.547 |   -156.466 |    3.564 |    0.398 |  0.18 |   2.146 |   2.146 |      0 |
 |        389 |    1046049 |   -148.547 |   -155.384 |    2.574 |    0.388 |  0.19 |   1.865 |   1.865 |      0 |
 |        390 |    1048745 |   -148.547 |   -153.364 |    2.420 |    0.378 |  0.17 |   3.815 |   3.815 |      0 |
 |        391 |    1051441 |   -148.547 |   -155.701 |    2.959 |    0.368 |  0.18 |   3.559 |   3.559 |      0 |
 |        392 |    1054137 |   -148.547 |   -156.333 |    3.688 |    0.358 |  0.19 |   3.271 |   3.271 |      0 |
 |        393 |    1056833 |   -148.547 |   -152.867 |    1.523 |    0.348 |  0.17 |   1.684 |   1.684 |      0 |
 |        394 |    1059529 |   -148.547 |   -153.942 |    1.695 |    0.338 |  0.18 |   1.947 |   1.947 |      0 |
 |        395 |    1062225 |   -148.547 |   -154.949 |    2.340 |    0.328 |  0.16 |   3.817 |   3.817 |      0 |
 |        396 |    1064921 |   -148.547 |   -153.414 |    1.507 |    0.318 |  0.16 |   3.696 |   3.696 |      0 |
 |        397 |    1067617 |   -148.547 |   -152.738 |    2.145 |    0.308 |  0.16 |   1.870 |   1.870 |      0 |
 |        398 |    1070313 |   -148.547 |   -152.014 |    1.376 |    0.298 |  0.16 |   2.424 |   2.424 |      0 |
 |        399 |    1073009 |   -148.547 |   -152.431 |    1.989 |    0.288 |  0.18 |   2.362 |   2.362 |      0 |
 |        400 |    1075705 |   -148.547 |   -151.975 |    1.928 |    0.278 |  0.14 |   2.073 |   2.073 |      0 |
 |        401 |    1078401 |   -148.547 |   -153.094 |    1.079 |    0.268 |  0.15 |   1.927 |   1.927 |      0 |
 |        402 |    1081097 |   -148.547 |   -151.973 |    1.509 |    0.258 |  0.15 |   3.219 |   3.219 |      0 |
 |        403 |    1083793 |   -148.547 |   -151.654 |    1.888 |    0.248 |  0.14 |   1.488 |   1.488 |      0 |
 |        404 |    1086489 |   -148.547 |   -152.035 |    1.742 |    0.238 |  0.14 |   2.190 |   2.190 |      0 |
 |        405 |    1089185 |   -148.547 |   -153.111 |    2.075 |    0.228 |  0.15 |   3.892 |   3.892 |      0 |
 |        406 |    1091881 |   -148.547 |   -150.114 |    0.992 |    0.218 |  0.14 |   3.264 |   3.264 |      0 |
 |        407 |    1094577 |   -148.547 |   -150.964 |    1.099 |    0.208 |  0.13 |   3.285 |   3.285 |      0 |
 |        408 |    1097273 |   -148.547 |   -150.479 |    1.183 |    0.198 |  0.13 |   3.470 |   3.470 |      0 |
 |        409 |    1099969 |   -148.547 |   -150.763 |    0.925 |    0.188 |  0.14 |   2.786 |   2.786 |      0 |
 |        410 |    1102665 |   -148.547 |   -151.009 |    0.782 |    0.178 |  0.12 |   1.415 |   1.415 |      0 |
 |        411 |    1105361 |   -148.547 |   -150.296 |    0.933 |    0.168 |  0.12 |   3.874 |   3.874 |      0 |
 |        412 |    1108057 |   -148.547 |   -149.828 |    0.784 |    0.158 |  0.11 |   2.440 |   2.440 |      0 |
 |        413 |    1110753 |   -148.547 |   -149.932 |    0.557 |    0.148 |  0.12 |   2.895 |   2.895 |      0 |
 |        414 |    1113449 |   -148.547 |   -149.831 |    0.945 |    0.138 |  0.11 |   3.602 |   3.602 |      0 |
 |        415 |    1116145 |   -148.547 |   -150.627 |    1.009 |    0.128 |  0.12 |   1.050 |   1.050 |      0 |
 |        416 |    1118841 |   -148.547 |   -149.956 |    0.765 |    0.118 |  0.11 |   1.159 |   1.159 |      0 |
 |        417 |    1121537 |   -148.547 |   -149.815 |    0.614 |    0.108 |  0.10 |   2.894 |   2.894 |      0 |
 |        418 |    1124233 |   -148.547 |   -149.549 |    0.372 |    0.098 |  0.11 |   2.488 |   2.488 |      0 |
 |        419 |    1126929 |   -148.547 |   -149.461 |    0.743 |    0.088 |  0.11 |   3.587 |   3.587 |      0 |
 |        420 |    1129625 |   -148.547 |   -149.138 |    0.266 |    0.078 |  0.10 |   3.585 |   3.585 |      0 |
 |        421 |    1132321 |   -148.547 |   -149.108 |    0.254 |    0.068 |  0.11 |   1.684 |   1.684 |      0 |
 |        422 |    1135017 |   -148.547 |   -149.224 |    0.183 |    0.058 |  0.10 |   2.067 |   2.067 |      0 |
 |        423 |    1137713 |   -148.547 |   -148.878 |    0.270 |    0.048 |  0.08 |   3.662 |   3.662 |      0 |
 |        424 |    1140409 |   -148.547 |   -148.872 |    0.203 |    0.038 |  0.08 |   3.822 |   3.822 |      0 |
 |        425 |    1143105 |   -148.547 |   -148.821 |    0.240 |    0.028 |  0.08 |   2.651 |   2.651 |      0 |
 |        426 |    1145801 |   -148.547 |   -148.591 |    0.107 |    0.018 |  0.07 |   3.623 |   3.623 |      0 |
 |        427 |    1148497 |   -148.547 |   -148.552 |    0.014 |    0.008 |  0.06 |   3.515 |   3.515 |      0 |
 |        428 |    1151193 |   -148.547 |   -148.551 |    0.009 |    0.000 |  0.00 |   3.515 |   3.515 |      0 |
 +------------+------------+------------+------------+----------+----------+-------+---------+---------+--------+

Time Chain 0: 1.000000
Time Chain 1: 2.000000
